[0.049s] Invoking command in '/home/steags/Documents/Jussieu/M2/MAOA/PDI_Project/ROS2_workspace/build/cvrp': CMAKE_PREFIX_PATH=${CMAKE_PREFIX_PATH}:/home/steags/ros2_eloquent/install/ros2bag:/home/steags/ros2_eloquent/install/tracetools_launch:/home/steags/ros2_eloquent/install/topic_monitor:/home/steags/ros2_eloquent/install/examples_tf2_py:/home/steags/ros2_eloquent/install/sros2:/home/steags/ros2_eloquent/install/rqt_topic:/home/steags/ros2_eloquent/install/rqt_reconfigure:/home/steags/ros2_eloquent/install/rqt_action:/home/steags/ros2_eloquent/install/rqt:/home/steags/ros2_eloquent/install/rqt_graph:/home/steags/ros2_eloquent/install/rqt_gui_py:/home/steags/ros2_eloquent/install/rqt_gui:/home/steags/ros2_eloquent/install/ros2trace:/home/steags/ros2_eloquent/install/ros2topic:/home/steags/ros2_eloquent/install/ros2test:/home/steags/ros2_eloquent/install/ros2srv:/home/steags/ros2_eloquent/install/ros2component:/home/steags/ros2_eloquent/install/ros2param:/home/steags/ros2_eloquent/install/ros2lifecycle:/home/steags/ros2_eloquent/install/ros2service:/home/steags/ros2_eloquent/install/ros2run:/home/steags/ros2_eloquent/install/ros2launch:/home/steags/ros2_eloquent/install/ros2pkg:/home/steags/ros2_eloquent/install/ros2node:/home/steags/ros2_eloquent/install/ros2multicast:/home/steags/ros2_eloquent/install/ros2msg:/home/steags/ros2_eloquent/install/ros2interface:/home/steags/ros2_eloquent/install/ros2doctor:/home/steags/ros2_eloquent/install/ros2action:/home/steags/ros2_eloquent/install/ros2cli:/home/steags/ros2_eloquent/install/quality_of_service_demo_py:/home/steags/ros2_eloquent/install/launch_testing_ros:/home/steags/ros2_eloquent/install/launch_ros:/home/steags/ros2_eloquent/install/examples_rclpy_minimal_subscriber:/home/steags/ros2_eloquent/install/examples_rclpy_minimal_service:/home/steags/ros2_eloquent/install/examples_rclpy_minimal_publisher:/home/steags/ros2_eloquent/install/examples_rclpy_minimal_client:/home/steags/ros2_eloquent/install/examples_rclpy_minimal_action_server:/home/steags/ros2_eloquent/install/examples_rclpy_minimal_action_client:/home/steags/ros2_eloquent/install/examples_rclpy_executors:/home/steags/ros2_eloquent/install/demo_nodes_py:/home/steags/ros2_eloquent/install/action_tutorials_py:/home/steags/ros2_eloquent/install/ament_uncrustify:/home/steags/ros2_eloquent/install/tracetools_trace:/home/steags/ros2_eloquent/install/tracetools_read:/home/steags/ros2_eloquent/install/test_launch_ros:/home/steags/ros2_eloquent/install/rosidl_runtime_py:/home/steags/ros2_eloquent/install/launch_yaml:/home/steags/ros2_eloquent/install/launch_xml:/home/steags/ros2_eloquent/install/launch_testing:/home/steags/ros2_eloquent/install/launch:/home/steags/ros2_eloquent/install/osrf_pycommon:/home/steags/ros2_eloquent/install/domain_coordinator:/home/steags/ros2_eloquent/install/ament_xmllint:/home/steags/ros2_eloquent/install/ament_pyflakes:/home/steags/ros2_eloquent/install/ament_pep8:/home/steags/ros2_eloquent/install/ament_pep257:/home/steags/ros2_eloquent/install/ament_pclint:/home/steags/ros2_eloquent/install/ament_package:/home/steags/ros2_eloquent/install/ament_mypy:/home/steags/ros2_eloquent/install/ament_lint_cmake:/home/steags/ros2_eloquent/install/ament_flake8:/home/steags/ros2_eloquent/install/ament_copyright:/home/steags/ros2_eloquent/install/ament_lint:/home/steags/ros2_eloquent/install/ament_index_python:/home/steags/ros2_eloquent/install/ament_cpplint:/home/steags/ros2_eloquent/install/ament_cppcheck:/home/steags/ros2_eloquent/install/ament_clang_tidy:/home/steags/ros2_eloquent/install/ament_clang_format CONDA_PROMPT_MODIFIER=(base) /usr/local/bin/cmake --build /home/steags/Documents/Jussieu/M2/MAOA/PDI_Project/ROS2_workspace/build/cvrp -- -j8 -l8
[0.103s] [35m[1mScanning dependencies of target cvrp[0m
[0.303s] [ 10%] [32mBuilding CXX object CMakeFiles/cvrp.dir/src/genetic_algorithm.cpp.o[0m
[0.304s] [ 20%] [32mBuilding CXX object CMakeFiles/cvrp.dir/src/main.cpp.o[0m
[0.305s] [ 30%] [32mBuilding CXX object CMakeFiles/cvrp.dir/src/greedy.cpp.o[0m
[0.306s] [ 40%] [32mBuilding CXX object CMakeFiles/cvrp.dir/src/local_search_inter_intra.cpp.o[0m
[0.306s] [ 50%] [32mBuilding CXX object CMakeFiles/cvrp.dir/src/simulated_annealing.cpp.o[0m
[0.306s] [ 60%] [32mBuilding CXX object CMakeFiles/cvrp.dir/src/local_search_intra.cpp.o[0m
[0.307s] [ 70%] [32mBuilding CXX object CMakeFiles/cvrp.dir/src/tabu_search.cpp.o[0m
[0.308s] [ 80%] [32mBuilding CXX object CMakeFiles/cvrp.dir/src/utils.cpp.o[0m
[2.274s] [01m[K/home/steags/Documents/Jussieu/M2/MAOA/PDI_Project/ROS2_workspace/src/cvrp/src/utils.cpp:[m[K In function â€˜[01m[Kstd::vector<Vehicle> run_instance(PRP, std::__cxx11::string)[m[Kâ€™:
[2.274s] [01m[K/home/steags/Documents/Jussieu/M2/MAOA/PDI_Project/ROS2_workspace/src/cvrp/src/utils.cpp:244:15:[m[K [01;31m[Kerror: [m[Kswitch quantity not an integer
[2.274s]    switch (type[01;31m[K)[m[K {
[2.274s]                [01;31m[K^[m[K
[2.274s] [01m[K/home/steags/Documents/Jussieu/M2/MAOA/PDI_Project/ROS2_workspace/src/cvrp/src/utils.cpp:245:10:[m[K [01;31m[Kerror: [m[Kcould not convert â€˜[01m[K"greedy"[m[Kâ€™ from â€˜[01m[Kconst char [7][m[Kâ€™ to â€˜[01m[K<type error>[m[Kâ€™
[2.275s]      case [01;31m[K"greedy"[m[K:
[2.275s]           [01;31m[K^~~~~~~~[m[K
[2.275s] [01m[K/home/steags/Documents/Jussieu/M2/MAOA/PDI_Project/ROS2_workspace/src/cvrp/src/utils.cpp:247:7:[m[K [01;31m[Kerror: [m[Kâ€˜[01m[KGreedySolution[m[Kâ€™ was not declared in this scope
[2.275s]        [01;31m[KGreedySolution[m[K vrp(p);
[2.275s]        [01;31m[K^~~~~~~~~~~~~~[m[K
[2.279s] [01m[K/home/steags/Documents/Jussieu/M2/MAOA/PDI_Project/ROS2_workspace/src/cvrp/src/utils.cpp:247:7:[m[K [01;36m[Knote: [m[Ksuggested alternative: â€˜[01m[K_ZTI8Solution[m[Kâ€™
[2.279s]        [01;36m[KGreedySolution[m[K vrp(p);
[2.279s]        [01;36m[K^~~~~~~~~~~~~~[m[K
[2.279s]        [32m[K_ZTI8Solution[m[K
[2.279s] [01m[K/home/steags/Documents/Jussieu/M2/MAOA/PDI_Project/ROS2_workspace/src/cvrp/src/utils.cpp:248:7:[m[K [01;31m[Kerror: [m[Kâ€˜[01m[Kvrp[m[Kâ€™ was not declared in this scope
[2.280s]        [01;31m[Kvrp[m[K.Solve();
[2.280s]        [01;31m[K^~~[m[K
[2.280s] [01m[K/home/steags/Documents/Jussieu/M2/MAOA/PDI_Project/ROS2_workspace/src/cvrp/src/utils.cpp:248:7:[m[K [01;36m[Knote: [m[Ksuggested alternative: â€˜[01m[Kprp[m[Kâ€™
[2.280s]        [01;36m[Kvrp[m[K.Solve();
[2.280s]        [01;36m[K^~~[m[K
[2.281s]        [32m[Kprp[m[K
[2.281s] [01m[K/home/steags/Documents/Jussieu/M2/MAOA/PDI_Project/ROS2_workspace/src/cvrp/src/utils.cpp:251:10:[m[K [01;31m[Kerror: [m[Kcould not convert â€˜[01m[K"Local Search"[m[Kâ€™ from â€˜[01m[Kconst char [13][m[Kâ€™ to â€˜[01m[K<type error>[m[Kâ€™
[2.281s]      case [01;31m[K"Local Search"[m[K:
[2.281s]           [01;31m[K^~~~~~~~~~~~~~[m[K
[2.281s] [01m[K/home/steags/Documents/Jussieu/M2/MAOA/PDI_Project/ROS2_workspace/src/cvrp/src/utils.cpp:253:7:[m[K [01;31m[Kerror: [m[Kâ€˜[01m[KLocalSearchIntraSolution[m[Kâ€™ was not declared in this scope
[2.281s]        [01;31m[KLocalSearchIntraSolution[m[K vrp(p);
[2.282s]        [01;31m[K^~~~~~~~~~~~~~~~~~~~~~~~[m[K
[2.291s] [01m[K/home/steags/Documents/Jussieu/M2/MAOA/PDI_Project/ROS2_workspace/src/cvrp/src/utils.cpp:257:10:[m[K [01;31m[Kerror: [m[Kcould not convert â€˜[01m[K"Local Search AV"[m[Kâ€™ from â€˜[01m[Kconst char [16][m[Kâ€™ to â€˜[01m[K<type error>[m[Kâ€™
[2.291s]      case [01;31m[K"Local Search AV"[m[K:
[2.292s]           [01;31m[K^~~~~~~~~~~~~~~~~[m[K
[2.292s] [01m[K/home/steags/Documents/Jussieu/M2/MAOA/PDI_Project/ROS2_workspace/src/cvrp/src/utils.cpp:259:7:[m[K [01;31m[Kerror: [m[Kâ€˜[01m[KLocalSearchInterIntraSolution[m[Kâ€™ was not declared in this scope
[2.292s]        [01;31m[KLocalSearchInterIntraSolution[m[K vrp(p);
[2.292s]        [01;31m[K^~~~~~~~~~~~~~~~~~~~~~~~~~~~~[m[K
[2.302s] [01m[K/home/steags/Documents/Jussieu/M2/MAOA/PDI_Project/ROS2_workspace/src/cvrp/src/utils.cpp:263:10:[m[K [01;31m[Kerror: [m[Kcould not convert â€˜[01m[K"Tabu"[m[Kâ€™ from â€˜[01m[Kconst char [5][m[Kâ€™ to â€˜[01m[K<type error>[m[Kâ€™
[2.303s]      case [01;31m[K"Tabu"[m[K:
[2.303s]           [01;31m[K^~~~~~[m[K
[2.303s] [01m[K/home/steags/Documents/Jussieu/M2/MAOA/PDI_Project/ROS2_workspace/src/cvrp/src/utils.cpp:265:7:[m[K [01;31m[Kerror: [m[Kâ€˜[01m[KTabuSearchSolution[m[Kâ€™ was not declared in this scope
[2.303s]        [01;31m[KTabuSearchSolution[m[K vrp(p, 10);
[2.304s]        [01;31m[K^~~~~~~~~~~~~~~~~~[m[K
[2.311s] [01m[K/home/steags/Documents/Jussieu/M2/MAOA/PDI_Project/ROS2_workspace/src/cvrp/src/utils.cpp:269:10:[m[K [01;31m[Kerror: [m[Kcould not convert â€˜[01m[K"Annealing"[m[Kâ€™ from â€˜[01m[Kconst char [10][m[Kâ€™ to â€˜[01m[K<type error>[m[Kâ€™
[2.312s]      case [01;31m[K"Annealing"[m[K:
[2.312s]           [01;31m[K^~~~~~~~~~~[m[K
[2.312s] [01m[K/home/steags/Documents/Jussieu/M2/MAOA/PDI_Project/ROS2_workspace/src/cvrp/src/utils.cpp:271:7:[m[K [01;31m[Kerror: [m[Kâ€˜[01m[KSimulatedAnnealingSolution[m[Kâ€™ was not declared in this scope
[2.312s]        [01;31m[KSimulatedAnnealingSolution[m[K vrp(p, 5000000, 5000, 0.9999);
[2.312s]        [01;31m[K^~~~~~~~~~~~~~~~~~~~~~~~~~[m[K
[3.471s] CMakeFiles/cvrp.dir/build.make:166: recipe for target 'CMakeFiles/cvrp.dir/src/utils.cpp.o' failed
[3.471s] make[2]: *** [CMakeFiles/cvrp.dir/src/utils.cpp.o] Error 1
[3.471s] make[2]: *** Waiting for unfinished jobs....
[4.648s] CMakeFiles/Makefile2:131: recipe for target 'CMakeFiles/cvrp.dir/all' failed
[4.648s] make[1]: *** [CMakeFiles/cvrp.dir/all] Error 2
[4.648s] make: *** [all] Error 2
[4.648s] Makefile:140: recipe for target 'all' failed
[4.649s] Invoked command in '/home/steags/Documents/Jussieu/M2/MAOA/PDI_Project/ROS2_workspace/build/cvrp' returned '2': CMAKE_PREFIX_PATH=${CMAKE_PREFIX_PATH}:/home/steags/ros2_eloquent/install/ros2bag:/home/steags/ros2_eloquent/install/tracetools_launch:/home/steags/ros2_eloquent/install/topic_monitor:/home/steags/ros2_eloquent/install/examples_tf2_py:/home/steags/ros2_eloquent/install/sros2:/home/steags/ros2_eloquent/install/rqt_topic:/home/steags/ros2_eloquent/install/rqt_reconfigure:/home/steags/ros2_eloquent/install/rqt_action:/home/steags/ros2_eloquent/install/rqt:/home/steags/ros2_eloquent/install/rqt_graph:/home/steags/ros2_eloquent/install/rqt_gui_py:/home/steags/ros2_eloquent/install/rqt_gui:/home/steags/ros2_eloquent/install/ros2trace:/home/steags/ros2_eloquent/install/ros2topic:/home/steags/ros2_eloquent/install/ros2test:/home/steags/ros2_eloquent/install/ros2srv:/home/steags/ros2_eloquent/install/ros2component:/home/steags/ros2_eloquent/install/ros2param:/home/steags/ros2_eloquent/install/ros2lifecycle:/home/steags/ros2_eloquent/install/ros2service:/home/steags/ros2_eloquent/install/ros2run:/home/steags/ros2_eloquent/install/ros2launch:/home/steags/ros2_eloquent/install/ros2pkg:/home/steags/ros2_eloquent/install/ros2node:/home/steags/ros2_eloquent/install/ros2multicast:/home/steags/ros2_eloquent/install/ros2msg:/home/steags/ros2_eloquent/install/ros2interface:/home/steags/ros2_eloquent/install/ros2doctor:/home/steags/ros2_eloquent/install/ros2action:/home/steags/ros2_eloquent/install/ros2cli:/home/steags/ros2_eloquent/install/quality_of_service_demo_py:/home/steags/ros2_eloquent/install/launch_testing_ros:/home/steags/ros2_eloquent/install/launch_ros:/home/steags/ros2_eloquent/install/examples_rclpy_minimal_subscriber:/home/steags/ros2_eloquent/install/examples_rclpy_minimal_service:/home/steags/ros2_eloquent/install/examples_rclpy_minimal_publisher:/home/steags/ros2_eloquent/install/examples_rclpy_minimal_client:/home/steags/ros2_eloquent/install/examples_rclpy_minimal_action_server:/home/steags/ros2_eloquent/install/examples_rclpy_minimal_action_client:/home/steags/ros2_eloquent/install/examples_rclpy_executors:/home/steags/ros2_eloquent/install/demo_nodes_py:/home/steags/ros2_eloquent/install/action_tutorials_py:/home/steags/ros2_eloquent/install/ament_uncrustify:/home/steags/ros2_eloquent/install/tracetools_trace:/home/steags/ros2_eloquent/install/tracetools_read:/home/steags/ros2_eloquent/install/test_launch_ros:/home/steags/ros2_eloquent/install/rosidl_runtime_py:/home/steags/ros2_eloquent/install/launch_yaml:/home/steags/ros2_eloquent/install/launch_xml:/home/steags/ros2_eloquent/install/launch_testing:/home/steags/ros2_eloquent/install/launch:/home/steags/ros2_eloquent/install/osrf_pycommon:/home/steags/ros2_eloquent/install/domain_coordinator:/home/steags/ros2_eloquent/install/ament_xmllint:/home/steags/ros2_eloquent/install/ament_pyflakes:/home/steags/ros2_eloquent/install/ament_pep8:/home/steags/ros2_eloquent/install/ament_pep257:/home/steags/ros2_eloquent/install/ament_pclint:/home/steags/ros2_eloquent/install/ament_package:/home/steags/ros2_eloquent/install/ament_mypy:/home/steags/ros2_eloquent/install/ament_lint_cmake:/home/steags/ros2_eloquent/install/ament_flake8:/home/steags/ros2_eloquent/install/ament_copyright:/home/steags/ros2_eloquent/install/ament_lint:/home/steags/ros2_eloquent/install/ament_index_python:/home/steags/ros2_eloquent/install/ament_cpplint:/home/steags/ros2_eloquent/install/ament_cppcheck:/home/steags/ros2_eloquent/install/ament_clang_tidy:/home/steags/ros2_eloquent/install/ament_clang_format CONDA_PROMPT_MODIFIER=(base) /usr/local/bin/cmake --build /home/steags/Documents/Jussieu/M2/MAOA/PDI_Project/ROS2_workspace/build/cvrp -- -j8 -l8
