[0.047s] Invoking command in '/home/steags/Documents/Jussieu/M2/MAOA/PDI_Project/ROS2_workspace/build/cvrp': CMAKE_PREFIX_PATH=${CMAKE_PREFIX_PATH}:/home/steags/ros2_eloquent/install/ros2bag:/home/steags/ros2_eloquent/install/tracetools_launch:/home/steags/ros2_eloquent/install/topic_monitor:/home/steags/ros2_eloquent/install/examples_tf2_py:/home/steags/ros2_eloquent/install/sros2:/home/steags/ros2_eloquent/install/rqt_topic:/home/steags/ros2_eloquent/install/rqt_reconfigure:/home/steags/ros2_eloquent/install/rqt_action:/home/steags/ros2_eloquent/install/rqt:/home/steags/ros2_eloquent/install/rqt_graph:/home/steags/ros2_eloquent/install/rqt_gui_py:/home/steags/ros2_eloquent/install/rqt_gui:/home/steags/ros2_eloquent/install/ros2trace:/home/steags/ros2_eloquent/install/ros2topic:/home/steags/ros2_eloquent/install/ros2test:/home/steags/ros2_eloquent/install/ros2srv:/home/steags/ros2_eloquent/install/ros2component:/home/steags/ros2_eloquent/install/ros2param:/home/steags/ros2_eloquent/install/ros2lifecycle:/home/steags/ros2_eloquent/install/ros2service:/home/steags/ros2_eloquent/install/ros2run:/home/steags/ros2_eloquent/install/ros2launch:/home/steags/ros2_eloquent/install/ros2pkg:/home/steags/ros2_eloquent/install/ros2node:/home/steags/ros2_eloquent/install/ros2multicast:/home/steags/ros2_eloquent/install/ros2msg:/home/steags/ros2_eloquent/install/ros2interface:/home/steags/ros2_eloquent/install/ros2doctor:/home/steags/ros2_eloquent/install/ros2action:/home/steags/ros2_eloquent/install/ros2cli:/home/steags/ros2_eloquent/install/quality_of_service_demo_py:/home/steags/ros2_eloquent/install/launch_testing_ros:/home/steags/ros2_eloquent/install/launch_ros:/home/steags/ros2_eloquent/install/examples_rclpy_minimal_subscriber:/home/steags/ros2_eloquent/install/examples_rclpy_minimal_service:/home/steags/ros2_eloquent/install/examples_rclpy_minimal_publisher:/home/steags/ros2_eloquent/install/examples_rclpy_minimal_client:/home/steags/ros2_eloquent/install/examples_rclpy_minimal_action_server:/home/steags/ros2_eloquent/install/examples_rclpy_minimal_action_client:/home/steags/ros2_eloquent/install/examples_rclpy_executors:/home/steags/ros2_eloquent/install/demo_nodes_py:/home/steags/ros2_eloquent/install/action_tutorials_py:/home/steags/ros2_eloquent/install/ament_uncrustify:/home/steags/ros2_eloquent/install/tracetools_trace:/home/steags/ros2_eloquent/install/tracetools_read:/home/steags/ros2_eloquent/install/test_launch_ros:/home/steags/ros2_eloquent/install/rosidl_runtime_py:/home/steags/ros2_eloquent/install/launch_yaml:/home/steags/ros2_eloquent/install/launch_xml:/home/steags/ros2_eloquent/install/launch_testing:/home/steags/ros2_eloquent/install/launch:/home/steags/ros2_eloquent/install/osrf_pycommon:/home/steags/ros2_eloquent/install/domain_coordinator:/home/steags/ros2_eloquent/install/ament_xmllint:/home/steags/ros2_eloquent/install/ament_pyflakes:/home/steags/ros2_eloquent/install/ament_pep8:/home/steags/ros2_eloquent/install/ament_pep257:/home/steags/ros2_eloquent/install/ament_pclint:/home/steags/ros2_eloquent/install/ament_package:/home/steags/ros2_eloquent/install/ament_mypy:/home/steags/ros2_eloquent/install/ament_lint_cmake:/home/steags/ros2_eloquent/install/ament_flake8:/home/steags/ros2_eloquent/install/ament_copyright:/home/steags/ros2_eloquent/install/ament_lint:/home/steags/ros2_eloquent/install/ament_index_python:/home/steags/ros2_eloquent/install/ament_cpplint:/home/steags/ros2_eloquent/install/ament_cppcheck:/home/steags/ros2_eloquent/install/ament_clang_tidy:/home/steags/ros2_eloquent/install/ament_clang_format CONDA_PROMPT_MODIFIER=(base) /usr/local/bin/cmake --build /home/steags/Documents/Jussieu/M2/MAOA/PDI_Project/ROS2_workspace/build/cvrp -- -j8 -l8
[0.095s] [35m[1mScanning dependencies of target cvrp[0m
[0.176s] [ 10%] [32mBuilding CXX object CMakeFiles/cvrp.dir/src/genetic_algorithm.cpp.o[0m
[0.177s] [ 20%] [32mBuilding CXX object CMakeFiles/cvrp.dir/src/greedy.cpp.o[0m
[0.177s] [ 40%] [32mBuilding CXX object CMakeFiles/cvrp.dir/src/local_search_inter_intra.cpp.o[0m
[0.178s] [ 40%] [32mBuilding CXX object CMakeFiles/cvrp.dir/src/main.cpp.o[0m
[0.179s] [ 50%] [32mBuilding CXX object CMakeFiles/cvrp.dir/src/local_search_intra.cpp.o[0m
[0.180s] [ 60%] [32mBuilding CXX object CMakeFiles/cvrp.dir/src/simulated_annealing.cpp.o[0m
[0.181s] [ 70%] [32mBuilding CXX object CMakeFiles/cvrp.dir/src/utils.cpp.o[0m
[0.183s] [ 80%] [32mBuilding CXX object CMakeFiles/cvrp.dir/src/tabu_search.cpp.o[0m
[2.179s] In file included from [01m[K/home/steags/Documents/Jussieu/M2/MAOA/PDI_Project/ROS2_workspace/src/cvrp/src/utils.cpp:7:0[m[K:
[2.179s] [01m[K/home/steags/Documents/Jussieu/M2/MAOA/PDI_Project/ROS2_workspace/src/cvrp/inc/utils.hpp:231:44:[m[K [01;31m[Kerror: [m[Kâ€˜[01m[KString[m[Kâ€™ has not been declared
[2.179s]  std::vector<Vehicle> run_instance(PRP prp, [01;31m[KString[m[K type);
[2.179s]                                             [01;31m[K^~~~~~[m[K
[2.226s] [01m[K/home/steags/Documents/Jussieu/M2/MAOA/PDI_Project/ROS2_workspace/src/cvrp/src/utils.cpp:[m[K In function â€˜[01m[Kstd::vector<Vehicle> run_instance(PRP, std::__cxx11::string&)[m[Kâ€™:
[2.226s] [01m[K/home/steags/Documents/Jussieu/M2/MAOA/PDI_Project/ROS2_workspace/src/cvrp/src/utils.cpp:245:18:[m[K [01;31m[Kerror: [m[Kâ€˜[01m[Kargc[m[Kâ€™ was not declared in this scope
[2.226s]      rclcpp::init([01;31m[Kargc[m[K, argv);
[2.227s]                   [01;31m[K^~~~[m[K
[2.227s] In file included from [01m[K/home/steags/Documents/Jussieu/M2/MAOA/PDI_Project/ROS2_workspace/src/cvrp/inc/genetic_algorithm.hpp:10:0[m[K,
[2.227s]                  from [01m[K/home/steags/Documents/Jussieu/M2/MAOA/PDI_Project/ROS2_workspace/src/cvrp/inc/main.hpp:7[m[K,
[2.227s]                  from [01m[K/home/steags/Documents/Jussieu/M2/MAOA/PDI_Project/ROS2_workspace/src/cvrp/src/main.cpp:7[m[K:
[2.227s] [01m[K/home/steags/Documents/Jussieu/M2/MAOA/PDI_Project/ROS2_workspace/src/cvrp/inc/utils.hpp:231:44:[m[K [01;31m[Kerror: [m[Kâ€˜[01m[KString[m[Kâ€™ has not been declared
[2.227s]  std::vector<Vehicle> run_instance(PRP prp, [01;31m[KString[m[K type);
[2.227s]                                             [01;31m[K^~~~~~[m[K
[2.229s] [01m[K/home/steags/Documents/Jussieu/M2/MAOA/PDI_Project/ROS2_workspace/src/cvrp/src/utils.cpp:245:18:[m[K [01;36m[Knote: [m[Ksuggested alternative: â€˜[01m[Kerfc[m[Kâ€™
[2.229s]      rclcpp::init([01;36m[Kargc[m[K, argv);
[2.230s]                   [01;36m[K^~~~[m[K
[2.230s]                   [32m[Kerfc[m[K
[2.230s] [01m[K/home/steags/Documents/Jussieu/M2/MAOA/PDI_Project/ROS2_workspace/src/cvrp/src/utils.cpp:245:24:[m[K [01;31m[Kerror: [m[Kâ€˜[01m[Kargv[m[Kâ€™ was not declared in this scope
[2.231s]      rclcpp::init(argc, [01;31m[Kargv[m[K);
[2.231s]                         [01;31m[K^~~~[m[K
[2.244s] In file included from [01m[K/home/steags/Documents/Jussieu/M2/MAOA/PDI_Project/ROS2_workspace/src/cvrp/inc/tabu_search.hpp:10:0[m[K,
[2.244s]                  from [01m[K/home/steags/Documents/Jussieu/M2/MAOA/PDI_Project/ROS2_workspace/src/cvrp/src/tabu_search.cpp:7[m[K:
[2.244s] [01m[K/home/steags/Documents/Jussieu/M2/MAOA/PDI_Project/ROS2_workspace/src/cvrp/inc/utils.hpp:231:44:[m[K [01;31m[Kerror: [m[Kâ€˜[01m[KString[m[Kâ€™ has not been declared
[2.244s]  std::vector<Vehicle> run_instance(PRP prp, [01;31m[KString[m[K type);
[2.244s]                                             [01;31m[K^~~~~~[m[K
[2.246s] [01m[K/home/steags/Documents/Jussieu/M2/MAOA/PDI_Project/ROS2_workspace/src/cvrp/src/utils.cpp:251:15:[m[K [01;31m[Kerror: [m[Kswitch quantity not an integer
[2.247s]    switch (type[01;31m[K)[m[K {
[2.247s]                [01;31m[K^[m[K
[2.247s] [01m[K/home/steags/Documents/Jussieu/M2/MAOA/PDI_Project/ROS2_workspace/src/cvrp/src/utils.cpp:252:10:[m[K [01;31m[Kerror: [m[Kcould not convert â€˜[01m[K"greedy"[m[Kâ€™ from â€˜[01m[Kconst char [7][m[Kâ€™ to â€˜[01m[K<type error>[m[Kâ€™
[2.248s]      case [01;31m[K"greedy"[m[K:
[2.248s]           [01;31m[K^~~~~~~~[m[K
[2.249s] [01m[K/home/steags/Documents/Jussieu/M2/MAOA/PDI_Project/ROS2_workspace/src/cvrp/src/utils.cpp:254:7:[m[K [01;31m[Kerror: [m[Kâ€˜[01m[KGreedySolution[m[Kâ€™ was not declared in this scope
[2.249s]        [01;31m[KGreedySolution[m[K vrp(p);
[2.249s]        [01;31m[K^~~~~~~~~~~~~~[m[K
[2.254s] [01m[K/home/steags/Documents/Jussieu/M2/MAOA/PDI_Project/ROS2_workspace/src/cvrp/src/utils.cpp:254:7:[m[K [01;36m[Knote: [m[Ksuggested alternative: â€˜[01m[K_ZTI8Solution[m[Kâ€™
[2.254s]        [01;36m[KGreedySolution[m[K vrp(p);
[2.255s]        [01;36m[K^~~~~~~~~~~~~~[m[K
[2.255s]        [32m[K_ZTI8Solution[m[K
[2.255s] [01m[K/home/steags/Documents/Jussieu/M2/MAOA/PDI_Project/ROS2_workspace/src/cvrp/src/utils.cpp:255:7:[m[K [01;31m[Kerror: [m[Kâ€˜[01m[Kvrp[m[Kâ€™ was not declared in this scope
[2.256s]        [01;31m[Kvrp[m[K.Solve();
[2.256s]        [01;31m[K^~~[m[K
[2.257s] [01m[K/home/steags/Documents/Jussieu/M2/MAOA/PDI_Project/ROS2_workspace/src/cvrp/src/utils.cpp:255:7:[m[K [01;36m[Knote: [m[Ksuggested alternative: â€˜[01m[Kprp[m[Kâ€™
[2.258s]        [01;36m[Kvrp[m[K.Solve();
[2.258s]        [01;36m[K^~~[m[K
[2.258s]        [32m[Kprp[m[K
[2.259s] [01m[K/home/steags/Documents/Jussieu/M2/MAOA/PDI_Project/ROS2_workspace/src/cvrp/src/utils.cpp:258:10:[m[K [01;31m[Kerror: [m[Kcould not convert â€˜[01m[K"Local Search"[m[Kâ€™ from â€˜[01m[Kconst char [13][m[Kâ€™ to â€˜[01m[K<type error>[m[Kâ€™
[2.259s]      case [01;31m[K"Local Search"[m[K:
[2.259s]           [01;31m[K^~~~~~~~~~~~~~[m[K
[2.261s] [01m[K/home/steags/Documents/Jussieu/M2/MAOA/PDI_Project/ROS2_workspace/src/cvrp/src/utils.cpp:260:7:[m[K [01;31m[Kerror: [m[Kâ€˜[01m[KLocalSearchIntraSolution[m[Kâ€™ was not declared in this scope
[2.261s]        [01;31m[KLocalSearchIntraSolution[m[K vrp(p);
[2.261s]        [01;31m[K^~~~~~~~~~~~~~~~~~~~~~~~[m[K
[2.265s] In file included from [01m[K/home/steags/Documents/Jussieu/M2/MAOA/PDI_Project/ROS2_workspace/src/cvrp/inc/local_search_inter_intra.hpp:10:0[m[K,
[2.265s]                  from [01m[K/home/steags/Documents/Jussieu/M2/MAOA/PDI_Project/ROS2_workspace/src/cvrp/src/local_search_inter_intra.cpp:7[m[K:
[2.266s] [01m[K/home/steags/Documents/Jussieu/M2/MAOA/PDI_Project/ROS2_workspace/src/cvrp/inc/utils.hpp:231:44:[m[K [01;31m[Kerror: [m[Kâ€˜[01m[KString[m[Kâ€™ has not been declared
[2.266s]  std::vector<Vehicle> run_instance(PRP prp, [01;31m[KString[m[K type);
[2.266s]                                             [01;31m[K^~~~~~[m[K
[2.273s] [01m[K/home/steags/Documents/Jussieu/M2/MAOA/PDI_Project/ROS2_workspace/src/cvrp/src/utils.cpp:264:10:[m[K [01;31m[Kerror: [m[Kcould not convert â€˜[01m[K"Local Search AV"[m[Kâ€™ from â€˜[01m[Kconst char [16][m[Kâ€™ to â€˜[01m[K<type error>[m[Kâ€™
[2.273s]      case [01;31m[K"Local Search AV"[m[K:
[2.274s]           [01;31m[K^~~~~~~~~~~~~~~~~[m[K
[2.275s] [01m[K/home/steags/Documents/Jussieu/M2/MAOA/PDI_Project/ROS2_workspace/src/cvrp/src/utils.cpp:266:7:[m[K [01;31m[Kerror: [m[Kâ€˜[01m[KLocalSearchInterIntraSolution[m[Kâ€™ was not declared in this scope
[2.275s]        [01;31m[KLocalSearchInterIntraSolution[m[K vrp(p);
[2.275s]        [01;31m[K^~~~~~~~~~~~~~~~~~~~~~~~~~~~~[m[K
[2.286s] [01m[K/home/steags/Documents/Jussieu/M2/MAOA/PDI_Project/ROS2_workspace/src/cvrp/src/utils.cpp:270:10:[m[K [01;31m[Kerror: [m[Kcould not convert â€˜[01m[K"Tabu"[m[Kâ€™ from â€˜[01m[Kconst char [5][m[Kâ€™ to â€˜[01m[K<type error>[m[Kâ€™
[2.286s]      case [01;31m[K"Tabu"[m[K:
[2.287s]           [01;31m[K^~~~~~[m[K
[2.288s] [01m[K/home/steags/Documents/Jussieu/M2/MAOA/PDI_Project/ROS2_workspace/src/cvrp/src/utils.cpp:272:7:[m[K [01;31m[Kerror: [m[Kâ€˜[01m[KTabuSearchSolution[m[Kâ€™ was not declared in this scope
[2.288s]        [01;31m[KTabuSearchSolution[m[K vrp(p, 10);
[2.289s]        [01;31m[K^~~~~~~~~~~~~~~~~~[m[K
[2.298s] [01m[K/home/steags/Documents/Jussieu/M2/MAOA/PDI_Project/ROS2_workspace/src/cvrp/src/utils.cpp:276:10:[m[K [01;31m[Kerror: [m[Kcould not convert â€˜[01m[K"Annealing"[m[Kâ€™ from â€˜[01m[Kconst char [10][m[Kâ€™ to â€˜[01m[K<type error>[m[Kâ€™
[2.298s]      case [01;31m[K"Annealing"[m[K:
[2.299s]           [01;31m[K^~~~~~~~~~~[m[K
[2.299s] [01m[K/home/steags/Documents/Jussieu/M2/MAOA/PDI_Project/ROS2_workspace/src/cvrp/src/main.cpp:[m[K In function â€˜[01m[Kint main(int, char**)[m[Kâ€™:
[2.299s] [01m[K/home/steags/Documents/Jussieu/M2/MAOA/PDI_Project/ROS2_workspace/src/cvrp/src/main.cpp:25:28:[m[K [01;31m[Kerror: [m[Kinvalid conversion from â€˜[01m[Kconst char*[m[Kâ€™ to â€˜[01m[Kint[m[Kâ€™ [[01;31m[K-fpermissive[m[K]
[2.299s]    run_instance(prp,"greedy"[01;31m[K)[m[K;
[2.300s]                             [01;31m[K^[m[K
[2.300s] In file included from [01m[K/home/steags/Documents/Jussieu/M2/MAOA/PDI_Project/ROS2_workspace/src/cvrp/inc/genetic_algorithm.hpp:10:0[m[K,
[2.300s]                  from [01m[K/home/steags/Documents/Jussieu/M2/MAOA/PDI_Project/ROS2_workspace/src/cvrp/inc/main.hpp:7[m[K,
[2.300s]                  from [01m[K/home/steags/Documents/Jussieu/M2/MAOA/PDI_Project/ROS2_workspace/src/cvrp/src/main.cpp:7[m[K:
[2.300s] [01m[K/home/steags/Documents/Jussieu/M2/MAOA/PDI_Project/ROS2_workspace/src/cvrp/inc/utils.hpp:231:22:[m[K [01;36m[Knote: [m[K  initializing argument 2 of â€˜[01m[Kstd::vector<Vehicle> run_instance(PRP, int)[m[Kâ€™
[2.300s]  std::vector<Vehicle> [01;36m[Krun_instance[m[K(PRP prp, String type);
[2.301s]                       [01;36m[K^~~~~~~~~~~~[m[K
[2.301s] [01m[K/home/steags/Documents/Jussieu/M2/MAOA/PDI_Project/ROS2_workspace/src/cvrp/src/utils.cpp:278:7:[m[K [01;31m[Kerror: [m[Kâ€˜[01m[KSimulatedAnnealingSolution[m[Kâ€™ was not declared in this scope
[2.302s]        [01;31m[KSimulatedAnnealingSolution[m[K vrp(p, 5000000, 5000, 0.9999);
[2.302s]        [01;31m[K^~~~~~~~~~~~~~~~~~~~~~~~~~[m[K
[2.313s] [01m[K/home/steags/Documents/Jussieu/M2/MAOA/PDI_Project/ROS2_workspace/src/cvrp/src/utils.cpp:287:12:[m[K [01;31m[Kerror: [m[Kâ€˜[01m[Kvrp[m[Kâ€™ was not declared in this scope
[2.314s]      return [01;31m[Kvrp[m[K.vehicles_;
[2.314s]             [01;31m[K^~~[m[K
[2.314s] In file included from [01m[K/home/steags/Documents/Jussieu/M2/MAOA/PDI_Project/ROS2_workspace/src/cvrp/inc/genetic_algorithm.hpp:10:0[m[K,
[2.314s]                  from [01m[K/home/steags/Documents/Jussieu/M2/MAOA/PDI_Project/ROS2_workspace/src/cvrp/src/genetic_algorithm.cpp:7[m[K:
[2.314s] [01m[K/home/steags/Documents/Jussieu/M2/MAOA/PDI_Project/ROS2_workspace/src/cvrp/inc/utils.hpp:231:44:[m[K [01;31m[Kerror: [m[Kâ€˜[01m[KString[m[Kâ€™ has not been declared
[2.315s]  std::vector<Vehicle> run_instance(PRP prp, [01;31m[KString[m[K type);
[2.315s]                                             [01;31m[K^~~~~~[m[K
[2.316s] [01m[K/home/steags/Documents/Jussieu/M2/MAOA/PDI_Project/ROS2_workspace/src/cvrp/src/utils.cpp:287:12:[m[K [01;36m[Knote: [m[Ksuggested alternative: â€˜[01m[Kprp[m[Kâ€™
[2.317s]      return [01;36m[Kvrp[m[K.vehicles_;
[2.317s]             [01;36m[K^~~[m[K
[2.317s]             [32m[Kprp[m[K
[2.337s] In file included from [01m[K/home/steags/Documents/Jussieu/M2/MAOA/PDI_Project/ROS2_workspace/src/cvrp/inc/greedy.hpp:10:0[m[K,
[2.337s]                  from [01m[K/home/steags/Documents/Jussieu/M2/MAOA/PDI_Project/ROS2_workspace/src/cvrp/src/greedy.cpp:7[m[K:
[2.338s] [01m[K/home/steags/Documents/Jussieu/M2/MAOA/PDI_Project/ROS2_workspace/src/cvrp/inc/utils.hpp:231:44:[m[K [01;31m[Kerror: [m[Kâ€˜[01m[KString[m[Kâ€™ has not been declared
[2.338s]  std::vector<Vehicle> run_instance(PRP prp, [01;31m[KString[m[K type);
[2.338s]                                             [01;31m[K^~~~~~[m[K
[2.341s] In file included from [01m[K/home/steags/Documents/Jussieu/M2/MAOA/PDI_Project/ROS2_workspace/src/cvrp/inc/simulated_annealing.hpp:10:0[m[K,
[2.341s]                  from [01m[K/home/steags/Documents/Jussieu/M2/MAOA/PDI_Project/ROS2_workspace/src/cvrp/src/simulated_annealing.cpp:7[m[K:
[2.341s] [01m[K/home/steags/Documents/Jussieu/M2/MAOA/PDI_Project/ROS2_workspace/src/cvrp/inc/utils.hpp:231:44:[m[K [01;31m[Kerror: [m[Kâ€˜[01m[KString[m[Kâ€™ has not been declared
[2.341s]  std::vector<Vehicle> run_instance(PRP prp, [01;31m[KString[m[K type);
[2.341s]                                             [01;31m[K^~~~~~[m[K
[2.347s] In file included from [01m[K/home/steags/Documents/Jussieu/M2/MAOA/PDI_Project/ROS2_workspace/src/cvrp/inc/local_search_intra.hpp:10:0[m[K,
[2.347s]                  from [01m[K/home/steags/Documents/Jussieu/M2/MAOA/PDI_Project/ROS2_workspace/src/cvrp/src/local_search_intra.cpp:7[m[K:
[2.348s] [01m[K/home/steags/Documents/Jussieu/M2/MAOA/PDI_Project/ROS2_workspace/src/cvrp/inc/utils.hpp:231:44:[m[K [01;31m[Kerror: [m[Kâ€˜[01m[KString[m[Kâ€™ has not been declared
[2.348s]  std::vector<Vehicle> run_instance(PRP prp, [01;31m[KString[m[K type);
[2.348s]                                             [01;31m[K^~~~~~[m[K
[2.599s] CMakeFiles/cvrp.dir/build.make:114: recipe for target 'CMakeFiles/cvrp.dir/src/local_search_inter_intra.cpp.o' failed
[2.600s] make[2]: *** [CMakeFiles/cvrp.dir/src/local_search_inter_intra.cpp.o] Error 1
[2.600s] make[2]: *** Waiting for unfinished jobs....
[2.609s] make[2]: *** [CMakeFiles/cvrp.dir/src/main.cpp.o] Error 1
[2.610s] CMakeFiles/cvrp.dir/build.make:62: recipe for target 'CMakeFiles/cvrp.dir/src/main.cpp.o' failed
[2.641s] CMakeFiles/cvrp.dir/build.make:101: recipe for target 'CMakeFiles/cvrp.dir/src/greedy.cpp.o' failed
[2.641s] make[2]: *** [CMakeFiles/cvrp.dir/src/greedy.cpp.o] Error 1
[2.652s] make[2]: *** [CMakeFiles/cvrp.dir/src/local_search_intra.cpp.o] Error 1
[2.652s] CMakeFiles/cvrp.dir/build.make:127: recipe for target 'CMakeFiles/cvrp.dir/src/local_search_intra.cpp.o' failed
[2.707s] make[2]: *** [CMakeFiles/cvrp.dir/src/simulated_annealing.cpp.o] Error 1
[2.707s] CMakeFiles/cvrp.dir/build.make:140: recipe for target 'CMakeFiles/cvrp.dir/src/simulated_annealing.cpp.o' failed
[2.712s] CMakeFiles/cvrp.dir/build.make:153: recipe for target 'CMakeFiles/cvrp.dir/src/tabu_search.cpp.o' failed
[2.712s] make[2]: *** [CMakeFiles/cvrp.dir/src/tabu_search.cpp.o] Error 1
[2.975s] CMakeFiles/cvrp.dir/build.make:88: recipe for target 'CMakeFiles/cvrp.dir/src/genetic_algorithm.cpp.o' failed
[2.975s] make[2]: *** [CMakeFiles/cvrp.dir/src/genetic_algorithm.cpp.o] Error 1
[3.179s] make[2]: *** [CMakeFiles/cvrp.dir/src/utils.cpp.o] Error 1
[3.179s] CMakeFiles/cvrp.dir/build.make:166: recipe for target 'CMakeFiles/cvrp.dir/src/utils.cpp.o' failed
[3.180s] CMakeFiles/Makefile2:131: recipe for target 'CMakeFiles/cvrp.dir/all' failed
[3.180s] make[1]: *** [CMakeFiles/cvrp.dir/all] Error 2
[3.180s] Makefile:140: recipe for target 'all' failed
[3.180s] make: *** [all] Error 2
[3.181s] Invoked command in '/home/steags/Documents/Jussieu/M2/MAOA/PDI_Project/ROS2_workspace/build/cvrp' returned '2': CMAKE_PREFIX_PATH=${CMAKE_PREFIX_PATH}:/home/steags/ros2_eloquent/install/ros2bag:/home/steags/ros2_eloquent/install/tracetools_launch:/home/steags/ros2_eloquent/install/topic_monitor:/home/steags/ros2_eloquent/install/examples_tf2_py:/home/steags/ros2_eloquent/install/sros2:/home/steags/ros2_eloquent/install/rqt_topic:/home/steags/ros2_eloquent/install/rqt_reconfigure:/home/steags/ros2_eloquent/install/rqt_action:/home/steags/ros2_eloquent/install/rqt:/home/steags/ros2_eloquent/install/rqt_graph:/home/steags/ros2_eloquent/install/rqt_gui_py:/home/steags/ros2_eloquent/install/rqt_gui:/home/steags/ros2_eloquent/install/ros2trace:/home/steags/ros2_eloquent/install/ros2topic:/home/steags/ros2_eloquent/install/ros2test:/home/steags/ros2_eloquent/install/ros2srv:/home/steags/ros2_eloquent/install/ros2component:/home/steags/ros2_eloquent/install/ros2param:/home/steags/ros2_eloquent/install/ros2lifecycle:/home/steags/ros2_eloquent/install/ros2service:/home/steags/ros2_eloquent/install/ros2run:/home/steags/ros2_eloquent/install/ros2launch:/home/steags/ros2_eloquent/install/ros2pkg:/home/steags/ros2_eloquent/install/ros2node:/home/steags/ros2_eloquent/install/ros2multicast:/home/steags/ros2_eloquent/install/ros2msg:/home/steags/ros2_eloquent/install/ros2interface:/home/steags/ros2_eloquent/install/ros2doctor:/home/steags/ros2_eloquent/install/ros2action:/home/steags/ros2_eloquent/install/ros2cli:/home/steags/ros2_eloquent/install/quality_of_service_demo_py:/home/steags/ros2_eloquent/install/launch_testing_ros:/home/steags/ros2_eloquent/install/launch_ros:/home/steags/ros2_eloquent/install/examples_rclpy_minimal_subscriber:/home/steags/ros2_eloquent/install/examples_rclpy_minimal_service:/home/steags/ros2_eloquent/install/examples_rclpy_minimal_publisher:/home/steags/ros2_eloquent/install/examples_rclpy_minimal_client:/home/steags/ros2_eloquent/install/examples_rclpy_minimal_action_server:/home/steags/ros2_eloquent/install/examples_rclpy_minimal_action_client:/home/steags/ros2_eloquent/install/examples_rclpy_executors:/home/steags/ros2_eloquent/install/demo_nodes_py:/home/steags/ros2_eloquent/install/action_tutorials_py:/home/steags/ros2_eloquent/install/ament_uncrustify:/home/steags/ros2_eloquent/install/tracetools_trace:/home/steags/ros2_eloquent/install/tracetools_read:/home/steags/ros2_eloquent/install/test_launch_ros:/home/steags/ros2_eloquent/install/rosidl_runtime_py:/home/steags/ros2_eloquent/install/launch_yaml:/home/steags/ros2_eloquent/install/launch_xml:/home/steags/ros2_eloquent/install/launch_testing:/home/steags/ros2_eloquent/install/launch:/home/steags/ros2_eloquent/install/osrf_pycommon:/home/steags/ros2_eloquent/install/domain_coordinator:/home/steags/ros2_eloquent/install/ament_xmllint:/home/steags/ros2_eloquent/install/ament_pyflakes:/home/steags/ros2_eloquent/install/ament_pep8:/home/steags/ros2_eloquent/install/ament_pep257:/home/steags/ros2_eloquent/install/ament_pclint:/home/steags/ros2_eloquent/install/ament_package:/home/steags/ros2_eloquent/install/ament_mypy:/home/steags/ros2_eloquent/install/ament_lint_cmake:/home/steags/ros2_eloquent/install/ament_flake8:/home/steags/ros2_eloquent/install/ament_copyright:/home/steags/ros2_eloquent/install/ament_lint:/home/steags/ros2_eloquent/install/ament_index_python:/home/steags/ros2_eloquent/install/ament_cpplint:/home/steags/ros2_eloquent/install/ament_cppcheck:/home/steags/ros2_eloquent/install/ament_clang_tidy:/home/steags/ros2_eloquent/install/ament_clang_format CONDA_PROMPT_MODIFIER=(base) /usr/local/bin/cmake --build /home/steags/Documents/Jussieu/M2/MAOA/PDI_Project/ROS2_workspace/build/cvrp -- -j8 -l8
