[0.046s] Invoking command in '/home/steags/Documents/Jussieu/M2/MAOA/PDI_Project/ROS2_workspace/build/cvrp': CMAKE_PREFIX_PATH=${CMAKE_PREFIX_PATH}:/home/steags/ros2_eloquent/install/ros2bag:/home/steags/ros2_eloquent/install/tracetools_launch:/home/steags/ros2_eloquent/install/topic_monitor:/home/steags/ros2_eloquent/install/examples_tf2_py:/home/steags/ros2_eloquent/install/sros2:/home/steags/ros2_eloquent/install/rqt_topic:/home/steags/ros2_eloquent/install/rqt_reconfigure:/home/steags/ros2_eloquent/install/rqt_action:/home/steags/ros2_eloquent/install/rqt:/home/steags/ros2_eloquent/install/rqt_graph:/home/steags/ros2_eloquent/install/rqt_gui_py:/home/steags/ros2_eloquent/install/rqt_gui:/home/steags/ros2_eloquent/install/ros2trace:/home/steags/ros2_eloquent/install/ros2topic:/home/steags/ros2_eloquent/install/ros2test:/home/steags/ros2_eloquent/install/ros2srv:/home/steags/ros2_eloquent/install/ros2component:/home/steags/ros2_eloquent/install/ros2param:/home/steags/ros2_eloquent/install/ros2lifecycle:/home/steags/ros2_eloquent/install/ros2service:/home/steags/ros2_eloquent/install/ros2run:/home/steags/ros2_eloquent/install/ros2launch:/home/steags/ros2_eloquent/install/ros2pkg:/home/steags/ros2_eloquent/install/ros2node:/home/steags/ros2_eloquent/install/ros2multicast:/home/steags/ros2_eloquent/install/ros2msg:/home/steags/ros2_eloquent/install/ros2interface:/home/steags/ros2_eloquent/install/ros2doctor:/home/steags/ros2_eloquent/install/ros2action:/home/steags/ros2_eloquent/install/ros2cli:/home/steags/ros2_eloquent/install/quality_of_service_demo_py:/home/steags/ros2_eloquent/install/launch_testing_ros:/home/steags/ros2_eloquent/install/launch_ros:/home/steags/ros2_eloquent/install/examples_rclpy_minimal_subscriber:/home/steags/ros2_eloquent/install/examples_rclpy_minimal_service:/home/steags/ros2_eloquent/install/examples_rclpy_minimal_publisher:/home/steags/ros2_eloquent/install/examples_rclpy_minimal_client:/home/steags/ros2_eloquent/install/examples_rclpy_minimal_action_server:/home/steags/ros2_eloquent/install/examples_rclpy_minimal_action_client:/home/steags/ros2_eloquent/install/examples_rclpy_executors:/home/steags/ros2_eloquent/install/demo_nodes_py:/home/steags/ros2_eloquent/install/action_tutorials_py:/home/steags/ros2_eloquent/install/ament_uncrustify:/home/steags/ros2_eloquent/install/tracetools_trace:/home/steags/ros2_eloquent/install/tracetools_read:/home/steags/ros2_eloquent/install/test_launch_ros:/home/steags/ros2_eloquent/install/rosidl_runtime_py:/home/steags/ros2_eloquent/install/launch_yaml:/home/steags/ros2_eloquent/install/launch_xml:/home/steags/ros2_eloquent/install/launch_testing:/home/steags/ros2_eloquent/install/launch:/home/steags/ros2_eloquent/install/osrf_pycommon:/home/steags/ros2_eloquent/install/domain_coordinator:/home/steags/ros2_eloquent/install/ament_xmllint:/home/steags/ros2_eloquent/install/ament_pyflakes:/home/steags/ros2_eloquent/install/ament_pep8:/home/steags/ros2_eloquent/install/ament_pep257:/home/steags/ros2_eloquent/install/ament_pclint:/home/steags/ros2_eloquent/install/ament_package:/home/steags/ros2_eloquent/install/ament_mypy:/home/steags/ros2_eloquent/install/ament_lint_cmake:/home/steags/ros2_eloquent/install/ament_flake8:/home/steags/ros2_eloquent/install/ament_copyright:/home/steags/ros2_eloquent/install/ament_lint:/home/steags/ros2_eloquent/install/ament_index_python:/home/steags/ros2_eloquent/install/ament_cpplint:/home/steags/ros2_eloquent/install/ament_cppcheck:/home/steags/ros2_eloquent/install/ament_clang_tidy:/home/steags/ros2_eloquent/install/ament_clang_format CONDA_PROMPT_MODIFIER=(base) /usr/local/bin/cmake --build /home/steags/Documents/Jussieu/M2/MAOA/PDI_Project/ROS2_workspace/build/cvrp -- -j8 -l8
[0.099s] [35m[1mScanning dependencies of target cvrp[0m
[0.180s] [ 10%] [32mBuilding CXX object CMakeFiles/cvrp.dir/src/utils.cpp.o[0m
[1.272s] [01m[K/home/steags/Documents/Jussieu/M2/MAOA/PDI_Project/ROS2_workspace/src/cvrp/src/utils.cpp:[m[K In function â€˜[01m[Kstd::vector<Vehicle> run_instance(PRP, std::__cxx11::string)[m[Kâ€™:
[1.272s] [01m[K/home/steags/Documents/Jussieu/M2/MAOA/PDI_Project/ROS2_workspace/src/cvrp/src/utils.cpp:246:7:[m[K [01;31m[Kerror: [m[Kâ€˜[01m[KGreedySolution[m[Kâ€™ was not declared in this scope
[1.272s]        [01;31m[KGreedySolution[m[K vrp(p);
[1.272s]        [01;31m[K^~~~~~~~~~~~~~[m[K
[1.274s] [01m[K/home/steags/Documents/Jussieu/M2/MAOA/PDI_Project/ROS2_workspace/src/cvrp/src/utils.cpp:246:7:[m[K [01;36m[Knote: [m[Ksuggested alternative: â€˜[01m[K_ZTI8Solution[m[Kâ€™
[1.274s]        [01;36m[KGreedySolution[m[K vrp(p);
[1.274s]        [01;36m[K^~~~~~~~~~~~~~[m[K
[1.275s]        [32m[K_ZTI8Solution[m[K
[1.275s] [01m[K/home/steags/Documents/Jussieu/M2/MAOA/PDI_Project/ROS2_workspace/src/cvrp/src/utils.cpp:247:7:[m[K [01;31m[Kerror: [m[Kâ€˜[01m[Kvrp[m[Kâ€™ was not declared in this scope
[1.275s]        [01;31m[Kvrp[m[K.Solve();
[1.275s]        [01;31m[K^~~[m[K
[1.275s] [01m[K/home/steags/Documents/Jussieu/M2/MAOA/PDI_Project/ROS2_workspace/src/cvrp/src/utils.cpp:247:7:[m[K [01;36m[Knote: [m[Ksuggested alternative: â€˜[01m[Kprp[m[Kâ€™
[1.275s]        [01;36m[Kvrp[m[K.Solve();
[1.275s]        [01;36m[K^~~[m[K
[1.275s]        [32m[Kprp[m[K
[1.275s] [01m[K/home/steags/Documents/Jussieu/M2/MAOA/PDI_Project/ROS2_workspace/src/cvrp/src/utils.cpp:252:7:[m[K [01;31m[Kerror: [m[Kâ€˜[01m[KLocalSearchIntraSolution[m[Kâ€™ was not declared in this scope
[1.275s]        [01;31m[KLocalSearchIntraSolution[m[K vrp(p);
[1.275s]        [01;31m[K^~~~~~~~~~~~~~~~~~~~~~~~[m[K
[1.281s] [01m[K/home/steags/Documents/Jussieu/M2/MAOA/PDI_Project/ROS2_workspace/src/cvrp/src/utils.cpp:253:7:[m[K [01;31m[Kerror: [m[Kâ€˜[01m[Kvrp[m[Kâ€™ was not declared in this scope
[1.281s]        [01;31m[Kvrp[m[K.Solve();
[1.281s]        [01;31m[K^~~[m[K
[1.281s] [01m[K/home/steags/Documents/Jussieu/M2/MAOA/PDI_Project/ROS2_workspace/src/cvrp/src/utils.cpp:253:7:[m[K [01;36m[Knote: [m[Ksuggested alternative: â€˜[01m[Kprp[m[Kâ€™
[1.281s]        [01;36m[Kvrp[m[K.Solve();
[1.281s]        [01;36m[K^~~[m[K
[1.282s]        [32m[Kprp[m[K
[1.282s] [01m[K/home/steags/Documents/Jussieu/M2/MAOA/PDI_Project/ROS2_workspace/src/cvrp/src/utils.cpp:258:7:[m[K [01;31m[Kerror: [m[Kâ€˜[01m[KLocalSearchInterIntraSolution[m[Kâ€™ was not declared in this scope
[1.282s]        [01;31m[KLocalSearchInterIntraSolution[m[K vrp(p);
[1.282s]        [01;31m[K^~~~~~~~~~~~~~~~~~~~~~~~~~~~~[m[K
[1.288s] [01m[K/home/steags/Documents/Jussieu/M2/MAOA/PDI_Project/ROS2_workspace/src/cvrp/src/utils.cpp:259:7:[m[K [01;31m[Kerror: [m[Kâ€˜[01m[Kvrp[m[Kâ€™ was not declared in this scope
[1.288s]        [01;31m[Kvrp[m[K.Solve();
[1.288s]        [01;31m[K^~~[m[K
[1.288s] [01m[K/home/steags/Documents/Jussieu/M2/MAOA/PDI_Project/ROS2_workspace/src/cvrp/src/utils.cpp:259:7:[m[K [01;36m[Knote: [m[Ksuggested alternative: â€˜[01m[Kprp[m[Kâ€™
[1.288s]        [01;36m[Kvrp[m[K.Solve();
[1.288s]        [01;36m[K^~~[m[K
[1.288s]        [32m[Kprp[m[K
[1.289s] [01m[K/home/steags/Documents/Jussieu/M2/MAOA/PDI_Project/ROS2_workspace/src/cvrp/src/utils.cpp:264:7:[m[K [01;31m[Kerror: [m[Kâ€˜[01m[KTabuSearchSolution[m[Kâ€™ was not declared in this scope
[1.289s]        [01;31m[KTabuSearchSolution[m[K vrp(p, 10);
[1.289s]        [01;31m[K^~~~~~~~~~~~~~~~~~[m[K
[1.293s] [01m[K/home/steags/Documents/Jussieu/M2/MAOA/PDI_Project/ROS2_workspace/src/cvrp/src/utils.cpp:265:7:[m[K [01;31m[Kerror: [m[Kâ€˜[01m[Kvrp[m[Kâ€™ was not declared in this scope
[1.293s]        [01;31m[Kvrp[m[K.Solve();
[1.293s]        [01;31m[K^~~[m[K
[1.294s] [01m[K/home/steags/Documents/Jussieu/M2/MAOA/PDI_Project/ROS2_workspace/src/cvrp/src/utils.cpp:265:7:[m[K [01;36m[Knote: [m[Ksuggested alternative: â€˜[01m[Kprp[m[Kâ€™
[1.294s]        [01;36m[Kvrp[m[K.Solve();
[1.294s]        [01;36m[K^~~[m[K
[1.294s]        [32m[Kprp[m[K
[1.294s] [01m[K/home/steags/Documents/Jussieu/M2/MAOA/PDI_Project/ROS2_workspace/src/cvrp/src/utils.cpp:270:7:[m[K [01;31m[Kerror: [m[Kâ€˜[01m[KSimulatedAnnealingSolution[m[Kâ€™ was not declared in this scope
[1.294s]        [01;31m[KSimulatedAnnealingSolution[m[K vrp(p, 5000000, 5000, 0.9999);
[1.294s]        [01;31m[K^~~~~~~~~~~~~~~~~~~~~~~~~~[m[K
[1.300s] [01m[K/home/steags/Documents/Jussieu/M2/MAOA/PDI_Project/ROS2_workspace/src/cvrp/src/utils.cpp:271:7:[m[K [01;31m[Kerror: [m[Kâ€˜[01m[Kvrp[m[Kâ€™ was not declared in this scope
[1.300s]        [01;31m[Kvrp[m[K.Solve();
[1.300s]        [01;31m[K^~~[m[K
[1.301s] [01m[K/home/steags/Documents/Jussieu/M2/MAOA/PDI_Project/ROS2_workspace/src/cvrp/src/utils.cpp:271:7:[m[K [01;36m[Knote: [m[Ksuggested alternative: â€˜[01m[Kprp[m[Kâ€™
[1.301s]        [01;36m[Kvrp[m[K.Solve();
[1.301s]        [01;36m[K^~~[m[K
[1.301s]        [32m[Kprp[m[K
[1.301s] [01m[K/home/steags/Documents/Jussieu/M2/MAOA/PDI_Project/ROS2_workspace/src/cvrp/src/utils.cpp:[m[K At global scope:
[1.301s] [01m[K/home/steags/Documents/Jussieu/M2/MAOA/PDI_Project/ROS2_workspace/src/cvrp/src/utils.cpp:284:1:[m[K [01;31m[Kerror: [m[Kexpected declaration before â€˜[01m[K}[m[Kâ€™ token
[1.301s]  [01;31m[K}[m[K
[1.301s]  [01;31m[K^[m[K
[1.682s] make[2]: *** [CMakeFiles/cvrp.dir/src/utils.cpp.o] Error 1
[1.683s] CMakeFiles/cvrp.dir/build.make:166: recipe for target 'CMakeFiles/cvrp.dir/src/utils.cpp.o' failed
[1.683s] CMakeFiles/Makefile2:131: recipe for target 'CMakeFiles/cvrp.dir/all' failed
[1.683s] make[1]: *** [CMakeFiles/cvrp.dir/all] Error 2
[1.683s] Makefile:140: recipe for target 'all' failed
[1.683s] make: *** [all] Error 2
[1.684s] Invoked command in '/home/steags/Documents/Jussieu/M2/MAOA/PDI_Project/ROS2_workspace/build/cvrp' returned '2': CMAKE_PREFIX_PATH=${CMAKE_PREFIX_PATH}:/home/steags/ros2_eloquent/install/ros2bag:/home/steags/ros2_eloquent/install/tracetools_launch:/home/steags/ros2_eloquent/install/topic_monitor:/home/steags/ros2_eloquent/install/examples_tf2_py:/home/steags/ros2_eloquent/install/sros2:/home/steags/ros2_eloquent/install/rqt_topic:/home/steags/ros2_eloquent/install/rqt_reconfigure:/home/steags/ros2_eloquent/install/rqt_action:/home/steags/ros2_eloquent/install/rqt:/home/steags/ros2_eloquent/install/rqt_graph:/home/steags/ros2_eloquent/install/rqt_gui_py:/home/steags/ros2_eloquent/install/rqt_gui:/home/steags/ros2_eloquent/install/ros2trace:/home/steags/ros2_eloquent/install/ros2topic:/home/steags/ros2_eloquent/install/ros2test:/home/steags/ros2_eloquent/install/ros2srv:/home/steags/ros2_eloquent/install/ros2component:/home/steags/ros2_eloquent/install/ros2param:/home/steags/ros2_eloquent/install/ros2lifecycle:/home/steags/ros2_eloquent/install/ros2service:/home/steags/ros2_eloquent/install/ros2run:/home/steags/ros2_eloquent/install/ros2launch:/home/steags/ros2_eloquent/install/ros2pkg:/home/steags/ros2_eloquent/install/ros2node:/home/steags/ros2_eloquent/install/ros2multicast:/home/steags/ros2_eloquent/install/ros2msg:/home/steags/ros2_eloquent/install/ros2interface:/home/steags/ros2_eloquent/install/ros2doctor:/home/steags/ros2_eloquent/install/ros2action:/home/steags/ros2_eloquent/install/ros2cli:/home/steags/ros2_eloquent/install/quality_of_service_demo_py:/home/steags/ros2_eloquent/install/launch_testing_ros:/home/steags/ros2_eloquent/install/launch_ros:/home/steags/ros2_eloquent/install/examples_rclpy_minimal_subscriber:/home/steags/ros2_eloquent/install/examples_rclpy_minimal_service:/home/steags/ros2_eloquent/install/examples_rclpy_minimal_publisher:/home/steags/ros2_eloquent/install/examples_rclpy_minimal_client:/home/steags/ros2_eloquent/install/examples_rclpy_minimal_action_server:/home/steags/ros2_eloquent/install/examples_rclpy_minimal_action_client:/home/steags/ros2_eloquent/install/examples_rclpy_executors:/home/steags/ros2_eloquent/install/demo_nodes_py:/home/steags/ros2_eloquent/install/action_tutorials_py:/home/steags/ros2_eloquent/install/ament_uncrustify:/home/steags/ros2_eloquent/install/tracetools_trace:/home/steags/ros2_eloquent/install/tracetools_read:/home/steags/ros2_eloquent/install/test_launch_ros:/home/steags/ros2_eloquent/install/rosidl_runtime_py:/home/steags/ros2_eloquent/install/launch_yaml:/home/steags/ros2_eloquent/install/launch_xml:/home/steags/ros2_eloquent/install/launch_testing:/home/steags/ros2_eloquent/install/launch:/home/steags/ros2_eloquent/install/osrf_pycommon:/home/steags/ros2_eloquent/install/domain_coordinator:/home/steags/ros2_eloquent/install/ament_xmllint:/home/steags/ros2_eloquent/install/ament_pyflakes:/home/steags/ros2_eloquent/install/ament_pep8:/home/steags/ros2_eloquent/install/ament_pep257:/home/steags/ros2_eloquent/install/ament_pclint:/home/steags/ros2_eloquent/install/ament_package:/home/steags/ros2_eloquent/install/ament_mypy:/home/steags/ros2_eloquent/install/ament_lint_cmake:/home/steags/ros2_eloquent/install/ament_flake8:/home/steags/ros2_eloquent/install/ament_copyright:/home/steags/ros2_eloquent/install/ament_lint:/home/steags/ros2_eloquent/install/ament_index_python:/home/steags/ros2_eloquent/install/ament_cpplint:/home/steags/ros2_eloquent/install/ament_cppcheck:/home/steags/ros2_eloquent/install/ament_clang_tidy:/home/steags/ros2_eloquent/install/ament_clang_format CONDA_PROMPT_MODIFIER=(base) /usr/local/bin/cmake --build /home/steags/Documents/Jussieu/M2/MAOA/PDI_Project/ROS2_workspace/build/cvrp -- -j8 -l8
