[0.049s] Invoking command in '/home/steags/Documents/Jussieu/M2/MAOA/PDI_Project/ROS2_workspace/build/cvrp': CMAKE_PREFIX_PATH=${CMAKE_PREFIX_PATH}:/home/steags/ros2_eloquent/install/ros2bag:/home/steags/ros2_eloquent/install/tracetools_launch:/home/steags/ros2_eloquent/install/topic_monitor:/home/steags/ros2_eloquent/install/examples_tf2_py:/home/steags/ros2_eloquent/install/sros2:/home/steags/ros2_eloquent/install/rqt_topic:/home/steags/ros2_eloquent/install/rqt_reconfigure:/home/steags/ros2_eloquent/install/rqt_action:/home/steags/ros2_eloquent/install/rqt:/home/steags/ros2_eloquent/install/rqt_graph:/home/steags/ros2_eloquent/install/rqt_gui_py:/home/steags/ros2_eloquent/install/rqt_gui:/home/steags/ros2_eloquent/install/ros2trace:/home/steags/ros2_eloquent/install/ros2topic:/home/steags/ros2_eloquent/install/ros2test:/home/steags/ros2_eloquent/install/ros2srv:/home/steags/ros2_eloquent/install/ros2component:/home/steags/ros2_eloquent/install/ros2param:/home/steags/ros2_eloquent/install/ros2lifecycle:/home/steags/ros2_eloquent/install/ros2service:/home/steags/ros2_eloquent/install/ros2run:/home/steags/ros2_eloquent/install/ros2launch:/home/steags/ros2_eloquent/install/ros2pkg:/home/steags/ros2_eloquent/install/ros2node:/home/steags/ros2_eloquent/install/ros2multicast:/home/steags/ros2_eloquent/install/ros2msg:/home/steags/ros2_eloquent/install/ros2interface:/home/steags/ros2_eloquent/install/ros2doctor:/home/steags/ros2_eloquent/install/ros2action:/home/steags/ros2_eloquent/install/ros2cli:/home/steags/ros2_eloquent/install/quality_of_service_demo_py:/home/steags/ros2_eloquent/install/launch_testing_ros:/home/steags/ros2_eloquent/install/launch_ros:/home/steags/ros2_eloquent/install/examples_rclpy_minimal_subscriber:/home/steags/ros2_eloquent/install/examples_rclpy_minimal_service:/home/steags/ros2_eloquent/install/examples_rclpy_minimal_publisher:/home/steags/ros2_eloquent/install/examples_rclpy_minimal_client:/home/steags/ros2_eloquent/install/examples_rclpy_minimal_action_server:/home/steags/ros2_eloquent/install/examples_rclpy_minimal_action_client:/home/steags/ros2_eloquent/install/examples_rclpy_executors:/home/steags/ros2_eloquent/install/demo_nodes_py:/home/steags/ros2_eloquent/install/action_tutorials_py:/home/steags/ros2_eloquent/install/ament_uncrustify:/home/steags/ros2_eloquent/install/tracetools_trace:/home/steags/ros2_eloquent/install/tracetools_read:/home/steags/ros2_eloquent/install/test_launch_ros:/home/steags/ros2_eloquent/install/rosidl_runtime_py:/home/steags/ros2_eloquent/install/launch_yaml:/home/steags/ros2_eloquent/install/launch_xml:/home/steags/ros2_eloquent/install/launch_testing:/home/steags/ros2_eloquent/install/launch:/home/steags/ros2_eloquent/install/osrf_pycommon:/home/steags/ros2_eloquent/install/domain_coordinator:/home/steags/ros2_eloquent/install/ament_xmllint:/home/steags/ros2_eloquent/install/ament_pyflakes:/home/steags/ros2_eloquent/install/ament_pep8:/home/steags/ros2_eloquent/install/ament_pep257:/home/steags/ros2_eloquent/install/ament_pclint:/home/steags/ros2_eloquent/install/ament_package:/home/steags/ros2_eloquent/install/ament_mypy:/home/steags/ros2_eloquent/install/ament_lint_cmake:/home/steags/ros2_eloquent/install/ament_flake8:/home/steags/ros2_eloquent/install/ament_copyright:/home/steags/ros2_eloquent/install/ament_lint:/home/steags/ros2_eloquent/install/ament_index_python:/home/steags/ros2_eloquent/install/ament_cpplint:/home/steags/ros2_eloquent/install/ament_cppcheck:/home/steags/ros2_eloquent/install/ament_clang_tidy:/home/steags/ros2_eloquent/install/ament_clang_format CONDA_PROMPT_MODIFIER=(base) /usr/local/bin/cmake --build /home/steags/Documents/Jussieu/M2/MAOA/PDI_Project/ROS2_workspace/build/cvrp -- -j8 -l8
[0.103s] [35m[1mScanning dependencies of target cvrp[0m
[0.206s] [ 10%] [32mBuilding CXX object CMakeFiles/cvrp.dir/src/main.cpp.o[0m
[0.207s] [ 20%] [32mBuilding CXX object CMakeFiles/cvrp.dir/src/greedy.cpp.o[0m
[0.207s] [ 30%] [32mBuilding CXX object CMakeFiles/cvrp.dir/src/local_search_inter_intra.cpp.o[0m
[0.208s] [ 40%] [32mBuilding CXX object CMakeFiles/cvrp.dir/src/local_search_intra.cpp.o[0m
[0.208s] [ 50%] [32mBuilding CXX object CMakeFiles/cvrp.dir/src/genetic_algorithm.cpp.o[0m
[0.208s] [ 60%] [32mBuilding CXX object CMakeFiles/cvrp.dir/src/tabu_search.cpp.o[0m
[0.210s] [ 70%] [32mBuilding CXX object CMakeFiles/cvrp.dir/src/utils.cpp.o[0m
[0.210s] [ 80%] [32mBuilding CXX object CMakeFiles/cvrp.dir/src/simulated_annealing.cpp.o[0m
[2.150s] In file included from [01m[K/home/steags/Documents/Jussieu/M2/MAOA/PDI_Project/ROS2_workspace/src/cvrp/inc/greedy.hpp:10:0[m[K,
[2.151s]                  from [01m[K/home/steags/Documents/Jussieu/M2/MAOA/PDI_Project/ROS2_workspace/src/cvrp/src/greedy.cpp:7[m[K:
[2.151s] [01m[K/home/steags/Documents/Jussieu/M2/MAOA/PDI_Project/ROS2_workspace/src/cvrp/inc/utils.hpp:231:44:[m[K [01;31m[Kerror: [m[Kâ€˜[01m[KString[m[Kâ€™ has not been declared
[2.151s]  std::vector<Vehicle> run_instance(PRP prp, [01;31m[KString[m[K type);
[2.151s]                                             [01;31m[K^~~~~~[m[K
[2.239s] In file included from [01m[K/home/steags/Documents/Jussieu/M2/MAOA/PDI_Project/ROS2_workspace/src/cvrp/src/utils.cpp:7:0[m[K:
[2.239s] [01m[K/home/steags/Documents/Jussieu/M2/MAOA/PDI_Project/ROS2_workspace/src/cvrp/inc/utils.hpp:231:44:[m[K [01;31m[Kerror: [m[Kâ€˜[01m[KString[m[Kâ€™ has not been declared
[2.240s]  std::vector<Vehicle> run_instance(PRP prp, [01;31m[KString[m[K type);
[2.240s]                                             [01;31m[K^~~~~~[m[K
[2.257s] In file included from [01m[K/home/steags/Documents/Jussieu/M2/MAOA/PDI_Project/ROS2_workspace/src/cvrp/inc/genetic_algorithm.hpp:10:0[m[K,
[2.257s]                  from [01m[K/home/steags/Documents/Jussieu/M2/MAOA/PDI_Project/ROS2_workspace/src/cvrp/inc/main.hpp:7[m[K,
[2.258s]                  from [01m[K/home/steags/Documents/Jussieu/M2/MAOA/PDI_Project/ROS2_workspace/src/cvrp/src/main.cpp:7[m[K:
[2.258s] [01m[K/home/steags/Documents/Jussieu/M2/MAOA/PDI_Project/ROS2_workspace/src/cvrp/inc/utils.hpp:231:44:[m[K [01;31m[Kerror: [m[Kâ€˜[01m[KString[m[Kâ€™ has not been declared
[2.258s]  std::vector<Vehicle> run_instance(PRP prp, [01;31m[KString[m[K type);
[2.258s]                                             [01;31m[K^~~~~~[m[K
[2.282s] In file included from [01m[K/home/steags/Documents/Jussieu/M2/MAOA/PDI_Project/ROS2_workspace/src/cvrp/inc/tabu_search.hpp:10:0[m[K,
[2.283s]                  from [01m[K/home/steags/Documents/Jussieu/M2/MAOA/PDI_Project/ROS2_workspace/src/cvrp/src/tabu_search.cpp:7[m[K:
[2.283s] [01m[K/home/steags/Documents/Jussieu/M2/MAOA/PDI_Project/ROS2_workspace/src/cvrp/inc/utils.hpp:231:44:[m[K [01;31m[Kerror: [m[Kâ€˜[01m[KString[m[Kâ€™ has not been declared
[2.283s]  std::vector<Vehicle> run_instance(PRP prp, [01;31m[KString[m[K type);
[2.283s]                                             [01;31m[K^~~~~~[m[K
[2.285s] [01m[K/home/steags/Documents/Jussieu/M2/MAOA/PDI_Project/ROS2_workspace/src/cvrp/src/utils.cpp:[m[K In function â€˜[01m[Kstd::vector<Vehicle> run_instance(PRP, const string&)[m[Kâ€™:
[2.286s] [01m[K/home/steags/Documents/Jussieu/M2/MAOA/PDI_Project/ROS2_workspace/src/cvrp/src/utils.cpp:244:15:[m[K [01;31m[Kerror: [m[Kswitch quantity not an integer
[2.286s]    switch (type[01;31m[K)[m[K {
[2.286s]                [01;31m[K^[m[K
[2.287s] [01m[K/home/steags/Documents/Jussieu/M2/MAOA/PDI_Project/ROS2_workspace/src/cvrp/src/utils.cpp:245:10:[m[K [01;31m[Kerror: [m[Kcould not convert â€˜[01m[K"greedy"[m[Kâ€™ from â€˜[01m[Kconst char [7][m[Kâ€™ to â€˜[01m[K<type error>[m[Kâ€™
[2.287s]      case [01;31m[K"greedy"[m[K:
[2.287s]           [01;31m[K^~~~~~~~[m[K
[2.287s] [01m[K/home/steags/Documents/Jussieu/M2/MAOA/PDI_Project/ROS2_workspace/src/cvrp/src/utils.cpp:247:7:[m[K [01;31m[Kerror: [m[Kâ€˜[01m[KGreedySolution[m[Kâ€™ was not declared in this scope
[2.287s]        [01;31m[KGreedySolution[m[K vrp(p);
[2.287s]        [01;31m[K^~~~~~~~~~~~~~[m[K
[2.291s] [01m[K/home/steags/Documents/Jussieu/M2/MAOA/PDI_Project/ROS2_workspace/src/cvrp/src/utils.cpp:247:7:[m[K [01;36m[Knote: [m[Ksuggested alternative: â€˜[01m[K_ZTI8Solution[m[Kâ€™
[2.291s]        [01;36m[KGreedySolution[m[K vrp(p);
[2.291s]        [01;36m[K^~~~~~~~~~~~~~[m[K
[2.291s]        [32m[K_ZTI8Solution[m[K
[2.292s] [01m[K/home/steags/Documents/Jussieu/M2/MAOA/PDI_Project/ROS2_workspace/src/cvrp/src/utils.cpp:248:7:[m[K [01;31m[Kerror: [m[Kâ€˜[01m[Kvrp[m[Kâ€™ was not declared in this scope
[2.292s]        [01;31m[Kvrp[m[K.Solve();
[2.292s]        [01;31m[K^~~[m[K
[2.292s] [01m[K/home/steags/Documents/Jussieu/M2/MAOA/PDI_Project/ROS2_workspace/src/cvrp/src/utils.cpp:248:7:[m[K [01;36m[Knote: [m[Ksuggested alternative: â€˜[01m[Kprp[m[Kâ€™
[2.292s]        [01;36m[Kvrp[m[K.Solve();
[2.292s]        [01;36m[K^~~[m[K
[2.293s]        [32m[Kprp[m[K
[2.293s] [01m[K/home/steags/Documents/Jussieu/M2/MAOA/PDI_Project/ROS2_workspace/src/cvrp/src/utils.cpp:251:10:[m[K [01;31m[Kerror: [m[Kcould not convert â€˜[01m[K"Local Search"[m[Kâ€™ from â€˜[01m[Kconst char [13][m[Kâ€™ to â€˜[01m[K<type error>[m[Kâ€™
[2.293s]      case [01;31m[K"Local Search"[m[K:
[2.293s]           [01;31m[K^~~~~~~~~~~~~~[m[K
[2.293s] [01m[K/home/steags/Documents/Jussieu/M2/MAOA/PDI_Project/ROS2_workspace/src/cvrp/src/utils.cpp:253:7:[m[K [01;31m[Kerror: [m[Kâ€˜[01m[KLocalSearchIntraSolution[m[Kâ€™ was not declared in this scope
[2.293s]        [01;31m[KLocalSearchIntraSolution[m[K vrp(p);
[2.294s]        [01;31m[K^~~~~~~~~~~~~~~~~~~~~~~~[m[K
[2.298s] In file included from [01m[K/home/steags/Documents/Jussieu/M2/MAOA/PDI_Project/ROS2_workspace/src/cvrp/inc/genetic_algorithm.hpp:10:0[m[K,
[2.298s]                  from [01m[K/home/steags/Documents/Jussieu/M2/MAOA/PDI_Project/ROS2_workspace/src/cvrp/src/genetic_algorithm.cpp:7[m[K:
[2.298s] [01m[K/home/steags/Documents/Jussieu/M2/MAOA/PDI_Project/ROS2_workspace/src/cvrp/inc/utils.hpp:231:44:[m[K [01;31m[Kerror: [m[Kâ€˜[01m[KString[m[Kâ€™ has not been declared
[2.298s]  std::vector<Vehicle> run_instance(PRP prp, [01;31m[KString[m[K type);
[2.298s]                                             [01;31m[K^~~~~~[m[K
[2.304s] [01m[K/home/steags/Documents/Jussieu/M2/MAOA/PDI_Project/ROS2_workspace/src/cvrp/src/utils.cpp:257:10:[m[K [01;31m[Kerror: [m[Kcould not convert â€˜[01m[K"Local Search AV"[m[Kâ€™ from â€˜[01m[Kconst char [16][m[Kâ€™ to â€˜[01m[K<type error>[m[Kâ€™
[2.304s]      case [01;31m[K"Local Search AV"[m[K:
[2.304s]           [01;31m[K^~~~~~~~~~~~~~~~~[m[K
[2.305s] [01m[K/home/steags/Documents/Jussieu/M2/MAOA/PDI_Project/ROS2_workspace/src/cvrp/src/utils.cpp:259:7:[m[K [01;31m[Kerror: [m[Kâ€˜[01m[KLocalSearchInterIntraSolution[m[Kâ€™ was not declared in this scope
[2.305s]        [01;31m[KLocalSearchInterIntraSolution[m[K vrp(p);
[2.305s]        [01;31m[K^~~~~~~~~~~~~~~~~~~~~~~~~~~~~[m[K
[2.317s] [01m[K/home/steags/Documents/Jussieu/M2/MAOA/PDI_Project/ROS2_workspace/src/cvrp/src/utils.cpp:263:10:[m[K [01;31m[Kerror: [m[Kcould not convert â€˜[01m[K"Tabu"[m[Kâ€™ from â€˜[01m[Kconst char [5][m[Kâ€™ to â€˜[01m[K<type error>[m[Kâ€™
[2.317s]      case [01;31m[K"Tabu"[m[K:
[2.317s]           [01;31m[K^~~~~~[m[K
[2.317s] [01m[K/home/steags/Documents/Jussieu/M2/MAOA/PDI_Project/ROS2_workspace/src/cvrp/src/utils.cpp:265:7:[m[K [01;31m[Kerror: [m[Kâ€˜[01m[KTabuSearchSolution[m[Kâ€™ was not declared in this scope
[2.317s]        [01;31m[KTabuSearchSolution[m[K vrp(p, 10);
[2.318s]        [01;31m[K^~~~~~~~~~~~~~~~~~[m[K
[2.318s] In file included from [01m[K/home/steags/Documents/Jussieu/M2/MAOA/PDI_Project/ROS2_workspace/src/cvrp/inc/local_search_inter_intra.hpp:10:0[m[K,
[2.318s]                  from [01m[K/home/steags/Documents/Jussieu/M2/MAOA/PDI_Project/ROS2_workspace/src/cvrp/src/local_search_inter_intra.cpp:7[m[K:
[2.319s] [01m[K/home/steags/Documents/Jussieu/M2/MAOA/PDI_Project/ROS2_workspace/src/cvrp/inc/utils.hpp:231:44:[m[K [01;31m[Kerror: [m[Kâ€˜[01m[KString[m[Kâ€™ has not been declared
[2.319s]  std::vector<Vehicle> run_instance(PRP prp, [01;31m[KString[m[K type);
[2.319s]                                             [01;31m[K^~~~~~[m[K
[2.327s] [01m[K/home/steags/Documents/Jussieu/M2/MAOA/PDI_Project/ROS2_workspace/src/cvrp/src/utils.cpp:269:10:[m[K [01;31m[Kerror: [m[Kcould not convert â€˜[01m[K"Annealing"[m[Kâ€™ from â€˜[01m[Kconst char [10][m[Kâ€™ to â€˜[01m[K<type error>[m[Kâ€™
[2.327s]      case [01;31m[K"Annealing"[m[K:
[2.327s]           [01;31m[K^~~~~~~~~~~[m[K
[2.327s] [01m[K/home/steags/Documents/Jussieu/M2/MAOA/PDI_Project/ROS2_workspace/src/cvrp/src/utils.cpp:271:7:[m[K [01;31m[Kerror: [m[Kâ€˜[01m[KSimulatedAnnealingSolution[m[Kâ€™ was not declared in this scope
[2.328s]        [01;31m[KSimulatedAnnealingSolution[m[K vrp(p, 5000000, 5000, 0.9999);
[2.328s]        [01;31m[K^~~~~~~~~~~~~~~~~~~~~~~~~~[m[K
[2.356s] [01m[K/home/steags/Documents/Jussieu/M2/MAOA/PDI_Project/ROS2_workspace/src/cvrp/src/main.cpp:[m[K In function â€˜[01m[Kint main(int, char**)[m[Kâ€™:
[2.356s] [01m[K/home/steags/Documents/Jussieu/M2/MAOA/PDI_Project/ROS2_workspace/src/cvrp/src/main.cpp:32:28:[m[K [01;31m[Kerror: [m[Kinvalid conversion from â€˜[01m[Kconst char*[m[Kâ€™ to â€˜[01m[Kint[m[Kâ€™ [[01;31m[K-fpermissive[m[K]
[2.356s]    run_instance(prp,"greedy"[01;31m[K)[m[K;
[2.357s]                             [01;31m[K^[m[K
[2.357s] In file included from [01m[K/home/steags/Documents/Jussieu/M2/MAOA/PDI_Project/ROS2_workspace/src/cvrp/inc/genetic_algorithm.hpp:10:0[m[K,
[2.357s]                  from [01m[K/home/steags/Documents/Jussieu/M2/MAOA/PDI_Project/ROS2_workspace/src/cvrp/inc/main.hpp:7[m[K,
[2.358s]                  from [01m[K/home/steags/Documents/Jussieu/M2/MAOA/PDI_Project/ROS2_workspace/src/cvrp/src/main.cpp:7[m[K:
[2.358s] [01m[K/home/steags/Documents/Jussieu/M2/MAOA/PDI_Project/ROS2_workspace/src/cvrp/inc/utils.hpp:231:22:[m[K [01;36m[Knote: [m[K  initializing argument 2 of â€˜[01m[Kstd::vector<Vehicle> run_instance(PRP, int)[m[Kâ€™
[2.358s]  std::vector<Vehicle> [01;36m[Krun_instance[m[K(PRP prp, String type);
[2.358s]                       [01;36m[K^~~~~~~~~~~~[m[K
[2.374s] In file included from [01m[K/home/steags/Documents/Jussieu/M2/MAOA/PDI_Project/ROS2_workspace/src/cvrp/inc/local_search_intra.hpp:10:0[m[K,
[2.374s]                  from [01m[K/home/steags/Documents/Jussieu/M2/MAOA/PDI_Project/ROS2_workspace/src/cvrp/src/local_search_intra.cpp:7[m[K:
[2.375s] [01m[K/home/steags/Documents/Jussieu/M2/MAOA/PDI_Project/ROS2_workspace/src/cvrp/inc/utils.hpp:231:44:[m[K [01;31m[Kerror: [m[Kâ€˜[01m[KString[m[Kâ€™ has not been declared
[2.375s]  std::vector<Vehicle> run_instance(PRP prp, [01;31m[KString[m[K type);
[2.375s]                                             [01;31m[K^~~~~~[m[K
[2.397s] In file included from [01m[K/home/steags/Documents/Jussieu/M2/MAOA/PDI_Project/ROS2_workspace/src/cvrp/inc/simulated_annealing.hpp:10:0[m[K,
[2.397s]                  from [01m[K/home/steags/Documents/Jussieu/M2/MAOA/PDI_Project/ROS2_workspace/src/cvrp/src/simulated_annealing.cpp:7[m[K:
[2.397s] [01m[K/home/steags/Documents/Jussieu/M2/MAOA/PDI_Project/ROS2_workspace/src/cvrp/inc/utils.hpp:231:44:[m[K [01;31m[Kerror: [m[Kâ€˜[01m[KString[m[Kâ€™ has not been declared
[2.398s]  std::vector<Vehicle> run_instance(PRP prp, [01;31m[KString[m[K type);
[2.398s]                                             [01;31m[K^~~~~~[m[K
[2.457s] CMakeFiles/cvrp.dir/build.make:101: recipe for target 'CMakeFiles/cvrp.dir/src/greedy.cpp.o' failed
[2.457s] make[2]: *** [CMakeFiles/cvrp.dir/src/greedy.cpp.o] Error 1
[2.457s] make[2]: *** Waiting for unfinished jobs....
[2.634s] CMakeFiles/cvrp.dir/build.make:127: recipe for target 'CMakeFiles/cvrp.dir/src/local_search_intra.cpp.o' failed
[2.634s] make[2]: *** [CMakeFiles/cvrp.dir/src/local_search_intra.cpp.o] Error 1
[2.635s] make[2]: *** [CMakeFiles/cvrp.dir/src/local_search_inter_intra.cpp.o] Error 1
[2.635s] CMakeFiles/cvrp.dir/build.make:114: recipe for target 'CMakeFiles/cvrp.dir/src/local_search_inter_intra.cpp.o' failed
[2.719s] make[2]: *** [CMakeFiles/cvrp.dir/src/tabu_search.cpp.o] Error 1
[2.719s] CMakeFiles/cvrp.dir/build.make:153: recipe for target 'CMakeFiles/cvrp.dir/src/tabu_search.cpp.o' failed
[2.721s] CMakeFiles/cvrp.dir/build.make:140: recipe for target 'CMakeFiles/cvrp.dir/src/simulated_annealing.cpp.o' failed
[2.721s] make[2]: *** [CMakeFiles/cvrp.dir/src/simulated_annealing.cpp.o] Error 1
[2.723s] CMakeFiles/cvrp.dir/build.make:62: recipe for target 'CMakeFiles/cvrp.dir/src/main.cpp.o' failed
[2.723s] make[2]: *** [CMakeFiles/cvrp.dir/src/main.cpp.o] Error 1
[2.962s] CMakeFiles/cvrp.dir/build.make:88: recipe for target 'CMakeFiles/cvrp.dir/src/genetic_algorithm.cpp.o' failed
[2.962s] make[2]: *** [CMakeFiles/cvrp.dir/src/genetic_algorithm.cpp.o] Error 1
[3.145s] make[2]: *** [CMakeFiles/cvrp.dir/src/utils.cpp.o] Error 1
[3.145s] CMakeFiles/cvrp.dir/build.make:166: recipe for target 'CMakeFiles/cvrp.dir/src/utils.cpp.o' failed
[3.145s] make[1]: *** [CMakeFiles/cvrp.dir/all] Error 2
[3.145s] CMakeFiles/Makefile2:131: recipe for target 'CMakeFiles/cvrp.dir/all' failed
[3.145s] Makefile:140: recipe for target 'all' failed
[3.145s] make: *** [all] Error 2
[3.147s] Invoked command in '/home/steags/Documents/Jussieu/M2/MAOA/PDI_Project/ROS2_workspace/build/cvrp' returned '2': CMAKE_PREFIX_PATH=${CMAKE_PREFIX_PATH}:/home/steags/ros2_eloquent/install/ros2bag:/home/steags/ros2_eloquent/install/tracetools_launch:/home/steags/ros2_eloquent/install/topic_monitor:/home/steags/ros2_eloquent/install/examples_tf2_py:/home/steags/ros2_eloquent/install/sros2:/home/steags/ros2_eloquent/install/rqt_topic:/home/steags/ros2_eloquent/install/rqt_reconfigure:/home/steags/ros2_eloquent/install/rqt_action:/home/steags/ros2_eloquent/install/rqt:/home/steags/ros2_eloquent/install/rqt_graph:/home/steags/ros2_eloquent/install/rqt_gui_py:/home/steags/ros2_eloquent/install/rqt_gui:/home/steags/ros2_eloquent/install/ros2trace:/home/steags/ros2_eloquent/install/ros2topic:/home/steags/ros2_eloquent/install/ros2test:/home/steags/ros2_eloquent/install/ros2srv:/home/steags/ros2_eloquent/install/ros2component:/home/steags/ros2_eloquent/install/ros2param:/home/steags/ros2_eloquent/install/ros2lifecycle:/home/steags/ros2_eloquent/install/ros2service:/home/steags/ros2_eloquent/install/ros2run:/home/steags/ros2_eloquent/install/ros2launch:/home/steags/ros2_eloquent/install/ros2pkg:/home/steags/ros2_eloquent/install/ros2node:/home/steags/ros2_eloquent/install/ros2multicast:/home/steags/ros2_eloquent/install/ros2msg:/home/steags/ros2_eloquent/install/ros2interface:/home/steags/ros2_eloquent/install/ros2doctor:/home/steags/ros2_eloquent/install/ros2action:/home/steags/ros2_eloquent/install/ros2cli:/home/steags/ros2_eloquent/install/quality_of_service_demo_py:/home/steags/ros2_eloquent/install/launch_testing_ros:/home/steags/ros2_eloquent/install/launch_ros:/home/steags/ros2_eloquent/install/examples_rclpy_minimal_subscriber:/home/steags/ros2_eloquent/install/examples_rclpy_minimal_service:/home/steags/ros2_eloquent/install/examples_rclpy_minimal_publisher:/home/steags/ros2_eloquent/install/examples_rclpy_minimal_client:/home/steags/ros2_eloquent/install/examples_rclpy_minimal_action_server:/home/steags/ros2_eloquent/install/examples_rclpy_minimal_action_client:/home/steags/ros2_eloquent/install/examples_rclpy_executors:/home/steags/ros2_eloquent/install/demo_nodes_py:/home/steags/ros2_eloquent/install/action_tutorials_py:/home/steags/ros2_eloquent/install/ament_uncrustify:/home/steags/ros2_eloquent/install/tracetools_trace:/home/steags/ros2_eloquent/install/tracetools_read:/home/steags/ros2_eloquent/install/test_launch_ros:/home/steags/ros2_eloquent/install/rosidl_runtime_py:/home/steags/ros2_eloquent/install/launch_yaml:/home/steags/ros2_eloquent/install/launch_xml:/home/steags/ros2_eloquent/install/launch_testing:/home/steags/ros2_eloquent/install/launch:/home/steags/ros2_eloquent/install/osrf_pycommon:/home/steags/ros2_eloquent/install/domain_coordinator:/home/steags/ros2_eloquent/install/ament_xmllint:/home/steags/ros2_eloquent/install/ament_pyflakes:/home/steags/ros2_eloquent/install/ament_pep8:/home/steags/ros2_eloquent/install/ament_pep257:/home/steags/ros2_eloquent/install/ament_pclint:/home/steags/ros2_eloquent/install/ament_package:/home/steags/ros2_eloquent/install/ament_mypy:/home/steags/ros2_eloquent/install/ament_lint_cmake:/home/steags/ros2_eloquent/install/ament_flake8:/home/steags/ros2_eloquent/install/ament_copyright:/home/steags/ros2_eloquent/install/ament_lint:/home/steags/ros2_eloquent/install/ament_index_python:/home/steags/ros2_eloquent/install/ament_cpplint:/home/steags/ros2_eloquent/install/ament_cppcheck:/home/steags/ros2_eloquent/install/ament_clang_tidy:/home/steags/ros2_eloquent/install/ament_clang_format CONDA_PROMPT_MODIFIER=(base) /usr/local/bin/cmake --build /home/steags/Documents/Jussieu/M2/MAOA/PDI_Project/ROS2_workspace/build/cvrp -- -j8 -l8
