[0.047s] Invoking command in '/home/steags/Documents/Jussieu/M2/MAOA/PDI_Project/ROS2_workspace/build/cvrp': CMAKE_PREFIX_PATH=${CMAKE_PREFIX_PATH}:/home/steags/ros2_eloquent/install/ros2bag:/home/steags/ros2_eloquent/install/tracetools_launch:/home/steags/ros2_eloquent/install/topic_monitor:/home/steags/ros2_eloquent/install/examples_tf2_py:/home/steags/ros2_eloquent/install/sros2:/home/steags/ros2_eloquent/install/rqt_topic:/home/steags/ros2_eloquent/install/rqt_reconfigure:/home/steags/ros2_eloquent/install/rqt_action:/home/steags/ros2_eloquent/install/rqt:/home/steags/ros2_eloquent/install/rqt_graph:/home/steags/ros2_eloquent/install/rqt_gui_py:/home/steags/ros2_eloquent/install/rqt_gui:/home/steags/ros2_eloquent/install/ros2trace:/home/steags/ros2_eloquent/install/ros2topic:/home/steags/ros2_eloquent/install/ros2test:/home/steags/ros2_eloquent/install/ros2srv:/home/steags/ros2_eloquent/install/ros2component:/home/steags/ros2_eloquent/install/ros2param:/home/steags/ros2_eloquent/install/ros2lifecycle:/home/steags/ros2_eloquent/install/ros2service:/home/steags/ros2_eloquent/install/ros2run:/home/steags/ros2_eloquent/install/ros2launch:/home/steags/ros2_eloquent/install/ros2pkg:/home/steags/ros2_eloquent/install/ros2node:/home/steags/ros2_eloquent/install/ros2multicast:/home/steags/ros2_eloquent/install/ros2msg:/home/steags/ros2_eloquent/install/ros2interface:/home/steags/ros2_eloquent/install/ros2doctor:/home/steags/ros2_eloquent/install/ros2action:/home/steags/ros2_eloquent/install/ros2cli:/home/steags/ros2_eloquent/install/quality_of_service_demo_py:/home/steags/ros2_eloquent/install/launch_testing_ros:/home/steags/ros2_eloquent/install/launch_ros:/home/steags/ros2_eloquent/install/examples_rclpy_minimal_subscriber:/home/steags/ros2_eloquent/install/examples_rclpy_minimal_service:/home/steags/ros2_eloquent/install/examples_rclpy_minimal_publisher:/home/steags/ros2_eloquent/install/examples_rclpy_minimal_client:/home/steags/ros2_eloquent/install/examples_rclpy_minimal_action_server:/home/steags/ros2_eloquent/install/examples_rclpy_minimal_action_client:/home/steags/ros2_eloquent/install/examples_rclpy_executors:/home/steags/ros2_eloquent/install/demo_nodes_py:/home/steags/ros2_eloquent/install/action_tutorials_py:/home/steags/ros2_eloquent/install/ament_uncrustify:/home/steags/ros2_eloquent/install/tracetools_trace:/home/steags/ros2_eloquent/install/tracetools_read:/home/steags/ros2_eloquent/install/test_launch_ros:/home/steags/ros2_eloquent/install/rosidl_runtime_py:/home/steags/ros2_eloquent/install/launch_yaml:/home/steags/ros2_eloquent/install/launch_xml:/home/steags/ros2_eloquent/install/launch_testing:/home/steags/ros2_eloquent/install/launch:/home/steags/ros2_eloquent/install/osrf_pycommon:/home/steags/ros2_eloquent/install/domain_coordinator:/home/steags/ros2_eloquent/install/ament_xmllint:/home/steags/ros2_eloquent/install/ament_pyflakes:/home/steags/ros2_eloquent/install/ament_pep8:/home/steags/ros2_eloquent/install/ament_pep257:/home/steags/ros2_eloquent/install/ament_pclint:/home/steags/ros2_eloquent/install/ament_package:/home/steags/ros2_eloquent/install/ament_mypy:/home/steags/ros2_eloquent/install/ament_lint_cmake:/home/steags/ros2_eloquent/install/ament_flake8:/home/steags/ros2_eloquent/install/ament_copyright:/home/steags/ros2_eloquent/install/ament_lint:/home/steags/ros2_eloquent/install/ament_index_python:/home/steags/ros2_eloquent/install/ament_cpplint:/home/steags/ros2_eloquent/install/ament_cppcheck:/home/steags/ros2_eloquent/install/ament_clang_tidy:/home/steags/ros2_eloquent/install/ament_clang_format CONDA_PROMPT_MODIFIER=(base) /usr/local/bin/cmake --build /home/steags/Documents/Jussieu/M2/MAOA/PDI_Project/ROS2_workspace/build/cvrp -- -j8 -l8
[0.107s] [35m[1mScanning dependencies of target cvrp[0m
[0.304s] [ 10%] [32mBuilding CXX object CMakeFiles/cvrp.dir/src/genetic_algorithm.cpp.o[0m
[0.305s] [ 40%] [32mBuilding CXX object CMakeFiles/cvrp.dir/src/local_search_inter_intra.cpp.o[0m
[0.305s] [ 40%] [32mBuilding CXX object CMakeFiles/cvrp.dir/src/main.cpp.o[0m
[0.305s] [ 40%] [32mBuilding CXX object CMakeFiles/cvrp.dir/src/greedy.cpp.o[0m
[0.305s] [ 50%] [32mBuilding CXX object CMakeFiles/cvrp.dir/src/local_search_intra.cpp.o[0m
[0.306s] [ 70%] [32mBuilding CXX object CMakeFiles/cvrp.dir/src/utils.cpp.o[0m
[0.306s] [ 70%] [32mBuilding CXX object CMakeFiles/cvrp.dir/src/tabu_search.cpp.o[0m
[0.306s] [ 80%] [32mBuilding CXX object CMakeFiles/cvrp.dir/src/simulated_annealing.cpp.o[0m
[1.104s] In file included from [01m[K/home/steags/Documents/Jussieu/M2/MAOA/PDI_Project/ROS2_workspace/src/cvrp/inc/utils.hpp:30:0[m[K,
[1.105s]                  from [01m[K/home/steags/Documents/Jussieu/M2/MAOA/PDI_Project/ROS2_workspace/src/cvrp/inc/genetic_algorithm.hpp:10[m[K,
[1.105s]                  from [01m[K/home/steags/Documents/Jussieu/M2/MAOA/PDI_Project/ROS2_workspace/src/cvrp/src/genetic_algorithm.cpp:7[m[K:
[1.105s] [01m[K/home/steags/Documents/Jussieu/M2/MAOA/PDI_Project/ROS2_workspace/src/cvrp/inc/greedy.hpp:12:37:[m[K [01;31m[Kerror: [m[Kexpected class-name before â€˜[01m[K{[m[Kâ€™ token
[1.105s]  class GreedySolution:public Solution[01;31m[K{[m[K
[1.105s]                                      [01;31m[K^[m[K
[1.105s] [01m[K/home/steags/Documents/Jussieu/M2/MAOA/PDI_Project/ROS2_workspace/src/cvrp/inc/greedy.hpp:22:30:[m[K [01;31m[Kerror: [m[Kâ€˜[01m[KNode[m[Kâ€™ was not declared in this scope
[1.106s]    GreedySolution(std::vector<[01;31m[KNode[m[K> nodes,
[1.106s]                               [01;31m[K^~~~[m[K
[1.106s] [01m[K/home/steags/Documents/Jussieu/M2/MAOA/PDI_Project/ROS2_workspace/src/cvrp/inc/greedy.hpp:22:30:[m[K [01;36m[Knote: [m[Ksuggested alternative: â€˜[01m[Kmodf[m[Kâ€™
[1.106s]    GreedySolution(std::vector<[01;36m[KNode[m[K> nodes,
[1.107s]                               [01;36m[K^~~~[m[K
[1.107s]                               [32m[Kmodf[m[K
[1.107s] [01m[K/home/steags/Documents/Jussieu/M2/MAOA/PDI_Project/ROS2_workspace/src/cvrp/inc/greedy.hpp:22:34:[m[K [01;31m[Kerror: [m[Ktemplate argument 1 is invalid
[1.107s]    GreedySolution(std::vector<Node[01;31m[K>[m[K nodes,
[1.107s]                                   [01;31m[K^[m[K
[1.107s] [01m[K/home/steags/Documents/Jussieu/M2/MAOA/PDI_Project/ROS2_workspace/src/cvrp/inc/greedy.hpp:22:34:[m[K [01;31m[Kerror: [m[Ktemplate argument 2 is invalid
[1.107s] [01m[K/home/steags/Documents/Jussieu/M2/MAOA/PDI_Project/ROS2_workspace/src/cvrp/inc/greedy.hpp:23:30:[m[K [01;31m[Kerror: [m[Kâ€˜[01m[KVehicle[m[Kâ€™ was not declared in this scope
[1.108s]                   std::vector<[01;31m[KVehicle[m[K> vehicles,
[1.108s]                               [01;31m[K^~~~~~~[m[K
[1.110s] [01m[K/home/steags/Documents/Jussieu/M2/MAOA/PDI_Project/ROS2_workspace/src/cvrp/inc/greedy.hpp:23:30:[m[K [01;36m[Knote: [m[Ksuggested alternative: â€˜[01m[Kexecle[m[Kâ€™
[1.111s]                   std::vector<[01;36m[KVehicle[m[K> vehicles,
[1.111s]                               [01;36m[K^~~~~~~[m[K
[1.111s]                               [32m[Kexecle[m[K
[1.111s] [01m[K/home/steags/Documents/Jussieu/M2/MAOA/PDI_Project/ROS2_workspace/src/cvrp/inc/greedy.hpp:23:37:[m[K [01;31m[Kerror: [m[Ktemplate argument 1 is invalid
[1.111s]                   std::vector<Vehicle[01;31m[K>[m[K vehicles,
[1.111s]                                      [01;31m[K^[m[K
[1.111s] [01m[K/home/steags/Documents/Jussieu/M2/MAOA/PDI_Project/ROS2_workspace/src/cvrp/inc/greedy.hpp:23:37:[m[K [01;31m[Kerror: [m[Ktemplate argument 2 is invalid
[1.112s] [01m[K/home/steags/Documents/Jussieu/M2/MAOA/PDI_Project/ROS2_workspace/src/cvrp/inc/greedy.hpp:32:26:[m[K [01;31m[Kerror: [m[Kexpected â€˜[01m[K)[m[Kâ€™ before â€˜[01m[Kp[m[Kâ€™
[1.112s]    GreedySolution(Problem [01;31m[Kp[m[K);
[1.112s]                           [01;31m[K^[m[K
[1.112s] In file included from [01m[K/home/steags/Documents/Jussieu/M2/MAOA/PDI_Project/ROS2_workspace/src/cvrp/inc/utils.hpp:31:0[m[K,
[1.112s]                  from [01m[K/home/steags/Documents/Jussieu/M2/MAOA/PDI_Project/ROS2_workspace/src/cvrp/inc/genetic_algorithm.hpp:10[m[K,
[1.113s]                  from [01m[K/home/steags/Documents/Jussieu/M2/MAOA/PDI_Project/ROS2_workspace/src/cvrp/src/genetic_algorithm.cpp:7[m[K:
[1.113s] [01m[K/home/steags/Documents/Jussieu/M2/MAOA/PDI_Project/ROS2_workspace/src/cvrp/inc/local_search_intra.hpp:12:49:[m[K [01;31m[Kerror: [m[Kexpected class-name before â€˜[01m[K{[m[Kâ€™ token
[1.113s]  class LocalSearchIntraSolution : public Solution[01;31m[K{[m[K
[1.113s]                                                  [01;31m[K^[m[K
[1.113s] In file included from [01m[K/home/steags/Documents/Jussieu/M2/MAOA/PDI_Project/ROS2_workspace/src/cvrp/inc/utils.hpp:31:0[m[K,
[1.113s]                  from [01m[K/home/steags/Documents/Jussieu/M2/MAOA/PDI_Project/ROS2_workspace/src/cvrp/inc/genetic_algorithm.hpp:10[m[K,
[1.114s]                  from [01m[K/home/steags/Documents/Jussieu/M2/MAOA/PDI_Project/ROS2_workspace/src/cvrp/src/genetic_algorithm.cpp:7[m[K:
[1.114s] [01m[K/home/steags/Documents/Jussieu/M2/MAOA/PDI_Project/ROS2_workspace/src/cvrp/inc/local_search_intra.hpp:22:40:[m[K [01;31m[Kerror: [m[Kâ€˜[01m[KNode[m[Kâ€™ was not declared in this scope
[1.114s]    LocalSearchIntraSolution(std::vector<[01;31m[KNode[m[K> nodes,
[1.114s]                                         [01;31m[K^~~~[m[K
[1.114s] [01m[K/home/steags/Documents/Jussieu/M2/MAOA/PDI_Project/ROS2_workspace/src/cvrp/inc/local_search_intra.hpp:22:40:[m[K [01;36m[Knote: [m[Ksuggested alternative: â€˜[01m[Kmodf[m[Kâ€™
[1.114s]    LocalSearchIntraSolution(std::vector<[01;36m[KNode[m[K> nodes,
[1.114s]                                         [01;36m[K^~~~[m[K
[1.115s]                                         [32m[Kmodf[m[K
[1.115s] [01m[K/home/steags/Documents/Jussieu/M2/MAOA/PDI_Project/ROS2_workspace/src/cvrp/inc/local_search_intra.hpp:22:44:[m[K [01;31m[Kerror: [m[Ktemplate argument 1 is invalid
[1.115s]    LocalSearchIntraSolution(std::vector<Node[01;31m[K>[m[K nodes,
[1.115s]                                             [01;31m[K^[m[K
[1.116s] [01m[K/home/steags/Documents/Jussieu/M2/MAOA/PDI_Project/ROS2_workspace/src/cvrp/inc/local_search_intra.hpp:22:44:[m[K [01;31m[Kerror: [m[Ktemplate argument 2 is invalid
[1.116s] [01m[K/home/steags/Documents/Jussieu/M2/MAOA/PDI_Project/ROS2_workspace/src/cvrp/inc/local_search_intra.hpp:23:40:[m[K [01;31m[Kerror: [m[Kâ€˜[01m[KVehicle[m[Kâ€™ was not declared in this scope
[1.116s]                             std::vector<[01;31m[KVehicle[m[K> vehicles,
[1.116s]                                         [01;31m[K^~~~~~~[m[K
[1.117s] [01m[K/home/steags/Documents/Jussieu/M2/MAOA/PDI_Project/ROS2_workspace/src/cvrp/inc/local_search_intra.hpp:23:40:[m[K [01;36m[Knote: [m[Ksuggested alternative: â€˜[01m[Kexecle[m[Kâ€™
[1.117s]                             std::vector<[01;36m[KVehicle[m[K> vehicles,
[1.117s]                                         [01;36m[K^~~~~~~[m[K
[1.117s]                                         [32m[Kexecle[m[K
[1.117s] [01m[K/home/steags/Documents/Jussieu/M2/MAOA/PDI_Project/ROS2_workspace/src/cvrp/inc/local_search_intra.hpp:23:47:[m[K [01;31m[Kerror: [m[Ktemplate argument 1 is invalid
[1.117s]                             std::vector<Vehicle[01;31m[K>[m[K vehicles,
[1.117s]                                                [01;31m[K^[m[K
[1.118s] [01m[K/home/steags/Documents/Jussieu/M2/MAOA/PDI_Project/ROS2_workspace/src/cvrp/inc/local_search_intra.hpp:23:47:[m[K [01;31m[Kerror: [m[Ktemplate argument 2 is invalid
[1.118s] [01m[K/home/steags/Documents/Jussieu/M2/MAOA/PDI_Project/ROS2_workspace/src/cvrp/inc/local_search_intra.hpp:32:36:[m[K [01;31m[Kerror: [m[Kexpected â€˜[01m[K)[m[Kâ€™ before â€˜[01m[Kp[m[Kâ€™
[1.118s]    LocalSearchIntraSolution(Problem [01;31m[Kp[m[K);
[1.118s]                                     [01;31m[K^[m[K
[1.118s] [01m[K/home/steags/Documents/Jussieu/M2/MAOA/PDI_Project/ROS2_workspace/src/cvrp/inc/local_search_intra.hpp:40:37:[m[K [01;31m[Kerror: [m[Kexpected â€˜[01m[K)[m[Kâ€™ before â€˜[01m[Ks[m[Kâ€™
[1.119s]    LocalSearchIntraSolution(Solution [01;31m[Ks[m[K);
[1.119s]                                      [01;31m[K^[m[K
[1.119s] In file included from [01m[K/home/steags/Documents/Jussieu/M2/MAOA/PDI_Project/ROS2_workspace/src/cvrp/inc/utils.hpp:32:0[m[K,
[1.119s]                  from [01m[K/home/steags/Documents/Jussieu/M2/MAOA/PDI_Project/ROS2_workspace/src/cvrp/inc/genetic_algorithm.hpp:10[m[K,
[1.119s]                  from [01m[K/home/steags/Documents/Jussieu/M2/MAOA/PDI_Project/ROS2_workspace/src/cvrp/src/genetic_algorithm.cpp:7[m[K:
[1.119s] [01m[K/home/steags/Documents/Jussieu/M2/MAOA/PDI_Project/ROS2_workspace/src/cvrp/inc/local_search_inter_intra.hpp:12:54:[m[K [01;31m[Kerror: [m[Kexpected class-name before â€˜[01m[K{[m[Kâ€™ token
[1.119s]  class LocalSearchInterIntraSolution : public Solution[01;31m[K{[m[K
[1.120s]                                                       [01;31m[K^[m[K
[1.120s] In file included from [01m[K/home/steags/Documents/Jussieu/M2/MAOA/PDI_Project/ROS2_workspace/src/cvrp/inc/utils.hpp:29:0[m[K,
[1.120s]                  from [01m[K/home/steags/Documents/Jussieu/M2/MAOA/PDI_Project/ROS2_workspace/src/cvrp/inc/simulated_annealing.hpp:10[m[K,
[1.120s]                  from [01m[K/home/steags/Documents/Jussieu/M2/MAOA/PDI_Project/ROS2_workspace/src/cvrp/src/simulated_annealing.cpp:7[m[K:
[1.120s] [01m[K/home/steags/Documents/Jussieu/M2/MAOA/PDI_Project/ROS2_workspace/src/cvrp/inc/genetic_algorithm.hpp:13:35:[m[K [01;31m[Kerror: [m[Kexpected class-name before â€˜[01m[K{[m[Kâ€™ token
[1.122s]  class GASolution : public Solution[01;31m[K{[m[K
[1.125s]                                    [01;31m[K^[m[K
[1.125s] In file included from [01m[K/home/steags/Documents/Jussieu/M2/MAOA/PDI_Project/ROS2_workspace/src/cvrp/inc/utils.hpp:29:0[m[K,
[1.125s]                  from [01m[K/home/steags/Documents/Jussieu/M2/MAOA/PDI_Project/ROS2_workspace/src/cvrp/src/utils.cpp:7[m[K:
[1.125s] [01m[K/home/steags/Documents/Jussieu/M2/MAOA/PDI_Project/ROS2_workspace/src/cvrp/inc/genetic_algorithm.hpp:13:35:[m[K [01;31m[Kerror: [m[Kexpected class-name before â€˜[01m[K{[m[Kâ€™ token
[1.126s]  class GASolution : public Solution[01;31m[K{[m[K
[1.126s]                                    [01;31m[K^[m[K
[1.126s] [01m[K/home/steags/Documents/Jussieu/M2/MAOA/PDI_Project/ROS2_workspace/src/cvrp/inc/genetic_algorithm.hpp:25:26:[m[K [01;31m[Kerror: [m[Kâ€˜[01m[KNode[m[Kâ€™ was not declared in this scope
[1.126s]    GASolution(std::vector<[01;31m[KNode[m[K> nodes,
[1.126s]                           [01;31m[K^~~~[m[K
[1.127s] [01m[K/home/steags/Documents/Jussieu/M2/MAOA/PDI_Project/ROS2_workspace/src/cvrp/inc/local_search_inter_intra.hpp:22:45:[m[K [01;31m[Kerror: [m[Kâ€˜[01m[KNode[m[Kâ€™ was not declared in this scope
[1.127s]    LocalSearchInterIntraSolution(std::vector<[01;31m[KNode[m[K> nodes,
[1.127s]                                              [01;31m[K^~~~[m[K
[1.127s] [01m[K/home/steags/Documents/Jussieu/M2/MAOA/PDI_Project/ROS2_workspace/src/cvrp/inc/genetic_algorithm.hpp:25:26:[m[K [01;31m[Kerror: [m[Kâ€˜[01m[KNode[m[Kâ€™ was not declared in this scope
[1.127s]    GASolution(std::vector<[01;31m[KNode[m[K> nodes,
[1.127s]                           [01;31m[K^~~~[m[K
[1.128s] [01m[K/home/steags/Documents/Jussieu/M2/MAOA/PDI_Project/ROS2_workspace/src/cvrp/inc/genetic_algorithm.hpp:25:26:[m[K [01;36m[Knote: [m[Ksuggested alternative: â€˜[01m[Kmodf[m[Kâ€™
[1.128s]    GASolution(std::vector<[01;36m[KNode[m[K> nodes,
[1.128s]                           [01;36m[K^~~~[m[K
[1.128s]                           [32m[Kmodf[m[K
[1.129s] [01m[K/home/steags/Documents/Jussieu/M2/MAOA/PDI_Project/ROS2_workspace/src/cvrp/inc/genetic_algorithm.hpp:25:30:[m[K [01;31m[Kerror: [m[Ktemplate argument 1 is invalid
[1.129s]    GASolution(std::vector<Node[01;31m[K>[m[K nodes,
[1.129s]                               [01;31m[K^[m[K
[1.129s] [01m[K/home/steags/Documents/Jussieu/M2/MAOA/PDI_Project/ROS2_workspace/src/cvrp/inc/genetic_algorithm.hpp:25:30:[m[K [01;31m[Kerror: [m[Ktemplate argument 2 is invalid
[1.129s] [01m[K/home/steags/Documents/Jussieu/M2/MAOA/PDI_Project/ROS2_workspace/src/cvrp/inc/genetic_algorithm.hpp:26:26:[m[K [01;31m[Kerror: [m[Kâ€˜[01m[KVehicle[m[Kâ€™ was not declared in this scope
[1.129s]               std::vector<[01;31m[KVehicle[m[K> vehicles,
[1.129s]                           [01;31m[K^~~~~~~[m[K
[1.130s] [01m[K/home/steags/Documents/Jussieu/M2/MAOA/PDI_Project/ROS2_workspace/src/cvrp/inc/local_search_inter_intra.hpp:22:45:[m[K [01;36m[Knote: [m[Ksuggested alternative: â€˜[01m[Kmodf[m[Kâ€™
[1.130s]    LocalSearchInterIntraSolution(std::vector<[01;36m[KNode[m[K> nodes,
[1.130s]                                              [01;36m[K^~~~[m[K
[1.130s]                                              [32m[Kmodf[m[K
[1.131s] [01m[K/home/steags/Documents/Jussieu/M2/MAOA/PDI_Project/ROS2_workspace/src/cvrp/inc/local_search_inter_intra.hpp:22:49:[m[K [01;31m[Kerror: [m[Ktemplate argument 1 is invalid
[1.131s]    LocalSearchInterIntraSolution(std::vector<Node[01;31m[K>[m[K nodes,
[1.131s]                                                  [01;31m[K^[m[K
[1.131s] [01m[K/home/steags/Documents/Jussieu/M2/MAOA/PDI_Project/ROS2_workspace/src/cvrp/inc/local_search_inter_intra.hpp:22:49:[m[K [01;31m[Kerror: [m[Ktemplate argument 2 is invalid
[1.131s] [01m[K/home/steags/Documents/Jussieu/M2/MAOA/PDI_Project/ROS2_workspace/src/cvrp/inc/local_search_inter_intra.hpp:23:45:[m[K [01;31m[Kerror: [m[Kâ€˜[01m[KVehicle[m[Kâ€™ was not declared in this scope
[1.131s]                                  std::vector<[01;31m[KVehicle[m[K> vehicles,
[1.132s]                                              [01;31m[K^~~~~~~[m[K
[1.132s] [01m[K/home/steags/Documents/Jussieu/M2/MAOA/PDI_Project/ROS2_workspace/src/cvrp/inc/genetic_algorithm.hpp:26:26:[m[K [01;36m[Knote: [m[Ksuggested alternative: â€˜[01m[Kexecle[m[Kâ€™
[1.132s]               std::vector<[01;36m[KVehicle[m[K> vehicles,
[1.132s]                           [01;36m[K^~~~~~~[m[K
[1.132s]                           [32m[Kexecle[m[K
[1.133s] [01m[K/home/steags/Documents/Jussieu/M2/MAOA/PDI_Project/ROS2_workspace/src/cvrp/inc/genetic_algorithm.hpp:26:33:[m[K [01;31m[Kerror: [m[Ktemplate argument 1 is invalid
[1.133s]               std::vector<Vehicle[01;31m[K>[m[K vehicles,
[1.133s]                                  [01;31m[K^[m[K
[1.133s] [01m[K/home/steags/Documents/Jussieu/M2/MAOA/PDI_Project/ROS2_workspace/src/cvrp/inc/genetic_algorithm.hpp:26:33:[m[K [01;31m[Kerror: [m[Ktemplate argument 2 is invalid
[1.133s] [01m[K/home/steags/Documents/Jussieu/M2/MAOA/PDI_Project/ROS2_workspace/src/cvrp/inc/genetic_algorithm.hpp:38:23:[m[K [01;31m[Kerror: [m[Kexpected â€˜[01m[K)[m[Kâ€™ before â€˜[01m[Kp[m[Kâ€™
[1.134s]     GASolution(Problem [01;31m[Kp[m[K,
[1.134s]                        [01;31m[K^[m[K
[1.134s] [01m[K/home/steags/Documents/Jussieu/M2/MAOA/PDI_Project/ROS2_workspace/src/cvrp/inc/genetic_algorithm.hpp:50:24:[m[K [01;31m[Kerror: [m[Kexpected â€˜[01m[K)[m[Kâ€™ before â€˜[01m[Ks[m[Kâ€™
[1.134s]     GASolution(Solution [01;31m[Ks[m[K,
[1.134s]                         [01;31m[K^[m[K
[1.135s] [01m[K/home/steags/Documents/Jussieu/M2/MAOA/PDI_Project/ROS2_workspace/src/cvrp/inc/local_search_inter_intra.hpp:23:45:[m[K [01;36m[Knote: [m[Ksuggested alternative: â€˜[01m[Kexecle[m[Kâ€™
[1.135s]                                  std::vector<[01;36m[KVehicle[m[K> vehicles,
[1.135s]                                              [01;36m[K^~~~~~~[m[K
[1.135s]                                              [32m[Kexecle[m[K
[1.135s] [01m[K/home/steags/Documents/Jussieu/M2/MAOA/PDI_Project/ROS2_workspace/src/cvrp/inc/local_search_inter_intra.hpp:23:52:[m[K [01;31m[Kerror: [m[Ktemplate argument 1 is invalid
[1.136s]                                  std::vector<Vehicle[01;31m[K>[m[K vehicles,
[1.136s]                                                     [01;31m[K^[m[K
[1.136s] [01m[K/home/steags/Documents/Jussieu/M2/MAOA/PDI_Project/ROS2_workspace/src/cvrp/inc/local_search_inter_intra.hpp:23:52:[m[K [01;31m[Kerror: [m[Ktemplate argument 2 is invalid
[1.136s] [01m[K/home/steags/Documents/Jussieu/M2/MAOA/PDI_Project/ROS2_workspace/src/cvrp/inc/local_search_inter_intra.hpp:32:41:[m[K [01;31m[Kerror: [m[Kexpected â€˜[01m[K)[m[Kâ€™ before â€˜[01m[Kp[m[Kâ€™
[1.136s]    LocalSearchInterIntraSolution(Problem [01;31m[Kp[m[K);
[1.136s]                                          [01;31m[K^[m[K
[1.137s] [01m[K/home/steags/Documents/Jussieu/M2/MAOA/PDI_Project/ROS2_workspace/src/cvrp/inc/local_search_inter_intra.hpp:40:42:[m[K [01;31m[Kerror: [m[Kexpected â€˜[01m[K)[m[Kâ€™ before â€˜[01m[Ks[m[Kâ€™
[1.137s]    LocalSearchInterIntraSolution(Solution [01;31m[Ks[m[K);
[1.137s]                                           [01;31m[K^[m[K
[1.137s] [01m[K/home/steags/Documents/Jussieu/M2/MAOA/PDI_Project/ROS2_workspace/src/cvrp/inc/genetic_algorithm.hpp:25:26:[m[K [01;36m[Knote: [m[Ksuggested alternative: â€˜[01m[Kmodf[m[Kâ€™
[1.137s]    GASolution(std::vector<[01;36m[KNode[m[K> nodes,
[1.137s]                           [01;36m[K^~~~[m[K
[1.138s]                           [32m[Kmodf[m[K
[1.138s] [01m[K/home/steags/Documents/Jussieu/M2/MAOA/PDI_Project/ROS2_workspace/src/cvrp/inc/genetic_algorithm.hpp:25:30:[m[K [01;31m[Kerror: [m[Ktemplate argument 1 is invalid
[1.138s]    GASolution(std::vector<Node[01;31m[K>[m[K nodes,
[1.139s]                               [01;31m[K^[m[K
[1.139s] [01m[K/home/steags/Documents/Jussieu/M2/MAOA/PDI_Project/ROS2_workspace/src/cvrp/inc/genetic_algorithm.hpp:25:30:[m[K [01;31m[Kerror: [m[Ktemplate argument 2 is invalid
[1.139s] [01m[K/home/steags/Documents/Jussieu/M2/MAOA/PDI_Project/ROS2_workspace/src/cvrp/inc/genetic_algorithm.hpp:26:26:[m[K [01;31m[Kerror: [m[Kâ€˜[01m[KVehicle[m[Kâ€™ was not declared in this scope
[1.139s]               std::vector<[01;31m[KVehicle[m[K> vehicles,
[1.139s]                           [01;31m[K^~~~~~~[m[K
[1.139s] [01m[K/home/steags/Documents/Jussieu/M2/MAOA/PDI_Project/ROS2_workspace/src/cvrp/inc/genetic_algorithm.hpp:26:26:[m[K [01;36m[Knote: [m[Ksuggested alternative: â€˜[01m[Kexecle[m[Kâ€™
[1.140s]               std::vector<[01;36m[KVehicle[m[K> vehicles,
[1.140s]                           [01;36m[K^~~~~~~[m[K
[1.140s]                           [32m[Kexecle[m[K
[1.141s] [01m[K/home/steags/Documents/Jussieu/M2/MAOA/PDI_Project/ROS2_workspace/src/cvrp/inc/genetic_algorithm.hpp:26:33:[m[K [01;31m[Kerror: [m[Ktemplate argument 1 is invalid
[1.141s]               std::vector<Vehicle[01;31m[K>[m[K vehicles,
[1.141s]                                  [01;31m[K^[m[K
[1.141s] [01m[K/home/steags/Documents/Jussieu/M2/MAOA/PDI_Project/ROS2_workspace/src/cvrp/inc/genetic_algorithm.hpp:26:33:[m[K [01;31m[Kerror: [m[Ktemplate argument 2 is invalid
[1.141s] In file included from [01m[K/home/steags/Documents/Jussieu/M2/MAOA/PDI_Project/ROS2_workspace/src/cvrp/inc/utils.hpp:33:0[m[K,
[1.141s]                  from [01m[K/home/steags/Documents/Jussieu/M2/MAOA/PDI_Project/ROS2_workspace/src/cvrp/inc/genetic_algorithm.hpp:10[m[K,
[1.142s]                  from [01m[K/home/steags/Documents/Jussieu/M2/MAOA/PDI_Project/ROS2_workspace/src/cvrp/src/genetic_algorithm.cpp:7[m[K:
[1.142s] [01m[K/home/steags/Documents/Jussieu/M2/MAOA/PDI_Project/ROS2_workspace/src/cvrp/inc/tabu_search.hpp:33:43:[m[K [01;31m[Kerror: [m[Kexpected class-name before â€˜[01m[K{[m[Kâ€™ token
[1.142s]  class TabuSearchSolution : public Solution[01;31m[K{[m[K
[1.142s]                                            [01;31m[K^[m[K
[1.142s] [01m[K/home/steags/Documents/Jussieu/M2/MAOA/PDI_Project/ROS2_workspace/src/cvrp/inc/tabu_search.hpp:44:34:[m[K [01;31m[Kerror: [m[Kâ€˜[01m[KNode[m[Kâ€™ was not declared in this scope
[1.143s]    TabuSearchSolution(std::vector<[01;31m[KNode[m[K> nodes,
[1.143s]                                   [01;31m[K^~~~[m[K
[1.144s] In file included from [01m[K/home/steags/Documents/Jussieu/M2/MAOA/PDI_Project/ROS2_workspace/src/cvrp/inc/utils.hpp:30:0[m[K,
[1.144s]                  from [01m[K/home/steags/Documents/Jussieu/M2/MAOA/PDI_Project/ROS2_workspace/src/cvrp/src/utils.cpp:7[m[K:
[1.144s] [01m[K/home/steags/Documents/Jussieu/M2/MAOA/PDI_Project/ROS2_workspace/src/cvrp/inc/greedy.hpp:12:37:[m[K [01;31m[Kerror: [m[Kexpected class-name before â€˜[01m[K{[m[Kâ€™ token
[1.144s]  class GreedySolution:public Solution[01;31m[K{[m[K
[1.144s]                                      [01;31m[K^[m[K
[1.145s] [01m[K/home/steags/Documents/Jussieu/M2/MAOA/PDI_Project/ROS2_workspace/src/cvrp/inc/greedy.hpp:22:30:[m[K [01;31m[Kerror: [m[Kâ€˜[01m[KNode[m[Kâ€™ was not declared in this scope
[1.145s]    GreedySolution(std::vector<[01;31m[KNode[m[K> nodes,
[1.145s]                               [01;31m[K^~~~[m[K
[1.145s] [01m[K/home/steags/Documents/Jussieu/M2/MAOA/PDI_Project/ROS2_workspace/src/cvrp/inc/tabu_search.hpp:44:34:[m[K [01;36m[Knote: [m[Ksuggested alternative: â€˜[01m[Kmodf[m[Kâ€™
[1.145s]    TabuSearchSolution(std::vector<[01;36m[KNode[m[K> nodes,
[1.146s]                                   [01;36m[K^~~~[m[K
[1.146s]                                   [32m[Kmodf[m[K
[1.146s] [01m[K/home/steags/Documents/Jussieu/M2/MAOA/PDI_Project/ROS2_workspace/src/cvrp/inc/genetic_algorithm.hpp:38:23:[m[K [01;31m[Kerror: [m[Kexpected â€˜[01m[K)[m[Kâ€™ before â€˜[01m[Kp[m[Kâ€™
[1.146s]     GASolution(Problem [01;31m[Kp[m[K,
[1.146s]                        [01;31m[K^[m[K
[1.146s] [01m[K/home/steags/Documents/Jussieu/M2/MAOA/PDI_Project/ROS2_workspace/src/cvrp/inc/tabu_search.hpp:44:38:[m[K [01;31m[Kerror: [m[Ktemplate argument 1 is invalid
[1.146s]    TabuSearchSolution(std::vector<Node[01;31m[K>[m[K nodes,
[1.147s]                                       [01;31m[K^[m[K
[1.147s] [01m[K/home/steags/Documents/Jussieu/M2/MAOA/PDI_Project/ROS2_workspace/src/cvrp/inc/genetic_algorithm.hpp:50:24:[m[K [01;31m[Kerror: [m[Kexpected â€˜[01m[K)[m[Kâ€™ before â€˜[01m[Ks[m[Kâ€™
[1.148s]     GASolution(Solution [01;31m[Ks[m[K,
[1.148s]                         [01;31m[K^[m[K
[1.148s] [01m[K/home/steags/Documents/Jussieu/M2/MAOA/PDI_Project/ROS2_workspace/src/cvrp/inc/tabu_search.hpp:44:38:[m[K [01;31m[Kerror: [m[Ktemplate argument 2 is invalid
[1.148s] [01m[K/home/steags/Documents/Jussieu/M2/MAOA/PDI_Project/ROS2_workspace/src/cvrp/inc/tabu_search.hpp:45:34:[m[K [01;31m[Kerror: [m[Kâ€˜[01m[KVehicle[m[Kâ€™ was not declared in this scope
[1.148s]                       std::vector<[01;31m[KVehicle[m[K> vehicles,
[1.149s]                                   [01;31m[K^~~~~~~[m[K
[1.149s] In file included from [01m[K/home/steags/Documents/Jussieu/M2/MAOA/PDI_Project/ROS2_workspace/src/cvrp/inc/utils.hpp:29:0[m[K,
[1.149s]                  from [01m[K/home/steags/Documents/Jussieu/M2/MAOA/PDI_Project/ROS2_workspace/src/cvrp/inc/greedy.hpp:10[m[K,
[1.149s]                  from [01m[K/home/steags/Documents/Jussieu/M2/MAOA/PDI_Project/ROS2_workspace/src/cvrp/src/greedy.cpp:7[m[K:
[1.149s] [01m[K/home/steags/Documents/Jussieu/M2/MAOA/PDI_Project/ROS2_workspace/src/cvrp/inc/genetic_algorithm.hpp:13:35:[m[K [01;31m[Kerror: [m[Kexpected class-name before â€˜[01m[K{[m[Kâ€™ token
[1.150s]  class GASolution : public Solution[01;31m[K{[m[K
[1.150s]                                    [01;31m[K^[m[K
[1.150s] [01m[K/home/steags/Documents/Jussieu/M2/MAOA/PDI_Project/ROS2_workspace/src/cvrp/inc/genetic_algorithm.hpp:25:26:[m[K [01;31m[Kerror: [m[Kâ€˜[01m[KNode[m[Kâ€™ was not declared in this scope
[1.150s]    GASolution(std::vector<[01;31m[KNode[m[K> nodes,
[1.151s]                           [01;31m[K^~~~[m[K
[1.151s] [01m[K/home/steags/Documents/Jussieu/M2/MAOA/PDI_Project/ROS2_workspace/src/cvrp/inc/genetic_algorithm.hpp:25:26:[m[K [01;36m[Knote: [m[Ksuggested alternative: â€˜[01m[Kmodf[m[Kâ€™
[1.151s]    GASolution(std::vector<[01;36m[KNode[m[K> nodes,
[1.151s]                           [01;36m[K^~~~[m[K
[1.151s]                           [32m[Kmodf[m[K
[1.151s] [01m[K/home/steags/Documents/Jussieu/M2/MAOA/PDI_Project/ROS2_workspace/src/cvrp/inc/genetic_algorithm.hpp:25:30:[m[K [01;31m[Kerror: [m[Ktemplate argument 1 is invalid
[1.152s]    GASolution(std::vector<Node[01;31m[K>[m[K nodes,
[1.152s]                               [01;31m[K^[m[K
[1.152s] [01m[K/home/steags/Documents/Jussieu/M2/MAOA/PDI_Project/ROS2_workspace/src/cvrp/inc/genetic_algorithm.hpp:25:30:[m[K [01;31m[Kerror: [m[Ktemplate argument 2 is invalid
[1.152s] [01m[K/home/steags/Documents/Jussieu/M2/MAOA/PDI_Project/ROS2_workspace/src/cvrp/inc/genetic_algorithm.hpp:26:26:[m[K [01;31m[Kerror: [m[Kâ€˜[01m[KVehicle[m[Kâ€™ was not declared in this scope
[1.153s]               std::vector<[01;31m[KVehicle[m[K> vehicles,
[1.153s]                           [01;31m[K^~~~~~~[m[K
[1.153s] [01m[K/home/steags/Documents/Jussieu/M2/MAOA/PDI_Project/ROS2_workspace/src/cvrp/inc/tabu_search.hpp:45:34:[m[K [01;36m[Knote: [m[Ksuggested alternative: â€˜[01m[Kexecle[m[Kâ€™
[1.154s]                       std::vector<[01;36m[KVehicle[m[K> vehicles,
[1.154s]                                   [01;36m[K^~~~~~~[m[K
[1.154s]                                   [32m[Kexecle[m[K
[1.154s] [01m[K/home/steags/Documents/Jussieu/M2/MAOA/PDI_Project/ROS2_workspace/src/cvrp/inc/tabu_search.hpp:45:41:[m[K [01;31m[Kerror: [m[Ktemplate argument 1 is invalid
[1.154s]                       std::vector<Vehicle[01;31m[K>[m[K vehicles,
[1.155s]                                          [01;31m[K^[m[K
[1.155s] [01m[K/home/steags/Documents/Jussieu/M2/MAOA/PDI_Project/ROS2_workspace/src/cvrp/inc/tabu_search.hpp:45:41:[m[K [01;31m[Kerror: [m[Ktemplate argument 2 is invalid
[1.155s] [01m[K/home/steags/Documents/Jussieu/M2/MAOA/PDI_Project/ROS2_workspace/src/cvrp/inc/tabu_search.hpp:55:30:[m[K [01;31m[Kerror: [m[Kexpected â€˜[01m[K)[m[Kâ€™ before â€˜[01m[Kp[m[Kâ€™
[1.155s]    TabuSearchSolution(Problem [01;31m[Kp[m[K,
[1.156s]                               [01;31m[K^[m[K
[1.156s] [01m[K/home/steags/Documents/Jussieu/M2/MAOA/PDI_Project/ROS2_workspace/src/cvrp/inc/tabu_search.hpp:65:31:[m[K [01;31m[Kerror: [m[Kexpected â€˜[01m[K)[m[Kâ€™ before â€˜[01m[Ks[m[Kâ€™
[1.156s]    TabuSearchSolution(Solution [01;31m[Ks[m[K,
[1.156s]                                [01;31m[K^[m[K
[1.157s] [01m[K/home/steags/Documents/Jussieu/M2/MAOA/PDI_Project/ROS2_workspace/src/cvrp/inc/genetic_algorithm.hpp:26:26:[m[K [01;36m[Knote: [m[Ksuggested alternative: â€˜[01m[Kexecle[m[Kâ€™
[1.157s]               std::vector<[01;36m[KVehicle[m[K> vehicles,
[1.157s]                           [01;36m[K^~~~~~~[m[K
[1.157s]                           [32m[Kexecle[m[K
[1.157s] [01m[K/home/steags/Documents/Jussieu/M2/MAOA/PDI_Project/ROS2_workspace/src/cvrp/inc/genetic_algorithm.hpp:26:33:[m[K [01;31m[Kerror: [m[Ktemplate argument 1 is invalid
[1.158s]               std::vector<Vehicle[01;31m[K>[m[K vehicles,
[1.158s]                                  [01;31m[K^[m[K
[1.158s] [01m[K/home/steags/Documents/Jussieu/M2/MAOA/PDI_Project/ROS2_workspace/src/cvrp/inc/genetic_algorithm.hpp:26:33:[m[K [01;31m[Kerror: [m[Ktemplate argument 2 is invalid
[1.158s] [01m[K/home/steags/Documents/Jussieu/M2/MAOA/PDI_Project/ROS2_workspace/src/cvrp/inc/genetic_algorithm.hpp:38:23:[m[K [01;31m[Kerror: [m[Kexpected â€˜[01m[K)[m[Kâ€™ before â€˜[01m[Kp[m[Kâ€™
[1.158s]     GASolution(Problem [01;31m[Kp[m[K,
[1.158s]                        [01;31m[K^[m[K
[1.159s] [01m[K/home/steags/Documents/Jussieu/M2/MAOA/PDI_Project/ROS2_workspace/src/cvrp/inc/genetic_algorithm.hpp:50:24:[m[K [01;31m[Kerror: [m[Kexpected â€˜[01m[K)[m[Kâ€™ before â€˜[01m[Ks[m[Kâ€™
[1.159s]     GASolution(Solution [01;31m[Ks[m[K,
[1.159s]                         [01;31m[K^[m[K
[1.159s] In file included from [01m[K/home/steags/Documents/Jussieu/M2/MAOA/PDI_Project/ROS2_workspace/src/cvrp/inc/utils.hpp:30:0[m[K,
[1.160s]                  from [01m[K/home/steags/Documents/Jussieu/M2/MAOA/PDI_Project/ROS2_workspace/src/cvrp/inc/simulated_annealing.hpp:10[m[K,
[1.160s]                  from [01m[K/home/steags/Documents/Jussieu/M2/MAOA/PDI_Project/ROS2_workspace/src/cvrp/src/simulated_annealing.cpp:7[m[K:
[1.160s] [01m[K/home/steags/Documents/Jussieu/M2/MAOA/PDI_Project/ROS2_workspace/src/cvrp/inc/greedy.hpp:12:37:[m[K [01;31m[Kerror: [m[Kexpected class-name before â€˜[01m[K{[m[Kâ€™ token
[1.160s]  class GreedySolution:public Solution[01;31m[K{[m[K
[1.160s]                                      [01;31m[K^[m[K
[1.160s] [01m[K/home/steags/Documents/Jussieu/M2/MAOA/PDI_Project/ROS2_workspace/src/cvrp/inc/greedy.hpp:22:30:[m[K [01;31m[Kerror: [m[Kâ€˜[01m[KNode[m[Kâ€™ was not declared in this scope
[1.161s]    GreedySolution(std::vector<[01;31m[KNode[m[K> nodes,
[1.161s]                               [01;31m[K^~~~[m[K
[1.161s] [01m[K/home/steags/Documents/Jussieu/M2/MAOA/PDI_Project/ROS2_workspace/src/cvrp/inc/greedy.hpp:22:30:[m[K [01;36m[Knote: [m[Ksuggested alternative: â€˜[01m[Kmodf[m[Kâ€™
[1.161s]    GreedySolution(std::vector<[01;36m[KNode[m[K> nodes,
[1.161s]                               [01;36m[K^~~~[m[K
[1.161s]                               [32m[Kmodf[m[K
[1.162s] [01m[K/home/steags/Documents/Jussieu/M2/MAOA/PDI_Project/ROS2_workspace/src/cvrp/inc/greedy.hpp:22:34:[m[K [01;31m[Kerror: [m[Ktemplate argument 1 is invalid
[1.162s]    GreedySolution(std::vector<Node[01;31m[K>[m[K nodes,
[1.162s]                                   [01;31m[K^[m[K
[1.162s] [01m[K/home/steags/Documents/Jussieu/M2/MAOA/PDI_Project/ROS2_workspace/src/cvrp/inc/greedy.hpp:22:34:[m[K [01;31m[Kerror: [m[Ktemplate argument 2 is invalid
[1.162s] [01m[K/home/steags/Documents/Jussieu/M2/MAOA/PDI_Project/ROS2_workspace/src/cvrp/inc/greedy.hpp:23:30:[m[K [01;31m[Kerror: [m[Kâ€˜[01m[KVehicle[m[Kâ€™ was not declared in this scope
[1.162s]                   std::vector<[01;31m[KVehicle[m[K> vehicles,
[1.163s]                               [01;31m[K^~~~~~~[m[K
[1.163s] [01m[K/home/steags/Documents/Jussieu/M2/MAOA/PDI_Project/ROS2_workspace/src/cvrp/inc/greedy.hpp:23:30:[m[K [01;36m[Knote: [m[Ksuggested alternative: â€˜[01m[Kexecle[m[Kâ€™
[1.163s]                   std::vector<[01;36m[KVehicle[m[K> vehicles,
[1.163s]                               [01;36m[K^~~~~~~[m[K
[1.163s]                               [32m[Kexecle[m[K
[1.164s] [01m[K/home/steags/Documents/Jussieu/M2/MAOA/PDI_Project/ROS2_workspace/src/cvrp/inc/greedy.hpp:23:37:[m[K [01;31m[Kerror: [m[Ktemplate argument 1 is invalid
[1.164s]                   std::vector<Vehicle[01;31m[K>[m[K vehicles,
[1.164s]                                      [01;31m[K^[m[K
[1.164s] [01m[K/home/steags/Documents/Jussieu/M2/MAOA/PDI_Project/ROS2_workspace/src/cvrp/inc/greedy.hpp:23:37:[m[K [01;31m[Kerror: [m[Ktemplate argument 2 is invalid
[1.164s] [01m[K/home/steags/Documents/Jussieu/M2/MAOA/PDI_Project/ROS2_workspace/src/cvrp/inc/greedy.hpp:32:26:[m[K [01;31m[Kerror: [m[Kexpected â€˜[01m[K)[m[Kâ€™ before â€˜[01m[Kp[m[Kâ€™
[1.165s]    GreedySolution(Problem [01;31m[Kp[m[K);
[1.165s]                           [01;31m[K^[m[K
[1.165s] In file included from [01m[K/home/steags/Documents/Jussieu/M2/MAOA/PDI_Project/ROS2_workspace/src/cvrp/inc/utils.hpp:31:0[m[K,
[1.165s]                  from [01m[K/home/steags/Documents/Jussieu/M2/MAOA/PDI_Project/ROS2_workspace/src/cvrp/inc/simulated_annealing.hpp:10[m[K,
[1.165s]                  from [01m[K/home/steags/Documents/Jussieu/M2/MAOA/PDI_Project/ROS2_workspace/src/cvrp/src/simulated_annealing.cpp:7[m[K:
[1.166s] [01m[K/home/steags/Documents/Jussieu/M2/MAOA/PDI_Project/ROS2_workspace/src/cvrp/inc/local_search_intra.hpp:12:49:[m[K [01;31m[Kerror: [m[Kexpected class-name before â€˜[01m[K{[m[Kâ€™ token
[1.166s]  class LocalSearchIntraSolution : public Solution[01;31m[K{[m[K
[1.166s]                                                  [01;31m[K^[m[K
[1.166s] In file included from [01m[K/home/steags/Documents/Jussieu/M2/MAOA/PDI_Project/ROS2_workspace/src/cvrp/inc/utils.hpp:31:0[m[K,
[1.166s]                  from [01m[K/home/steags/Documents/Jussieu/M2/MAOA/PDI_Project/ROS2_workspace/src/cvrp/inc/simulated_annealing.hpp:10[m[K,
[1.166s]                  from [01m[K/home/steags/Documents/Jussieu/M2/MAOA/PDI_Project/ROS2_workspace/src/cvrp/src/simulated_annealing.cpp:7[m[K:
[1.167s] [01m[K/home/steags/Documents/Jussieu/M2/MAOA/PDI_Project/ROS2_workspace/src/cvrp/inc/local_search_intra.hpp:22:40:[m[K [01;31m[Kerror: [m[Kâ€˜[01m[KNode[m[Kâ€™ was not declared in this scope
[1.167s]    LocalSearchIntraSolution(std::vector<[01;31m[KNode[m[K> nodes,
[1.167s]                                         [01;31m[K^~~~[m[K
[1.168s] In file included from [01m[K/home/steags/Documents/Jussieu/M2/MAOA/PDI_Project/ROS2_workspace/src/cvrp/inc/utils.hpp:31:0[m[K,
[1.168s]                  from [01m[K/home/steags/Documents/Jussieu/M2/MAOA/PDI_Project/ROS2_workspace/src/cvrp/inc/greedy.hpp:10[m[K,
[1.168s]                  from [01m[K/home/steags/Documents/Jussieu/M2/MAOA/PDI_Project/ROS2_workspace/src/cvrp/src/greedy.cpp:7[m[K:
[1.169s] [01m[K/home/steags/Documents/Jussieu/M2/MAOA/PDI_Project/ROS2_workspace/src/cvrp/inc/local_search_intra.hpp:12:49:[m[K [01;31m[Kerror: [m[Kexpected class-name before â€˜[01m[K{[m[Kâ€™ token
[1.169s]  class LocalSearchIntraSolution : public Solution[01;31m[K{[m[K
[1.170s]                                                  [01;31m[K^[m[K
[1.170s] In file included from [01m[K/home/steags/Documents/Jussieu/M2/MAOA/PDI_Project/ROS2_workspace/src/cvrp/inc/utils.hpp:31:0[m[K,
[1.170s]                  from [01m[K/home/steags/Documents/Jussieu/M2/MAOA/PDI_Project/ROS2_workspace/src/cvrp/inc/greedy.hpp:10[m[K,
[1.170s]                  from [01m[K/home/steags/Documents/Jussieu/M2/MAOA/PDI_Project/ROS2_workspace/src/cvrp/src/greedy.cpp:7[m[K:
[1.171s] [01m[K/home/steags/Documents/Jussieu/M2/MAOA/PDI_Project/ROS2_workspace/src/cvrp/inc/local_search_intra.hpp:22:40:[m[K [01;31m[Kerror: [m[Kâ€˜[01m[KNode[m[Kâ€™ was not declared in this scope
[1.171s]    LocalSearchIntraSolution(std::vector<[01;31m[KNode[m[K> nodes,
[1.171s]                                         [01;31m[K^~~~[m[K
[1.171s] [01m[K/home/steags/Documents/Jussieu/M2/MAOA/PDI_Project/ROS2_workspace/src/cvrp/inc/local_search_intra.hpp:22:40:[m[K [01;36m[Knote: [m[Ksuggested alternative: â€˜[01m[Kmodf[m[Kâ€™
[1.171s]    LocalSearchIntraSolution(std::vector<[01;36m[KNode[m[K> nodes,
[1.172s]                                         [01;36m[K^~~~[m[K
[1.172s]                                         [32m[Kmodf[m[K
[1.172s] [01m[K/home/steags/Documents/Jussieu/M2/MAOA/PDI_Project/ROS2_workspace/src/cvrp/inc/local_search_intra.hpp:22:44:[m[K [01;31m[Kerror: [m[Ktemplate argument 1 is invalid
[1.172s]    LocalSearchIntraSolution(std::vector<Node[01;31m[K>[m[K nodes,
[1.173s]                                             [01;31m[K^[m[K
[1.173s] [01m[K/home/steags/Documents/Jussieu/M2/MAOA/PDI_Project/ROS2_workspace/src/cvrp/inc/local_search_intra.hpp:22:44:[m[K [01;31m[Kerror: [m[Ktemplate argument 2 is invalid
[1.173s] [01m[K/home/steags/Documents/Jussieu/M2/MAOA/PDI_Project/ROS2_workspace/src/cvrp/inc/local_search_intra.hpp:23:40:[m[K [01;31m[Kerror: [m[Kâ€˜[01m[KVehicle[m[Kâ€™ was not declared in this scope
[1.173s]                             std::vector<[01;31m[KVehicle[m[K> vehicles,
[1.174s]                                         [01;31m[K^~~~~~~[m[K
[1.174s] [01m[K/home/steags/Documents/Jussieu/M2/MAOA/PDI_Project/ROS2_workspace/src/cvrp/inc/local_search_intra.hpp:22:40:[m[K [01;36m[Knote: [m[Ksuggested alternative: â€˜[01m[Kmodf[m[Kâ€™
[1.174s]    LocalSearchIntraSolution(std::vector<[01;36m[KNode[m[K> nodes,
[1.175s]                                         [01;36m[K^~~~[m[K
[1.175s]                                         [32m[Kmodf[m[K
[1.175s] [01m[K/home/steags/Documents/Jussieu/M2/MAOA/PDI_Project/ROS2_workspace/src/cvrp/inc/local_search_intra.hpp:22:44:[m[K [01;31m[Kerror: [m[Ktemplate argument 1 is invalid
[1.176s]    LocalSearchIntraSolution(std::vector<Node[01;31m[K>[m[K nodes,
[1.176s]                                             [01;31m[K^[m[K
[1.176s] [01m[K/home/steags/Documents/Jussieu/M2/MAOA/PDI_Project/ROS2_workspace/src/cvrp/inc/local_search_intra.hpp:22:44:[m[K [01;31m[Kerror: [m[Ktemplate argument 2 is invalid
[1.177s] [01m[K/home/steags/Documents/Jussieu/M2/MAOA/PDI_Project/ROS2_workspace/src/cvrp/inc/local_search_intra.hpp:23:40:[m[K [01;31m[Kerror: [m[Kâ€˜[01m[KVehicle[m[Kâ€™ was not declared in this scope
[1.177s]                             std::vector<[01;31m[KVehicle[m[K> vehicles,
[1.177s]                                         [01;31m[K^~~~~~~[m[K
[1.177s] [01m[K/home/steags/Documents/Jussieu/M2/MAOA/PDI_Project/ROS2_workspace/src/cvrp/inc/greedy.hpp:22:30:[m[K [01;36m[Knote: [m[Ksuggested alternative: â€˜[01m[Kmodf[m[Kâ€™
[1.177s]    GreedySolution(std::vector<[01;36m[KNode[m[K> nodes,
[1.178s]                               [01;36m[K^~~~[m[K
[1.178s]                               [32m[Kmodf[m[K
[1.178s] [01m[K/home/steags/Documents/Jussieu/M2/MAOA/PDI_Project/ROS2_workspace/src/cvrp/inc/greedy.hpp:22:34:[m[K [01;31m[Kerror: [m[Ktemplate argument 1 is invalid
[1.178s]    GreedySolution(std::vector<Node[01;31m[K>[m[K nodes,
[1.178s]                                   [01;31m[K^[m[K
[1.179s] [01m[K/home/steags/Documents/Jussieu/M2/MAOA/PDI_Project/ROS2_workspace/src/cvrp/inc/greedy.hpp:22:34:[m[K [01;31m[Kerror: [m[Ktemplate argument 2 is invalid
[1.179s] [01m[K/home/steags/Documents/Jussieu/M2/MAOA/PDI_Project/ROS2_workspace/src/cvrp/inc/greedy.hpp:23:30:[m[K [01;31m[Kerror: [m[Kâ€˜[01m[KVehicle[m[Kâ€™ was not declared in this scope
[1.179s]                   std::vector<[01;31m[KVehicle[m[K> vehicles,
[1.179s]                               [01;31m[K^~~~~~~[m[K
[1.180s] [01m[K/home/steags/Documents/Jussieu/M2/MAOA/PDI_Project/ROS2_workspace/src/cvrp/inc/local_search_intra.hpp:23:40:[m[K [01;36m[Knote: [m[Ksuggested alternative: â€˜[01m[Kexecle[m[Kâ€™
[1.180s]                             std::vector<[01;36m[KVehicle[m[K> vehicles,
[1.180s]                                         [01;36m[K^~~~~~~[m[K
[1.180s]                                         [32m[Kexecle[m[K
[1.180s] [01m[K/home/steags/Documents/Jussieu/M2/MAOA/PDI_Project/ROS2_workspace/src/cvrp/inc/local_search_intra.hpp:23:47:[m[K [01;31m[Kerror: [m[Ktemplate argument 1 is invalid
[1.181s]                             std::vector<Vehicle[01;31m[K>[m[K vehicles,
[1.181s]                                                [01;31m[K^[m[K
[1.181s] [01m[K/home/steags/Documents/Jussieu/M2/MAOA/PDI_Project/ROS2_workspace/src/cvrp/inc/local_search_intra.hpp:23:47:[m[K [01;31m[Kerror: [m[Ktemplate argument 2 is invalid
[1.181s] [01m[K/home/steags/Documents/Jussieu/M2/MAOA/PDI_Project/ROS2_workspace/src/cvrp/inc/local_search_intra.hpp:32:36:[m[K [01;31m[Kerror: [m[Kexpected â€˜[01m[K)[m[Kâ€™ before â€˜[01m[Kp[m[Kâ€™
[1.181s]    LocalSearchIntraSolution(Problem [01;31m[Kp[m[K);
[1.182s]                                     [01;31m[K^[m[K
[1.182s] [01m[K/home/steags/Documents/Jussieu/M2/MAOA/PDI_Project/ROS2_workspace/src/cvrp/inc/local_search_intra.hpp:40:37:[m[K [01;31m[Kerror: [m[Kexpected â€˜[01m[K)[m[Kâ€™ before â€˜[01m[Ks[m[Kâ€™
[1.182s]    LocalSearchIntraSolution(Solution [01;31m[Ks[m[K);
[1.182s]                                      [01;31m[K^[m[K
[1.182s] In file included from [01m[K/home/steags/Documents/Jussieu/M2/MAOA/PDI_Project/ROS2_workspace/src/cvrp/inc/utils.hpp:32:0[m[K,
[1.182s]                  from [01m[K/home/steags/Documents/Jussieu/M2/MAOA/PDI_Project/ROS2_workspace/src/cvrp/inc/greedy.hpp:10[m[K,
[1.183s]                  from [01m[K/home/steags/Documents/Jussieu/M2/MAOA/PDI_Project/ROS2_workspace/src/cvrp/src/greedy.cpp:7[m[K:
[1.183s] [01m[K/home/steags/Documents/Jussieu/M2/MAOA/PDI_Project/ROS2_workspace/src/cvrp/inc/local_search_inter_intra.hpp:12:54:[m[K [01;31m[Kerror: [m[Kexpected class-name before â€˜[01m[K{[m[Kâ€™ token
[1.183s]  class LocalSearchInterIntraSolution : public Solution[01;31m[K{[m[K
[1.183s]                                                       [01;31m[K^[m[K
[1.183s] [01m[K/home/steags/Documents/Jussieu/M2/MAOA/PDI_Project/ROS2_workspace/src/cvrp/inc/local_search_inter_intra.hpp:22:45:[m[K [01;31m[Kerror: [m[Kâ€˜[01m[KNode[m[Kâ€™ was not declared in this scope
[1.183s]    LocalSearchInterIntraSolution(std::vector<[01;31m[KNode[m[K> nodes,
[1.184s]                                              [01;31m[K^~~~[m[K
[1.184s] [01m[K/home/steags/Documents/Jussieu/M2/MAOA/PDI_Project/ROS2_workspace/src/cvrp/inc/greedy.hpp:23:30:[m[K [01;36m[Knote: [m[Ksuggested alternative: â€˜[01m[Kexecle[m[Kâ€™
[1.184s]                   std::vector<[01;36m[KVehicle[m[K> vehicles,
[1.184s]                               [01;36m[K^~~~~~~[m[K
[1.184s]                               [32m[Kexecle[m[K
[1.184s] [01m[K/home/steags/Documents/Jussieu/M2/MAOA/PDI_Project/ROS2_workspace/src/cvrp/inc/greedy.hpp:23:37:[m[K [01;31m[Kerror: [m[Ktemplate argument 1 is invalid
[1.184s]                   std::vector<Vehicle[01;31m[K>[m[K vehicles,
[1.184s]                                      [01;31m[K^[m[K
[1.185s] [01m[K/home/steags/Documents/Jussieu/M2/MAOA/PDI_Project/ROS2_workspace/src/cvrp/inc/greedy.hpp:23:37:[m[K [01;31m[Kerror: [m[Ktemplate argument 2 is invalid
[1.185s] [01m[K/home/steags/Documents/Jussieu/M2/MAOA/PDI_Project/ROS2_workspace/src/cvrp/inc/greedy.hpp:32:26:[m[K [01;31m[Kerror: [m[Kexpected â€˜[01m[K)[m[Kâ€™ before â€˜[01m[Kp[m[Kâ€™
[1.185s]    GreedySolution(Problem [01;31m[Kp[m[K);
[1.185s]                           [01;31m[K^[m[K
[1.185s] In file included from [01m[K/home/steags/Documents/Jussieu/M2/MAOA/PDI_Project/ROS2_workspace/src/cvrp/inc/utils.hpp:31:0[m[K,
[1.186s]                  from [01m[K/home/steags/Documents/Jussieu/M2/MAOA/PDI_Project/ROS2_workspace/src/cvrp/src/utils.cpp:7[m[K:
[1.186s] [01m[K/home/steags/Documents/Jussieu/M2/MAOA/PDI_Project/ROS2_workspace/src/cvrp/inc/local_search_intra.hpp:12:49:[m[K [01;31m[Kerror: [m[Kexpected class-name before â€˜[01m[K{[m[Kâ€™ token
[1.186s]  class LocalSearchIntraSolution : public Solution[01;31m[K{[m[K
[1.186s]                                                  [01;31m[K^[m[K
[1.186s] In file included from [01m[K/home/steags/Documents/Jussieu/M2/MAOA/PDI_Project/ROS2_workspace/src/cvrp/inc/utils.hpp:31:0[m[K,
[1.186s]                  from [01m[K/home/steags/Documents/Jussieu/M2/MAOA/PDI_Project/ROS2_workspace/src/cvrp/src/utils.cpp:7[m[K:
[1.186s] [01m[K/home/steags/Documents/Jussieu/M2/MAOA/PDI_Project/ROS2_workspace/src/cvrp/inc/local_search_intra.hpp:22:40:[m[K [01;31m[Kerror: [m[Kâ€˜[01m[KNode[m[Kâ€™ was not declared in this scope
[1.187s]    LocalSearchIntraSolution(std::vector<[01;31m[KNode[m[K> nodes,
[1.187s]                                         [01;31m[K^~~~[m[K
[1.187s] [01m[K/home/steags/Documents/Jussieu/M2/MAOA/PDI_Project/ROS2_workspace/src/cvrp/inc/local_search_inter_intra.hpp:22:45:[m[K [01;36m[Knote: [m[Ksuggested alternative: â€˜[01m[Kmodf[m[Kâ€™
[1.187s]    LocalSearchInterIntraSolution(std::vector<[01;36m[KNode[m[K> nodes,
[1.187s]                                              [01;36m[K^~~~[m[K
[1.188s]                                              [32m[Kmodf[m[K
[1.188s] [01m[K/home/steags/Documents/Jussieu/M2/MAOA/PDI_Project/ROS2_workspace/src/cvrp/inc/local_search_inter_intra.hpp:22:49:[m[K [01;31m[Kerror: [m[Ktemplate argument 1 is invalid
[1.188s]    LocalSearchInterIntraSolution(std::vector<Node[01;31m[K>[m[K nodes,
[1.188s]                                                  [01;31m[K^[m[K
[1.188s] [01m[K/home/steags/Documents/Jussieu/M2/MAOA/PDI_Project/ROS2_workspace/src/cvrp/inc/local_search_inter_intra.hpp:22:49:[m[K [01;31m[Kerror: [m[Ktemplate argument 2 is invalid
[1.188s] [01m[K/home/steags/Documents/Jussieu/M2/MAOA/PDI_Project/ROS2_workspace/src/cvrp/inc/local_search_inter_intra.hpp:23:45:[m[K [01;31m[Kerror: [m[Kâ€˜[01m[KVehicle[m[Kâ€™ was not declared in this scope
[1.188s]                                  std::vector<[01;31m[KVehicle[m[K> vehicles,
[1.188s]                                              [01;31m[K^~~~~~~[m[K
[1.189s] [01m[K/home/steags/Documents/Jussieu/M2/MAOA/PDI_Project/ROS2_workspace/src/cvrp/inc/local_search_intra.hpp:22:40:[m[K [01;36m[Knote: [m[Ksuggested alternative: â€˜[01m[Kmodf[m[Kâ€™
[1.189s]    LocalSearchIntraSolution(std::vector<[01;36m[KNode[m[K> nodes,
[1.189s]                                         [01;36m[K^~~~[m[K
[1.189s]                                         [32m[Kmodf[m[K
[1.189s] [01m[K/home/steags/Documents/Jussieu/M2/MAOA/PDI_Project/ROS2_workspace/src/cvrp/inc/local_search_intra.hpp:22:44:[m[K [01;31m[Kerror: [m[Ktemplate argument 1 is invalid
[1.190s]    LocalSearchIntraSolution(std::vector<Node[01;31m[K>[m[K nodes,
[1.190s]                                             [01;31m[K^[m[K
[1.191s] [01m[K/home/steags/Documents/Jussieu/M2/MAOA/PDI_Project/ROS2_workspace/src/cvrp/inc/local_search_intra.hpp:22:44:[m[K [01;31m[Kerror: [m[Ktemplate argument 2 is invalid
[1.191s] [01m[K/home/steags/Documents/Jussieu/M2/MAOA/PDI_Project/ROS2_workspace/src/cvrp/inc/local_search_intra.hpp:23:40:[m[K [01;31m[Kerror: [m[Kâ€˜[01m[KVehicle[m[Kâ€™ was not declared in this scope
[1.191s]                             std::vector<[01;31m[KVehicle[m[K> vehicles,
[1.191s]                                         [01;31m[K^~~~~~~[m[K
[1.191s] [01m[K/home/steags/Documents/Jussieu/M2/MAOA/PDI_Project/ROS2_workspace/src/cvrp/inc/local_search_inter_intra.hpp:23:45:[m[K [01;36m[Knote: [m[Ksuggested alternative: â€˜[01m[Kexecle[m[Kâ€™
[1.191s]                                  std::vector<[01;36m[KVehicle[m[K> vehicles,
[1.192s]                                              [01;36m[K^~~~~~~[m[K
[1.192s]                                              [32m[Kexecle[m[K
[1.192s] [01m[K/home/steags/Documents/Jussieu/M2/MAOA/PDI_Project/ROS2_workspace/src/cvrp/inc/local_search_inter_intra.hpp:23:52:[m[K [01;31m[Kerror: [m[Ktemplate argument 1 is invalid
[1.192s]                                  std::vector<Vehicle[01;31m[K>[m[K vehicles,
[1.193s]                                                     [01;31m[K^[m[K
[1.193s] [01m[K/home/steags/Documents/Jussieu/M2/MAOA/PDI_Project/ROS2_workspace/src/cvrp/inc/local_search_inter_intra.hpp:23:52:[m[K [01;31m[Kerror: [m[Ktemplate argument 2 is invalid
[1.193s] [01m[K/home/steags/Documents/Jussieu/M2/MAOA/PDI_Project/ROS2_workspace/src/cvrp/inc/local_search_inter_intra.hpp:32:41:[m[K [01;31m[Kerror: [m[Kexpected â€˜[01m[K)[m[Kâ€™ before â€˜[01m[Kp[m[Kâ€™
[1.193s]    LocalSearchInterIntraSolution(Problem [01;31m[Kp[m[K);
[1.193s]                                          [01;31m[K^[m[K
[1.193s] [01m[K/home/steags/Documents/Jussieu/M2/MAOA/PDI_Project/ROS2_workspace/src/cvrp/inc/local_search_inter_intra.hpp:40:42:[m[K [01;31m[Kerror: [m[Kexpected â€˜[01m[K)[m[Kâ€™ before â€˜[01m[Ks[m[Kâ€™
[1.194s]    LocalSearchInterIntraSolution(Solution [01;31m[Ks[m[K);
[1.194s]                                           [01;31m[K^[m[K
[1.194s] [01m[K/home/steags/Documents/Jussieu/M2/MAOA/PDI_Project/ROS2_workspace/src/cvrp/inc/local_search_intra.hpp:23:40:[m[K [01;36m[Knote: [m[Ksuggested alternative: â€˜[01m[Kexecle[m[Kâ€™
[1.194s]                             std::vector<[01;36m[KVehicle[m[K> vehicles,
[1.195s]                                         [01;36m[K^~~~~~~[m[K
[1.195s]                                         [32m[Kexecle[m[K
[1.195s] [01m[K/home/steags/Documents/Jussieu/M2/MAOA/PDI_Project/ROS2_workspace/src/cvrp/inc/local_search_intra.hpp:23:47:[m[K [01;31m[Kerror: [m[Ktemplate argument 1 is invalid
[1.195s]                             std::vector<Vehicle[01;31m[K>[m[K vehicles,
[1.195s]                                                [01;31m[K^[m[K
[1.195s] [01m[K/home/steags/Documents/Jussieu/M2/MAOA/PDI_Project/ROS2_workspace/src/cvrp/inc/local_search_intra.hpp:23:47:[m[K [01;31m[Kerror: [m[Ktemplate argument 2 is invalid
[1.196s] [01m[K/home/steags/Documents/Jussieu/M2/MAOA/PDI_Project/ROS2_workspace/src/cvrp/inc/local_search_intra.hpp:32:36:[m[K [01;31m[Kerror: [m[Kexpected â€˜[01m[K)[m[Kâ€™ before â€˜[01m[Kp[m[Kâ€™
[1.196s]    LocalSearchIntraSolution(Problem [01;31m[Kp[m[K);
[1.196s]                                     [01;31m[K^[m[K
[1.196s] [01m[K/home/steags/Documents/Jussieu/M2/MAOA/PDI_Project/ROS2_workspace/src/cvrp/inc/local_search_intra.hpp:40:37:[m[K [01;31m[Kerror: [m[Kexpected â€˜[01m[K)[m[Kâ€™ before â€˜[01m[Ks[m[Kâ€™
[1.196s]    LocalSearchIntraSolution(Solution [01;31m[Ks[m[K);
[1.196s]                                      [01;31m[K^[m[K
[1.196s] In file included from [01m[K/home/steags/Documents/Jussieu/M2/MAOA/PDI_Project/ROS2_workspace/src/cvrp/inc/utils.hpp:32:0[m[K,
[1.197s]                  from [01m[K/home/steags/Documents/Jussieu/M2/MAOA/PDI_Project/ROS2_workspace/src/cvrp/src/utils.cpp:7[m[K:
[1.197s] [01m[K/home/steags/Documents/Jussieu/M2/MAOA/PDI_Project/ROS2_workspace/src/cvrp/inc/local_search_inter_intra.hpp:12:54:[m[K [01;31m[Kerror: [m[Kexpected class-name before â€˜[01m[K{[m[Kâ€™ token
[1.197s]  class LocalSearchInterIntraSolution : public Solution[01;31m[K{[m[K
[1.197s]                                                       [01;31m[K^[m[K
[1.197s] [01m[K/home/steags/Documents/Jussieu/M2/MAOA/PDI_Project/ROS2_workspace/src/cvrp/inc/local_search_inter_intra.hpp:22:45:[m[K [01;31m[Kerror: [m[Kâ€˜[01m[KNode[m[Kâ€™ was not declared in this scope
[1.197s]    LocalSearchInterIntraSolution(std::vector<[01;31m[KNode[m[K> nodes,
[1.197s]                                              [01;31m[K^~~~[m[K
[1.197s] In file included from [01m[K/home/steags/Documents/Jussieu/M2/MAOA/PDI_Project/ROS2_workspace/src/cvrp/inc/utils.hpp:33:0[m[K,
[1.198s]                  from [01m[K/home/steags/Documents/Jussieu/M2/MAOA/PDI_Project/ROS2_workspace/src/cvrp/inc/greedy.hpp:10[m[K,
[1.198s]                  from [01m[K/home/steags/Documents/Jussieu/M2/MAOA/PDI_Project/ROS2_workspace/src/cvrp/src/greedy.cpp:7[m[K:
[1.198s] [01m[K/home/steags/Documents/Jussieu/M2/MAOA/PDI_Project/ROS2_workspace/src/cvrp/inc/tabu_search.hpp:33:43:[m[K [01;31m[Kerror: [m[Kexpected class-name before â€˜[01m[K{[m[Kâ€™ token
[1.198s]  class TabuSearchSolution : public Solution[01;31m[K{[m[K
[1.198s]                                            [01;31m[K^[m[K
[1.198s] [01m[K/home/steags/Documents/Jussieu/M2/MAOA/PDI_Project/ROS2_workspace/src/cvrp/inc/tabu_search.hpp:44:34:[m[K [01;31m[Kerror: [m[Kâ€˜[01m[KNode[m[Kâ€™ was not declared in this scope
[1.199s]    TabuSearchSolution(std::vector<[01;31m[KNode[m[K> nodes,
[1.199s]                                   [01;31m[K^~~~[m[K
[1.199s] [01m[K/home/steags/Documents/Jussieu/M2/MAOA/PDI_Project/ROS2_workspace/src/cvrp/inc/local_search_inter_intra.hpp:22:45:[m[K [01;36m[Knote: [m[Ksuggested alternative: â€˜[01m[Kmodf[m[Kâ€™
[1.199s]    LocalSearchInterIntraSolution(std::vector<[01;36m[KNode[m[K> nodes,
[1.200s]                                              [01;36m[K^~~~[m[K
[1.200s]                                              [32m[Kmodf[m[K
[1.200s] [01m[K/home/steags/Documents/Jussieu/M2/MAOA/PDI_Project/ROS2_workspace/src/cvrp/inc/local_search_inter_intra.hpp:22:49:[m[K [01;31m[Kerror: [m[Ktemplate argument 1 is invalid
[1.200s]    LocalSearchInterIntraSolution(std::vector<Node[01;31m[K>[m[K nodes,
[1.200s]                                                  [01;31m[K^[m[K
[1.200s] [01m[K/home/steags/Documents/Jussieu/M2/MAOA/PDI_Project/ROS2_workspace/src/cvrp/inc/local_search_inter_intra.hpp:22:49:[m[K [01;31m[Kerror: [m[Ktemplate argument 2 is invalid
[1.201s] [01m[K/home/steags/Documents/Jussieu/M2/MAOA/PDI_Project/ROS2_workspace/src/cvrp/inc/local_search_inter_intra.hpp:23:45:[m[K [01;31m[Kerror: [m[Kâ€˜[01m[KVehicle[m[Kâ€™ was not declared in this scope
[1.201s]                                  std::vector<[01;31m[KVehicle[m[K> vehicles,
[1.201s]                                              [01;31m[K^~~~~~~[m[K
[1.201s] [01m[K/home/steags/Documents/Jussieu/M2/MAOA/PDI_Project/ROS2_workspace/src/cvrp/inc/tabu_search.hpp:44:34:[m[K [01;36m[Knote: [m[Ksuggested alternative: â€˜[01m[Kmodf[m[Kâ€™
[1.201s]    TabuSearchSolution(std::vector<[01;36m[KNode[m[K> nodes,
[1.201s]                                   [01;36m[K^~~~[m[K
[1.201s]                                   [32m[Kmodf[m[K
[1.202s] [01m[K/home/steags/Documents/Jussieu/M2/MAOA/PDI_Project/ROS2_workspace/src/cvrp/inc/tabu_search.hpp:44:38:[m[K [01;31m[Kerror: [m[Ktemplate argument 1 is invalid
[1.202s]    TabuSearchSolution(std::vector<Node[01;31m[K>[m[K nodes,
[1.202s]                                       [01;31m[K^[m[K
[1.202s] [01m[K/home/steags/Documents/Jussieu/M2/MAOA/PDI_Project/ROS2_workspace/src/cvrp/inc/tabu_search.hpp:44:38:[m[K [01;31m[Kerror: [m[Ktemplate argument 2 is invalid
[1.203s] [01m[K/home/steags/Documents/Jussieu/M2/MAOA/PDI_Project/ROS2_workspace/src/cvrp/inc/tabu_search.hpp:45:34:[m[K [01;31m[Kerror: [m[Kâ€˜[01m[KVehicle[m[Kâ€™ was not declared in this scope
[1.203s]                       std::vector<[01;31m[KVehicle[m[K> vehicles,
[1.203s]                                   [01;31m[K^~~~~~~[m[K
[1.203s] In file included from [01m[K/home/steags/Documents/Jussieu/M2/MAOA/PDI_Project/ROS2_workspace/src/cvrp/inc/utils.hpp:34:0[m[K,
[1.203s]                  from [01m[K/home/steags/Documents/Jussieu/M2/MAOA/PDI_Project/ROS2_workspace/src/cvrp/inc/genetic_algorithm.hpp:10[m[K,
[1.203s]                  from [01m[K/home/steags/Documents/Jussieu/M2/MAOA/PDI_Project/ROS2_workspace/src/cvrp/src/genetic_algorithm.cpp:7[m[K:
[1.203s] [01m[K/home/steags/Documents/Jussieu/M2/MAOA/PDI_Project/ROS2_workspace/src/cvrp/inc/simulated_annealing.hpp:12:51:[m[K [01;31m[Kerror: [m[Kexpected class-name before â€˜[01m[K{[m[Kâ€™ token
[1.204s]  class SimulatedAnnealingSolution : public Solution[01;31m[K{[m[K
[1.204s]                                                    [01;31m[K^[m[K
[1.204s] [01m[K/home/steags/Documents/Jussieu/M2/MAOA/PDI_Project/ROS2_workspace/src/cvrp/inc/simulated_annealing.hpp:25:42:[m[K [01;31m[Kerror: [m[Kâ€˜[01m[KNode[m[Kâ€™ was not declared in this scope
[1.204s]    SimulatedAnnealingSolution(std::vector<[01;31m[KNode[m[K> nodes,
[1.204s]                                           [01;31m[K^~~~[m[K
[1.205s] [01m[K/home/steags/Documents/Jussieu/M2/MAOA/PDI_Project/ROS2_workspace/src/cvrp/inc/local_search_inter_intra.hpp:23:45:[m[K [01;36m[Knote: [m[Ksuggested alternative: â€˜[01m[Kexecle[m[Kâ€™
[1.206s]                                  std::vector<[01;36m[KVehicle[m[K> vehicles,
[1.207s]                                              [01;36m[K^~~~~~~[m[K
[1.207s]                                              [32m[Kexecle[m[K
[1.207s] [01m[K/home/steags/Documents/Jussieu/M2/MAOA/PDI_Project/ROS2_workspace/src/cvrp/inc/local_search_inter_intra.hpp:23:52:[m[K [01;31m[Kerror: [m[Ktemplate argument 1 is invalid
[1.207s]                                  std::vector<Vehicle[01;31m[K>[m[K vehicles,
[1.207s]                                                     [01;31m[K^[m[K
[1.208s] [01m[K/home/steags/Documents/Jussieu/M2/MAOA/PDI_Project/ROS2_workspace/src/cvrp/inc/local_search_inter_intra.hpp:23:52:[m[K [01;31m[Kerror: [m[Ktemplate argument 2 is invalid
[1.208s] [01m[K/home/steags/Documents/Jussieu/M2/MAOA/PDI_Project/ROS2_workspace/src/cvrp/inc/simulated_annealing.hpp:25:42:[m[K [01;36m[Knote: [m[Ksuggested alternative: â€˜[01m[Kmodf[m[Kâ€™
[1.208s]    SimulatedAnnealingSolution(std::vector<[01;36m[KNode[m[K> nodes,
[1.208s]                                           [01;36m[K^~~~[m[K
[1.208s]                                           [32m[Kmodf[m[K
[1.209s] [01m[K/home/steags/Documents/Jussieu/M2/MAOA/PDI_Project/ROS2_workspace/src/cvrp/inc/simulated_annealing.hpp:25:46:[m[K [01;31m[Kerror: [m[Ktemplate argument 1 is invalid
[1.209s]    SimulatedAnnealingSolution(std::vector<Node[01;31m[K>[m[K nodes,
[1.209s]                                               [01;31m[K^[m[K
[1.209s] [01m[K/home/steags/Documents/Jussieu/M2/MAOA/PDI_Project/ROS2_workspace/src/cvrp/inc/simulated_annealing.hpp:25:46:[m[K [01;31m[Kerror: [m[Ktemplate argument 2 is invalid
[1.209s] [01m[K/home/steags/Documents/Jussieu/M2/MAOA/PDI_Project/ROS2_workspace/src/cvrp/inc/simulated_annealing.hpp:26:42:[m[K [01;31m[Kerror: [m[Kâ€˜[01m[KVehicle[m[Kâ€™ was not declared in this scope
[1.209s]                               std::vector<[01;31m[KVehicle[m[K> vehicles,
[1.209s]                                           [01;31m[K^~~~~~~[m[K
[1.210s] [01m[K/home/steags/Documents/Jussieu/M2/MAOA/PDI_Project/ROS2_workspace/src/cvrp/inc/tabu_search.hpp:45:34:[m[K [01;36m[Knote: [m[Ksuggested alternative: â€˜[01m[Kexecle[m[Kâ€™
[1.210s]                       std::vector<[01;36m[KVehicle[m[K> vehicles,
[1.210s]                                   [01;36m[K^~~~~~~[m[K
[1.210s]                                   [32m[Kexecle[m[K
[1.210s] [01m[K/home/steags/Documents/Jussieu/M2/MAOA/PDI_Project/ROS2_workspace/src/cvrp/inc/tabu_search.hpp:45:41:[m[K [01;31m[Kerror: [m[Ktemplate argument 1 is invalid
[1.211s]                       std::vector<Vehicle[01;31m[K>[m[K vehicles,
[1.211s]                                          [01;31m[K^[m[K
[1.211s] [01m[K/home/steags/Documents/Jussieu/M2/MAOA/PDI_Project/ROS2_workspace/src/cvrp/inc/tabu_search.hpp:45:41:[m[K [01;31m[Kerror: [m[Ktemplate argument 2 is invalid
[1.211s] [01m[K/home/steags/Documents/Jussieu/M2/MAOA/PDI_Project/ROS2_workspace/src/cvrp/inc/tabu_search.hpp:55:30:[m[K [01;31m[Kerror: [m[Kexpected â€˜[01m[K)[m[Kâ€™ before â€˜[01m[Kp[m[Kâ€™
[1.211s]    TabuSearchSolution(Problem [01;31m[Kp[m[K,
[1.211s]                               [01;31m[K^[m[K
[1.212s] [01m[K/home/steags/Documents/Jussieu/M2/MAOA/PDI_Project/ROS2_workspace/src/cvrp/inc/tabu_search.hpp:65:31:[m[K [01;31m[Kerror: [m[Kexpected â€˜[01m[K)[m[Kâ€™ before â€˜[01m[Ks[m[Kâ€™
[1.212s]    TabuSearchSolution(Solution [01;31m[Ks[m[K,
[1.212s]                                [01;31m[K^[m[K
[1.212s] [01m[K/home/steags/Documents/Jussieu/M2/MAOA/PDI_Project/ROS2_workspace/src/cvrp/inc/local_search_intra.hpp:23:40:[m[K [01;36m[Knote: [m[Ksuggested alternative: â€˜[01m[Kexecle[m[Kâ€™
[1.212s]                             std::vector<[01;36m[KVehicle[m[K> vehicles,
[1.212s]                                         [01;36m[K^~~~~~~[m[K
[1.212s]                                         [32m[Kexecle[m[K
[1.213s] [01m[K/home/steags/Documents/Jussieu/M2/MAOA/PDI_Project/ROS2_workspace/src/cvrp/inc/local_search_intra.hpp:23:47:[m[K [01;31m[Kerror: [m[Ktemplate argument 1 is invalid
[1.213s]                             std::vector<Vehicle[01;31m[K>[m[K vehicles,
[1.213s]                                                [01;31m[K^[m[K
[1.213s] [01m[K/home/steags/Documents/Jussieu/M2/MAOA/PDI_Project/ROS2_workspace/src/cvrp/inc/local_search_intra.hpp:23:47:[m[K [01;31m[Kerror: [m[Ktemplate argument 2 is invalid
[1.213s] [01m[K/home/steags/Documents/Jussieu/M2/MAOA/PDI_Project/ROS2_workspace/src/cvrp/inc/local_search_intra.hpp:32:36:[m[K [01;31m[Kerror: [m[Kexpected â€˜[01m[K)[m[Kâ€™ before â€˜[01m[Kp[m[Kâ€™
[1.213s]    LocalSearchIntraSolution(Problem [01;31m[Kp[m[K);
[1.213s]                                     [01;31m[K^[m[K
[1.214s] [01m[K/home/steags/Documents/Jussieu/M2/MAOA/PDI_Project/ROS2_workspace/src/cvrp/inc/local_search_intra.hpp:40:37:[m[K [01;31m[Kerror: [m[Kexpected â€˜[01m[K)[m[Kâ€™ before â€˜[01m[Ks[m[Kâ€™
[1.214s]    LocalSearchIntraSolution(Solution [01;31m[Ks[m[K);
[1.214s]                                      [01;31m[K^[m[K
[1.214s] In file included from [01m[K/home/steags/Documents/Jussieu/M2/MAOA/PDI_Project/ROS2_workspace/src/cvrp/inc/utils.hpp:32:0[m[K,
[1.214s]                  from [01m[K/home/steags/Documents/Jussieu/M2/MAOA/PDI_Project/ROS2_workspace/src/cvrp/inc/simulated_annealing.hpp:10[m[K,
[1.215s]                  from [01m[K/home/steags/Documents/Jussieu/M2/MAOA/PDI_Project/ROS2_workspace/src/cvrp/src/simulated_annealing.cpp:7[m[K:
[1.215s] [01m[K/home/steags/Documents/Jussieu/M2/MAOA/PDI_Project/ROS2_workspace/src/cvrp/inc/local_search_inter_intra.hpp:12:54:[m[K [01;31m[Kerror: [m[Kexpected class-name before â€˜[01m[K{[m[Kâ€™ token
[1.215s]  class LocalSearchInterIntraSolution : public Solution[01;31m[K{[m[K
[1.215s]                                                       [01;31m[K^[m[K
[1.215s] In file included from [01m[K/home/steags/Documents/Jussieu/M2/MAOA/PDI_Project/ROS2_workspace/src/cvrp/inc/utils.hpp:29:0[m[K,
[1.215s]                  from [01m[K/home/steags/Documents/Jussieu/M2/MAOA/PDI_Project/ROS2_workspace/src/cvrp/inc/local_search_intra.hpp:10[m[K,
[1.215s]                  from [01m[K/home/steags/Documents/Jussieu/M2/MAOA/PDI_Project/ROS2_workspace/src/cvrp/src/local_search_intra.cpp:7[m[K:
[1.216s] [01m[K/home/steags/Documents/Jussieu/M2/MAOA/PDI_Project/ROS2_workspace/src/cvrp/inc/genetic_algorithm.hpp:13:35:[m[K [01;31m[Kerror: [m[Kexpected class-name before â€˜[01m[K{[m[Kâ€™ token
[1.216s]  class GASolution : public Solution[01;31m[K{[m[K
[1.216s]                                    [01;31m[K^[m[K
[1.216s] [01m[K/home/steags/Documents/Jussieu/M2/MAOA/PDI_Project/ROS2_workspace/src/cvrp/inc/local_search_inter_intra.hpp:32:41:[m[K [01;31m[Kerror: [m[Kexpected â€˜[01m[K)[m[Kâ€™ before â€˜[01m[Kp[m[Kâ€™
[1.216s]    LocalSearchInterIntraSolution(Problem [01;31m[Kp[m[K);
[1.216s]                                          [01;31m[K^[m[K
[1.216s] [01m[K/home/steags/Documents/Jussieu/M2/MAOA/PDI_Project/ROS2_workspace/src/cvrp/inc/genetic_algorithm.hpp:25:26:[m[K [01;31m[Kerror: [m[Kâ€˜[01m[KNode[m[Kâ€™ was not declared in this scope
[1.217s]    GASolution(std::vector<[01;31m[KNode[m[K> nodes,
[1.217s]                           [01;31m[K^~~~[m[K
[1.217s] [01m[K/home/steags/Documents/Jussieu/M2/MAOA/PDI_Project/ROS2_workspace/src/cvrp/inc/local_search_inter_intra.hpp:40:42:[m[K [01;31m[Kerror: [m[Kexpected â€˜[01m[K)[m[Kâ€™ before â€˜[01m[Ks[m[Kâ€™
[1.217s]    LocalSearchInterIntraSolution(Solution [01;31m[Ks[m[K);
[1.217s]                                           [01;31m[K^[m[K
[1.217s] [01m[K/home/steags/Documents/Jussieu/M2/MAOA/PDI_Project/ROS2_workspace/src/cvrp/inc/simulated_annealing.hpp:26:42:[m[K [01;36m[Knote: [m[Ksuggested alternative: â€˜[01m[Kexecle[m[Kâ€™
[1.217s]                               std::vector<[01;36m[KVehicle[m[K> vehicles,
[1.218s]                                           [01;36m[K^~~~~~~[m[K
[1.218s]                                           [32m[Kexecle[m[K
[1.218s] [01m[K/home/steags/Documents/Jussieu/M2/MAOA/PDI_Project/ROS2_workspace/src/cvrp/inc/simulated_annealing.hpp:26:49:[m[K [01;31m[Kerror: [m[Ktemplate argument 1 is invalid
[1.218s]                               std::vector<Vehicle[01;31m[K>[m[K vehicles,
[1.218s]                                                  [01;31m[K^[m[K
[1.218s] [01m[K/home/steags/Documents/Jussieu/M2/MAOA/PDI_Project/ROS2_workspace/src/cvrp/inc/simulated_annealing.hpp:26:49:[m[K [01;31m[Kerror: [m[Ktemplate argument 2 is invalid
[1.219s] [01m[K/home/steags/Documents/Jussieu/M2/MAOA/PDI_Project/ROS2_workspace/src/cvrp/inc/simulated_annealing.hpp:41:38:[m[K [01;31m[Kerror: [m[Kexpected â€˜[01m[K)[m[Kâ€™ before â€˜[01m[Kp[m[Kâ€™
[1.219s]    SimulatedAnnealingSolution(Problem [01;31m[Kp[m[K,
[1.219s]                                       [01;31m[K^[m[K
[1.219s] [01m[K/home/steags/Documents/Jussieu/M2/MAOA/PDI_Project/ROS2_workspace/src/cvrp/inc/simulated_annealing.hpp:55:39:[m[K [01;31m[Kerror: [m[Kexpected â€˜[01m[K)[m[Kâ€™ before â€˜[01m[Ks[m[Kâ€™
[1.219s]    SimulatedAnnealingSolution(Solution [01;31m[Ks[m[K,
[1.219s]                                        [01;31m[K^[m[K
[1.219s] In file included from [01m[K/home/steags/Documents/Jussieu/M2/MAOA/PDI_Project/ROS2_workspace/src/cvrp/inc/utils.hpp:33:0[m[K,
[1.219s]                  from [01m[K/home/steags/Documents/Jussieu/M2/MAOA/PDI_Project/ROS2_workspace/src/cvrp/src/utils.cpp:7[m[K:
[1.220s] [01m[K/home/steags/Documents/Jussieu/M2/MAOA/PDI_Project/ROS2_workspace/src/cvrp/inc/tabu_search.hpp:33:43:[m[K [01;31m[Kerror: [m[Kexpected class-name before â€˜[01m[K{[m[Kâ€™ token
[1.220s]  class TabuSearchSolution : public Solution[01;31m[K{[m[K
[1.220s]                                            [01;31m[K^[m[K
[1.220s] [01m[K/home/steags/Documents/Jussieu/M2/MAOA/PDI_Project/ROS2_workspace/src/cvrp/inc/tabu_search.hpp:44:34:[m[K [01;31m[Kerror: [m[Kâ€˜[01m[KNode[m[Kâ€™ was not declared in this scope
[1.220s]    TabuSearchSolution(std::vector<[01;31m[KNode[m[K> nodes,
[1.220s]                                   [01;31m[K^~~~[m[K
[1.221s] [01m[K/home/steags/Documents/Jussieu/M2/MAOA/PDI_Project/ROS2_workspace/src/cvrp/inc/genetic_algorithm.hpp:25:26:[m[K [01;36m[Knote: [m[Ksuggested alternative: â€˜[01m[Kmodf[m[Kâ€™
[1.221s]    GASolution(std::vector<[01;36m[KNode[m[K> nodes,
[1.221s]                           [01;36m[K^~~~[m[K
[1.221s]                           [32m[Kmodf[m[K
[1.221s] [01m[K/home/steags/Documents/Jussieu/M2/MAOA/PDI_Project/ROS2_workspace/src/cvrp/inc/genetic_algorithm.hpp:25:30:[m[K [01;31m[Kerror: [m[Ktemplate argument 1 is invalid
[1.221s]    GASolution(std::vector<Node[01;31m[K>[m[K nodes,
[1.222s]                               [01;31m[K^[m[K
[1.222s] [01m[K/home/steags/Documents/Jussieu/M2/MAOA/PDI_Project/ROS2_workspace/src/cvrp/inc/genetic_algorithm.hpp:25:30:[m[K [01;31m[Kerror: [m[Ktemplate argument 2 is invalid
[1.222s] [01m[K/home/steags/Documents/Jussieu/M2/MAOA/PDI_Project/ROS2_workspace/src/cvrp/inc/genetic_algorithm.hpp:26:26:[m[K [01;31m[Kerror: [m[Kâ€˜[01m[KVehicle[m[Kâ€™ was not declared in this scope
[1.222s]               std::vector<[01;31m[KVehicle[m[K> vehicles,
[1.222s]                           [01;31m[K^~~~~~~[m[K
[1.222s] In file included from [01m[K/home/steags/Documents/Jussieu/M2/MAOA/PDI_Project/ROS2_workspace/src/cvrp/inc/utils.hpp:29:0[m[K,
[1.222s]                  from [01m[K/home/steags/Documents/Jussieu/M2/MAOA/PDI_Project/ROS2_workspace/src/cvrp/inc/tabu_search.hpp:10[m[K,
[1.223s]                  from [01m[K/home/steags/Documents/Jussieu/M2/MAOA/PDI_Project/ROS2_workspace/src/cvrp/src/tabu_search.cpp:7[m[K:
[1.223s] [01m[K/home/steags/Documents/Jussieu/M2/MAOA/PDI_Project/ROS2_workspace/src/cvrp/inc/genetic_algorithm.hpp:13:35:[m[K [01;31m[Kerror: [m[Kexpected class-name before â€˜[01m[K{[m[Kâ€™ token
[1.223s]  class GASolution : public Solution[01;31m[K{[m[K
[1.223s]                                    [01;31m[K^[m[K
[1.223s] [01m[K/home/steags/Documents/Jussieu/M2/MAOA/PDI_Project/ROS2_workspace/src/cvrp/inc/genetic_algorithm.hpp:25:26:[m[K [01;31m[Kerror: [m[Kâ€˜[01m[KNode[m[Kâ€™ was not declared in this scope
[1.223s]    GASolution(std::vector<[01;31m[KNode[m[K> nodes,
[1.223s]                           [01;31m[K^~~~[m[K
[1.224s] [01m[K/home/steags/Documents/Jussieu/M2/MAOA/PDI_Project/ROS2_workspace/src/cvrp/inc/tabu_search.hpp:44:34:[m[K [01;36m[Knote: [m[Ksuggested alternative: â€˜[01m[Kmodf[m[Kâ€™
[1.224s]    TabuSearchSolution(std::vector<[01;36m[KNode[m[K> nodes,
[1.224s]                                   [01;36m[K^~~~[m[K
[1.224s]                                   [32m[Kmodf[m[K
[1.224s] [01m[K/home/steags/Documents/Jussieu/M2/MAOA/PDI_Project/ROS2_workspace/src/cvrp/inc/tabu_search.hpp:44:38:[m[K [01;31m[Kerror: [m[Ktemplate argument 1 is invalid
[1.224s]    TabuSearchSolution(std::vector<Node[01;31m[K>[m[K nodes,
[1.224s]                                       [01;31m[K^[m[K
[1.225s] [01m[K/home/steags/Documents/Jussieu/M2/MAOA/PDI_Project/ROS2_workspace/src/cvrp/inc/tabu_search.hpp:44:38:[m[K [01;31m[Kerror: [m[Ktemplate argument 2 is invalid
[1.225s] [01m[K/home/steags/Documents/Jussieu/M2/MAOA/PDI_Project/ROS2_workspace/src/cvrp/inc/tabu_search.hpp:45:34:[m[K [01;31m[Kerror: [m[Kâ€˜[01m[KVehicle[m[Kâ€™ was not declared in this scope
[1.225s]                       std::vector<[01;31m[KVehicle[m[K> vehicles,
[1.225s]                                   [01;31m[K^~~~~~~[m[K
[1.225s] [01m[K/home/steags/Documents/Jussieu/M2/MAOA/PDI_Project/ROS2_workspace/src/cvrp/inc/genetic_algorithm.hpp:25:26:[m[K [01;36m[Knote: [m[Ksuggested alternative: â€˜[01m[Kmodf[m[Kâ€™
[1.225s]    GASolution(std::vector<[01;36m[KNode[m[K> nodes,
[1.225s]                           [01;36m[K^~~~[m[K
[1.225s]                           [32m[Kmodf[m[K
[1.226s] [01m[K/home/steags/Documents/Jussieu/M2/MAOA/PDI_Project/ROS2_workspace/src/cvrp/inc/genetic_algorithm.hpp:25:30:[m[K [01;31m[Kerror: [m[Ktemplate argument 1 is invalid
[1.226s]    GASolution(std::vector<Node[01;31m[K>[m[K nodes,
[1.226s]                               [01;31m[K^[m[K
[1.226s] [01m[K/home/steags/Documents/Jussieu/M2/MAOA/PDI_Project/ROS2_workspace/src/cvrp/inc/genetic_algorithm.hpp:25:30:[m[K [01;31m[Kerror: [m[Ktemplate argument 2 is invalid
[1.226s] [01m[K/home/steags/Documents/Jussieu/M2/MAOA/PDI_Project/ROS2_workspace/src/cvrp/inc/genetic_algorithm.hpp:26:26:[m[K [01;31m[Kerror: [m[Kâ€˜[01m[KVehicle[m[Kâ€™ was not declared in this scope
[1.226s]               std::vector<[01;31m[KVehicle[m[K> vehicles,
[1.227s]                           [01;31m[K^~~~~~~[m[K
[1.227s] [01m[K/home/steags/Documents/Jussieu/M2/MAOA/PDI_Project/ROS2_workspace/src/cvrp/inc/genetic_algorithm.hpp:26:26:[m[K [01;36m[Knote: [m[Ksuggested alternative: â€˜[01m[Kexecle[m[Kâ€™
[1.227s]               std::vector<[01;36m[KVehicle[m[K> vehicles,
[1.227s]                           [01;36m[K^~~~~~~[m[K
[1.227s]                           [32m[Kexecle[m[K
[1.227s] [01m[K/home/steags/Documents/Jussieu/M2/MAOA/PDI_Project/ROS2_workspace/src/cvrp/inc/genetic_algorithm.hpp:26:33:[m[K [01;31m[Kerror: [m[Ktemplate argument 1 is invalid
[1.227s]               std::vector<Vehicle[01;31m[K>[m[K vehicles,
[1.228s]                                  [01;31m[K^[m[K
[1.228s] [01m[K/home/steags/Documents/Jussieu/M2/MAOA/PDI_Project/ROS2_workspace/src/cvrp/inc/genetic_algorithm.hpp:26:33:[m[K [01;31m[Kerror: [m[Ktemplate argument 2 is invalid
[1.228s] [01m[K/home/steags/Documents/Jussieu/M2/MAOA/PDI_Project/ROS2_workspace/src/cvrp/inc/genetic_algorithm.hpp:38:23:[m[K [01;31m[Kerror: [m[Kexpected â€˜[01m[K)[m[Kâ€™ before â€˜[01m[Kp[m[Kâ€™
[1.228s]     GASolution(Problem [01;31m[Kp[m[K,
[1.228s]                        [01;31m[K^[m[K
[1.228s] [01m[K/home/steags/Documents/Jussieu/M2/MAOA/PDI_Project/ROS2_workspace/src/cvrp/inc/genetic_algorithm.hpp:50:24:[m[K [01;31m[Kerror: [m[Kexpected â€˜[01m[K)[m[Kâ€™ before â€˜[01m[Ks[m[Kâ€™
[1.229s]     GASolution(Solution [01;31m[Ks[m[K,
[1.229s]                         [01;31m[K^[m[K
[1.229s] [01m[K/home/steags/Documents/Jussieu/M2/MAOA/PDI_Project/ROS2_workspace/src/cvrp/inc/tabu_search.hpp:45:34:[m[K [01;36m[Knote: [m[Ksuggested alternative: â€˜[01m[Kexecle[m[Kâ€™
[1.229s]                       std::vector<[01;36m[KVehicle[m[K> vehicles,
[1.229s]                                   [01;36m[K^~~~~~~[m[K
[1.229s]                                   [32m[Kexecle[m[K
[1.229s] [01m[K/home/steags/Documents/Jussieu/M2/MAOA/PDI_Project/ROS2_workspace/src/cvrp/inc/tabu_search.hpp:45:41:[m[K [01;31m[Kerror: [m[Ktemplate argument 1 is invalid
[1.230s]                       std::vector<Vehicle[01;31m[K>[m[K vehicles,
[1.230s]                                          [01;31m[K^[m[K
[1.230s] [01m[K/home/steags/Documents/Jussieu/M2/MAOA/PDI_Project/ROS2_workspace/src/cvrp/inc/tabu_search.hpp:45:41:[m[K [01;31m[Kerror: [m[Ktemplate argument 2 is invalid
[1.230s] [01m[K/home/steags/Documents/Jussieu/M2/MAOA/PDI_Project/ROS2_workspace/src/cvrp/inc/tabu_search.hpp:55:30:[m[K [01;31m[Kerror: [m[Kexpected â€˜[01m[K)[m[Kâ€™ before â€˜[01m[Kp[m[Kâ€™
[1.230s]    TabuSearchSolution(Problem [01;31m[Kp[m[K,
[1.230s]                               [01;31m[K^[m[K
[1.231s] [01m[K/home/steags/Documents/Jussieu/M2/MAOA/PDI_Project/ROS2_workspace/src/cvrp/inc/tabu_search.hpp:65:31:[m[K [01;31m[Kerror: [m[Kexpected â€˜[01m[K)[m[Kâ€™ before â€˜[01m[Ks[m[Kâ€™
[1.231s]    TabuSearchSolution(Solution [01;31m[Ks[m[K,
[1.231s]                                [01;31m[K^[m[K
[1.231s] [01m[K/home/steags/Documents/Jussieu/M2/MAOA/PDI_Project/ROS2_workspace/src/cvrp/inc/genetic_algorithm.hpp:26:26:[m[K [01;36m[Knote: [m[Ksuggested alternative: â€˜[01m[Kexecle[m[Kâ€™
[1.231s]               std::vector<[01;36m[KVehicle[m[K> vehicles,
[1.231s]                           [01;36m[K^~~~~~~[m[K
[1.231s]                           [32m[Kexecle[m[K
[1.232s] [01m[K/home/steags/Documents/Jussieu/M2/MAOA/PDI_Project/ROS2_workspace/src/cvrp/inc/genetic_algorithm.hpp:26:33:[m[K [01;31m[Kerror: [m[Ktemplate argument 1 is invalid
[1.232s]               std::vector<Vehicle[01;31m[K>[m[K vehicles,
[1.232s]                                  [01;31m[K^[m[K
[1.232s] [01m[K/home/steags/Documents/Jussieu/M2/MAOA/PDI_Project/ROS2_workspace/src/cvrp/inc/genetic_algorithm.hpp:26:33:[m[K [01;31m[Kerror: [m[Ktemplate argument 2 is invalid
[1.232s] [01m[K/home/steags/Documents/Jussieu/M2/MAOA/PDI_Project/ROS2_workspace/src/cvrp/inc/genetic_algorithm.hpp:38:23:[m[K [01;31m[Kerror: [m[Kexpected â€˜[01m[K)[m[Kâ€™ before â€˜[01m[Kp[m[Kâ€™
[1.232s]     GASolution(Problem [01;31m[Kp[m[K,
[1.233s]                        [01;31m[K^[m[K
[1.233s] [01m[K/home/steags/Documents/Jussieu/M2/MAOA/PDI_Project/ROS2_workspace/src/cvrp/inc/genetic_algorithm.hpp:50:24:[m[K [01;31m[Kerror: [m[Kexpected â€˜[01m[K)[m[Kâ€™ before â€˜[01m[Ks[m[Kâ€™
[1.233s]     GASolution(Solution [01;31m[Ks[m[K,
[1.233s]                         [01;31m[K^[m[K
[1.233s] In file included from [01m[K/home/steags/Documents/Jussieu/M2/MAOA/PDI_Project/ROS2_workspace/src/cvrp/inc/utils.hpp:30:0[m[K,
[1.233s]                  from [01m[K/home/steags/Documents/Jussieu/M2/MAOA/PDI_Project/ROS2_workspace/src/cvrp/inc/local_search_intra.hpp:10[m[K,
[1.234s]                  from [01m[K/home/steags/Documents/Jussieu/M2/MAOA/PDI_Project/ROS2_workspace/src/cvrp/src/local_search_intra.cpp:7[m[K:
[1.234s] [01m[K/home/steags/Documents/Jussieu/M2/MAOA/PDI_Project/ROS2_workspace/src/cvrp/inc/greedy.hpp:12:37:[m[K [01;31m[Kerror: [m[Kexpected class-name before â€˜[01m[K{[m[Kâ€™ token
[1.234s]  class GreedySolution:public Solution[01;31m[K{[m[K
[1.234s]                                      [01;31m[K^[m[K
[1.234s] [01m[K/home/steags/Documents/Jussieu/M2/MAOA/PDI_Project/ROS2_workspace/src/cvrp/inc/greedy.hpp:22:30:[m[K [01;31m[Kerror: [m[Kâ€˜[01m[KNode[m[Kâ€™ was not declared in this scope
[1.235s]    GreedySolution(std::vector<[01;31m[KNode[m[K> nodes,
[1.235s]                               [01;31m[K^~~~[m[K
[1.241s] [01m[K/home/steags/Documents/Jussieu/M2/MAOA/PDI_Project/ROS2_workspace/src/cvrp/inc/greedy.hpp:22:30:[m[K [01;36m[Knote: [m[Ksuggested alternative: â€˜[01m[Kmodf[m[Kâ€™
[1.241s]    GreedySolution(std::vector<[01;36m[KNode[m[K> nodes,
[1.241s]                               [01;36m[K^~~~[m[K
[1.241s]                               [32m[Kmodf[m[K
[1.241s] [01m[K/home/steags/Documents/Jussieu/M2/MAOA/PDI_Project/ROS2_workspace/src/cvrp/inc/greedy.hpp:22:34:[m[K [01;31m[Kerror: [m[Ktemplate argument 1 is invalid
[1.242s]    GreedySolution(std::vector<Node[01;31m[K>[m[K nodes,
[1.242s]                                   [01;31m[K^[m[K
[1.242s] [01m[K/home/steags/Documents/Jussieu/M2/MAOA/PDI_Project/ROS2_workspace/src/cvrp/inc/greedy.hpp:22:34:[m[K [01;31m[Kerror: [m[Ktemplate argument 2 is invalid
[1.243s] [01m[K/home/steags/Documents/Jussieu/M2/MAOA/PDI_Project/ROS2_workspace/src/cvrp/inc/greedy.hpp:23:30:[m[K [01;31m[Kerror: [m[Kâ€˜[01m[KVehicle[m[Kâ€™ was not declared in this scope
[1.244s]                   std::vector<[01;31m[KVehicle[m[K> vehicles,
[1.244s]                               [01;31m[K^~~~~~~[m[K
[1.244s] In file included from [01m[K/home/steags/Documents/Jussieu/M2/MAOA/PDI_Project/ROS2_workspace/src/cvrp/inc/utils.hpp:30:0[m[K,
[1.244s]                  from [01m[K/home/steags/Documents/Jussieu/M2/MAOA/PDI_Project/ROS2_workspace/src/cvrp/inc/tabu_search.hpp:10[m[K,
[1.244s]                  from [01m[K/home/steags/Documents/Jussieu/M2/MAOA/PDI_Project/ROS2_workspace/src/cvrp/src/tabu_search.cpp:7[m[K:
[1.244s] [01m[K/home/steags/Documents/Jussieu/M2/MAOA/PDI_Project/ROS2_workspace/src/cvrp/inc/greedy.hpp:12:37:[m[K [01;31m[Kerror: [m[Kexpected class-name before â€˜[01m[K{[m[Kâ€™ token
[1.245s]  class GreedySolution:public Solution[01;31m[K{[m[K
[1.245s]                                      [01;31m[K^[m[K
[1.245s] [01m[K/home/steags/Documents/Jussieu/M2/MAOA/PDI_Project/ROS2_workspace/src/cvrp/inc/greedy.hpp:22:30:[m[K [01;31m[Kerror: [m[Kâ€˜[01m[KNode[m[Kâ€™ was not declared in this scope
[1.245s]    GreedySolution(std::vector<[01;31m[KNode[m[K> nodes,
[1.245s]                               [01;31m[K^~~~[m[K
[1.245s] [01m[K/home/steags/Documents/Jussieu/M2/MAOA/PDI_Project/ROS2_workspace/src/cvrp/inc/greedy.hpp:22:30:[m[K [01;36m[Knote: [m[Ksuggested alternative: â€˜[01m[Kmodf[m[Kâ€™
[1.245s]    GreedySolution(std::vector<[01;36m[KNode[m[K> nodes,
[1.246s]                               [01;36m[K^~~~[m[K
[1.246s]                               [32m[Kmodf[m[K
[1.246s] [01m[K/home/steags/Documents/Jussieu/M2/MAOA/PDI_Project/ROS2_workspace/src/cvrp/inc/greedy.hpp:22:34:[m[K [01;31m[Kerror: [m[Ktemplate argument 1 is invalid
[1.246s]    GreedySolution(std::vector<Node[01;31m[K>[m[K nodes,
[1.246s]                                   [01;31m[K^[m[K
[1.246s] [01m[K/home/steags/Documents/Jussieu/M2/MAOA/PDI_Project/ROS2_workspace/src/cvrp/inc/greedy.hpp:22:34:[m[K [01;31m[Kerror: [m[Ktemplate argument 2 is invalid
[1.246s] [01m[K/home/steags/Documents/Jussieu/M2/MAOA/PDI_Project/ROS2_workspace/src/cvrp/inc/greedy.hpp:23:30:[m[K [01;31m[Kerror: [m[Kâ€˜[01m[KVehicle[m[Kâ€™ was not declared in this scope
[1.247s]                   std::vector<[01;31m[KVehicle[m[K> vehicles,
[1.247s]                               [01;31m[K^~~~~~~[m[K
[1.247s] In file included from [01m[K/home/steags/Documents/Jussieu/M2/MAOA/PDI_Project/ROS2_workspace/src/cvrp/inc/utils.hpp:34:0[m[K,
[1.247s]                  from [01m[K/home/steags/Documents/Jussieu/M2/MAOA/PDI_Project/ROS2_workspace/src/cvrp/inc/greedy.hpp:10[m[K,
[1.247s]                  from [01m[K/home/steags/Documents/Jussieu/M2/MAOA/PDI_Project/ROS2_workspace/src/cvrp/src/greedy.cpp:7[m[K:
[1.248s] [01m[K/home/steags/Documents/Jussieu/M2/MAOA/PDI_Project/ROS2_workspace/src/cvrp/inc/simulated_annealing.hpp:12:51:[m[K [01;31m[Kerror: [m[Kexpected class-name before â€˜[01m[K{[m[Kâ€™ token
[1.248s]  class SimulatedAnnealingSolution : public Solution[01;31m[K{[m[K
[1.248s]                                                    [01;31m[K^[m[K
[1.248s] [01m[K/home/steags/Documents/Jussieu/M2/MAOA/PDI_Project/ROS2_workspace/src/cvrp/inc/greedy.hpp:23:30:[m[K [01;36m[Knote: [m[Ksuggested alternative: â€˜[01m[Kexecle[m[Kâ€™
[1.248s]                   std::vector<[01;36m[KVehicle[m[K> vehicles,
[1.248s]                               [01;36m[K^~~~~~~[m[K
[1.249s]                               [32m[Kexecle[m[K
[1.249s] [01m[K/home/steags/Documents/Jussieu/M2/MAOA/PDI_Project/ROS2_workspace/src/cvrp/inc/greedy.hpp:23:37:[m[K [01;31m[Kerror: [m[Ktemplate argument 1 is invalid
[1.249s]                   std::vector<Vehicle[01;31m[K>[m[K vehicles,
[1.249s]                                      [01;31m[K^[m[K
[1.249s] [01m[K/home/steags/Documents/Jussieu/M2/MAOA/PDI_Project/ROS2_workspace/src/cvrp/inc/local_search_inter_intra.hpp:22:45:[m[K [01;31m[Kerror: [m[Kâ€˜[01m[KNode[m[Kâ€™ was not declared in this scope
[1.249s]    LocalSearchInterIntraSolution(std::vector<[01;31m[KNode[m[K> nodes,
[1.249s]                                              [01;31m[K^~~~[m[K
[1.250s] [01m[K/home/steags/Documents/Jussieu/M2/MAOA/PDI_Project/ROS2_workspace/src/cvrp/inc/greedy.hpp:23:37:[m[K [01;31m[Kerror: [m[Ktemplate argument 2 is invalid
[1.250s] [01m[K/home/steags/Documents/Jussieu/M2/MAOA/PDI_Project/ROS2_workspace/src/cvrp/inc/greedy.hpp:32:26:[m[K [01;31m[Kerror: [m[Kexpected â€˜[01m[K)[m[Kâ€™ before â€˜[01m[Kp[m[Kâ€™
[1.250s]    GreedySolution(Problem [01;31m[Kp[m[K);
[1.250s]                           [01;31m[K^[m[K
[1.250s] In file included from [01m[K/home/steags/Documents/Jussieu/M2/MAOA/PDI_Project/ROS2_workspace/src/cvrp/inc/utils.hpp:32:0[m[K,
[1.250s]                  from [01m[K/home/steags/Documents/Jussieu/M2/MAOA/PDI_Project/ROS2_workspace/src/cvrp/inc/local_search_intra.hpp:10[m[K,
[1.250s]                  from [01m[K/home/steags/Documents/Jussieu/M2/MAOA/PDI_Project/ROS2_workspace/src/cvrp/src/local_search_intra.cpp:7[m[K:
[1.251s] [01m[K/home/steags/Documents/Jussieu/M2/MAOA/PDI_Project/ROS2_workspace/src/cvrp/inc/local_search_inter_intra.hpp:12:54:[m[K [01;31m[Kerror: [m[Kexpected class-name before â€˜[01m[K{[m[Kâ€™ token
[1.251s]  class LocalSearchInterIntraSolution : public Solution[01;31m[K{[m[K
[1.251s]                                                       [01;31m[K^[m[K
[1.251s] [01m[K/home/steags/Documents/Jussieu/M2/MAOA/PDI_Project/ROS2_workspace/src/cvrp/inc/local_search_inter_intra.hpp:22:45:[m[K [01;31m[Kerror: [m[Kâ€˜[01m[KNode[m[Kâ€™ was not declared in this scope
[1.251s]    LocalSearchInterIntraSolution(std::vector<[01;31m[KNode[m[K> nodes,
[1.251s]                                              [01;31m[K^~~~[m[K
[1.251s] [01m[K/home/steags/Documents/Jussieu/M2/MAOA/PDI_Project/ROS2_workspace/src/cvrp/inc/local_search_inter_intra.hpp:22:45:[m[K [01;36m[Knote: [m[Ksuggested alternative: â€˜[01m[Kmodf[m[Kâ€™
[1.252s]    LocalSearchInterIntraSolution(std::vector<[01;36m[KNode[m[K> nodes,
[1.252s]                                              [01;36m[K^~~~[m[K
[1.252s]                                              [32m[Kmodf[m[K
[1.252s] [01m[K/home/steags/Documents/Jussieu/M2/MAOA/PDI_Project/ROS2_workspace/src/cvrp/inc/local_search_inter_intra.hpp:22:49:[m[K [01;31m[Kerror: [m[Ktemplate argument 1 is invalid
[1.252s]    LocalSearchInterIntraSolution(std::vector<Node[01;31m[K>[m[K nodes,
[1.252s]                                                  [01;31m[K^[m[K
[1.253s] [01m[K/home/steags/Documents/Jussieu/M2/MAOA/PDI_Project/ROS2_workspace/src/cvrp/inc/local_search_inter_intra.hpp:22:49:[m[K [01;31m[Kerror: [m[Ktemplate argument 2 is invalid
[1.253s] [01m[K/home/steags/Documents/Jussieu/M2/MAOA/PDI_Project/ROS2_workspace/src/cvrp/inc/local_search_inter_intra.hpp:23:45:[m[K [01;31m[Kerror: [m[Kâ€˜[01m[KVehicle[m[Kâ€™ was not declared in this scope
[1.253s]                                  std::vector<[01;31m[KVehicle[m[K> vehicles,
[1.253s]                                              [01;31m[K^~~~~~~[m[K
[1.253s] [01m[K/home/steags/Documents/Jussieu/M2/MAOA/PDI_Project/ROS2_workspace/src/cvrp/inc/local_search_inter_intra.hpp:22:45:[m[K [01;36m[Knote: [m[Ksuggested alternative: â€˜[01m[Kmodf[m[Kâ€™
[1.253s]    LocalSearchInterIntraSolution(std::vector<[01;36m[KNode[m[K> nodes,
[1.253s]                                              [01;36m[K^~~~[m[K
[1.254s]                                              [32m[Kmodf[m[K
[1.254s] [01m[K/home/steags/Documents/Jussieu/M2/MAOA/PDI_Project/ROS2_workspace/src/cvrp/inc/local_search_inter_intra.hpp:22:49:[m[K [01;31m[Kerror: [m[Ktemplate argument 1 is invalid
[1.254s]    LocalSearchInterIntraSolution(std::vector<Node[01;31m[K>[m[K nodes,
[1.254s]                                                  [01;31m[K^[m[K
[1.254s] [01m[K/home/steags/Documents/Jussieu/M2/MAOA/PDI_Project/ROS2_workspace/src/cvrp/inc/local_search_inter_intra.hpp:22:49:[m[K [01;31m[Kerror: [m[Ktemplate argument 2 is invalid
[1.254s] [01m[K/home/steags/Documents/Jussieu/M2/MAOA/PDI_Project/ROS2_workspace/src/cvrp/inc/local_search_inter_intra.hpp:23:45:[m[K [01;31m[Kerror: [m[Kâ€˜[01m[KVehicle[m[Kâ€™ was not declared in this scope
[1.255s]                                  std::vector<[01;31m[KVehicle[m[K> vehicles,
[1.255s]                                              [01;31m[K^~~~~~~[m[K
[1.255s] [01m[K/home/steags/Documents/Jussieu/M2/MAOA/PDI_Project/ROS2_workspace/src/cvrp/inc/greedy.hpp:23:30:[m[K [01;36m[Knote: [m[Ksuggested alternative: â€˜[01m[Kexecle[m[Kâ€™
[1.255s]                   std::vector<[01;36m[KVehicle[m[K> vehicles,
[1.255s]                               [01;36m[K^~~~~~~[m[K
[1.255s]                               [32m[Kexecle[m[K
[1.255s] [01m[K/home/steags/Documents/Jussieu/M2/MAOA/PDI_Project/ROS2_workspace/src/cvrp/inc/greedy.hpp:23:37:[m[K [01;31m[Kerror: [m[Ktemplate argument 1 is invalid
[1.256s]                   std::vector<Vehicle[01;31m[K>[m[K vehicles,
[1.256s]                                      [01;31m[K^[m[K
[1.256s] [01m[K/home/steags/Documents/Jussieu/M2/MAOA/PDI_Project/ROS2_workspace/src/cvrp/inc/greedy.hpp:23:37:[m[K [01;31m[Kerror: [m[Ktemplate argument 2 is invalid
[1.256s] [01m[K/home/steags/Documents/Jussieu/M2/MAOA/PDI_Project/ROS2_workspace/src/cvrp/inc/greedy.hpp:32:26:[m[K [01;31m[Kerror: [m[Kexpected â€˜[01m[K)[m[Kâ€™ before â€˜[01m[Kp[m[Kâ€™
[1.256s]    GreedySolution(Problem [01;31m[Kp[m[K);
[1.257s]                           [01;31m[K^[m[K
[1.257s] In file included from [01m[K/home/steags/Documents/Jussieu/M2/MAOA/PDI_Project/ROS2_workspace/src/cvrp/inc/utils.hpp:31:0[m[K,
[1.257s]                  from [01m[K/home/steags/Documents/Jussieu/M2/MAOA/PDI_Project/ROS2_workspace/src/cvrp/inc/tabu_search.hpp:10[m[K,
[1.257s]                  from [01m[K/home/steags/Documents/Jussieu/M2/MAOA/PDI_Project/ROS2_workspace/src/cvrp/src/tabu_search.cpp:7[m[K:
[1.257s] [01m[K/home/steags/Documents/Jussieu/M2/MAOA/PDI_Project/ROS2_workspace/src/cvrp/inc/local_search_intra.hpp:12:49:[m[K [01;31m[Kerror: [m[Kexpected class-name before â€˜[01m[K{[m[Kâ€™ token
[1.257s]  class LocalSearchIntraSolution : public Solution[01;31m[K{[m[K
[1.257s]                                                  [01;31m[K^[m[K
[1.258s] In file included from [01m[K/home/steags/Documents/Jussieu/M2/MAOA/PDI_Project/ROS2_workspace/src/cvrp/inc/utils.hpp:31:0[m[K,
[1.258s]                  from [01m[K/home/steags/Documents/Jussieu/M2/MAOA/PDI_Project/ROS2_workspace/src/cvrp/inc/tabu_search.hpp:10[m[K,
[1.259s]                  from [01m[K/home/steags/Documents/Jussieu/M2/MAOA/PDI_Project/ROS2_workspace/src/cvrp/src/tabu_search.cpp:7[m[K:
[1.259s] [01m[K/home/steags/Documents/Jussieu/M2/MAOA/PDI_Project/ROS2_workspace/src/cvrp/inc/local_search_intra.hpp:22:40:[m[K [01;31m[Kerror: [m[Kâ€˜[01m[KNode[m[Kâ€™ was not declared in this scope
[1.259s]    LocalSearchIntraSolution(std::vector<[01;31m[KNode[m[K> nodes,
[1.264s]                                         [01;31m[K^~~~[m[K
[1.265s] [01m[K/home/steags/Documents/Jussieu/M2/MAOA/PDI_Project/ROS2_workspace/src/cvrp/inc/local_search_inter_intra.hpp:23:45:[m[K [01;36m[Knote: [m[Ksuggested alternative: â€˜[01m[Kexecle[m[Kâ€™
[1.265s]                                  std::vector<[01;36m[KVehicle[m[K> vehicles,
[1.265s]                                              [01;36m[K^~~~~~~[m[K
[1.265s]                                              [32m[Kexecle[m[K
[1.266s] [01m[K/home/steags/Documents/Jussieu/M2/MAOA/PDI_Project/ROS2_workspace/src/cvrp/inc/local_search_inter_intra.hpp:23:52:[m[K [01;31m[Kerror: [m[Ktemplate argument 1 is invalid
[1.266s]                                  std::vector<Vehicle[01;31m[K>[m[K vehicles,
[1.266s]                                                     [01;31m[K^[m[K
[1.266s] [01m[K/home/steags/Documents/Jussieu/M2/MAOA/PDI_Project/ROS2_workspace/src/cvrp/inc/local_search_inter_intra.hpp:23:52:[m[K [01;31m[Kerror: [m[Ktemplate argument 2 is invalid
[1.266s] [01m[K/home/steags/Documents/Jussieu/M2/MAOA/PDI_Project/ROS2_workspace/src/cvrp/inc/local_search_inter_intra.hpp:32:41:[m[K [01;31m[Kerror: [m[Kexpected â€˜[01m[K)[m[Kâ€™ before â€˜[01m[Kp[m[Kâ€™
[1.266s]    LocalSearchInterIntraSolution(Problem [01;31m[Kp[m[K);
[1.266s]                                          [01;31m[K^[m[K
[1.267s] [01m[K/home/steags/Documents/Jussieu/M2/MAOA/PDI_Project/ROS2_workspace/src/cvrp/inc/local_search_inter_intra.hpp:40:42:[m[K [01;31m[Kerror: [m[Kexpected â€˜[01m[K)[m[Kâ€™ before â€˜[01m[Ks[m[Kâ€™
[1.267s]    LocalSearchInterIntraSolution(Solution [01;31m[Ks[m[K);
[1.267s]                                           [01;31m[K^[m[K
[1.267s] [01m[K/home/steags/Documents/Jussieu/M2/MAOA/PDI_Project/ROS2_workspace/src/cvrp/inc/local_search_intra.hpp:22:40:[m[K [01;36m[Knote: [m[Ksuggested alternative: â€˜[01m[Kmodf[m[Kâ€™
[1.267s]    LocalSearchIntraSolution(std::vector<[01;36m[KNode[m[K> nodes,
[1.267s]                                         [01;36m[K^~~~[m[K
[1.268s]                                         [32m[Kmodf[m[K
[1.268s] [01m[K/home/steags/Documents/Jussieu/M2/MAOA/PDI_Project/ROS2_workspace/src/cvrp/inc/local_search_intra.hpp:22:44:[m[K [01;31m[Kerror: [m[Ktemplate argument 1 is invalid
[1.268s]    LocalSearchIntraSolution(std::vector<Node[01;31m[K>[m[K nodes,
[1.268s]                                             [01;31m[K^[m[K
[1.268s] [01m[K/home/steags/Documents/Jussieu/M2/MAOA/PDI_Project/ROS2_workspace/src/cvrp/inc/local_search_intra.hpp:22:44:[m[K [01;31m[Kerror: [m[Ktemplate argument 2 is invalid
[1.268s] [01m[K/home/steags/Documents/Jussieu/M2/MAOA/PDI_Project/ROS2_workspace/src/cvrp/inc/local_search_intra.hpp:23:40:[m[K [01;31m[Kerror: [m[Kâ€˜[01m[KVehicle[m[Kâ€™ was not declared in this scope
[1.268s]                             std::vector<[01;31m[KVehicle[m[K> vehicles,
[1.269s]                                         [01;31m[K^~~~~~~[m[K
[1.269s] [01m[K/home/steags/Documents/Jussieu/M2/MAOA/PDI_Project/ROS2_workspace/src/cvrp/inc/local_search_inter_intra.hpp:23:45:[m[K [01;36m[Knote: [m[Ksuggested alternative: â€˜[01m[Kexecle[m[Kâ€™
[1.269s]                                  std::vector<[01;36m[KVehicle[m[K> vehicles,
[1.269s]                                              [01;36m[K^~~~~~~[m[K
[1.269s]                                              [32m[Kexecle[m[K
[1.269s] [01m[K/home/steags/Documents/Jussieu/M2/MAOA/PDI_Project/ROS2_workspace/src/cvrp/inc/local_search_inter_intra.hpp:23:52:[m[K [01;31m[Kerror: [m[Ktemplate argument 1 is invalid
[1.270s]                                  std::vector<Vehicle[01;31m[K>[m[K vehicles,
[1.270s]                                                     [01;31m[K^[m[K
[1.270s] [01m[K/home/steags/Documents/Jussieu/M2/MAOA/PDI_Project/ROS2_workspace/src/cvrp/inc/local_search_inter_intra.hpp:23:52:[m[K [01;31m[Kerror: [m[Ktemplate argument 2 is invalid
[1.270s] [01m[K/home/steags/Documents/Jussieu/M2/MAOA/PDI_Project/ROS2_workspace/src/cvrp/inc/local_search_inter_intra.hpp:32:41:[m[K [01;31m[Kerror: [m[Kexpected â€˜[01m[K)[m[Kâ€™ before â€˜[01m[Kp[m[Kâ€™
[1.270s]    LocalSearchInterIntraSolution(Problem [01;31m[Kp[m[K);
[1.270s]                                          [01;31m[K^[m[K
[1.270s] [01m[K/home/steags/Documents/Jussieu/M2/MAOA/PDI_Project/ROS2_workspace/src/cvrp/inc/local_search_inter_intra.hpp:40:42:[m[K [01;31m[Kerror: [m[Kexpected â€˜[01m[K)[m[Kâ€™ before â€˜[01m[Ks[m[Kâ€™
[1.271s]    LocalSearchInterIntraSolution(Solution [01;31m[Ks[m[K);
[1.271s]                                           [01;31m[K^[m[K
[1.271s] In file included from [01m[K/home/steags/Documents/Jussieu/M2/MAOA/PDI_Project/ROS2_workspace/src/cvrp/inc/utils.hpp:33:0[m[K,
[1.271s]                  from [01m[K/home/steags/Documents/Jussieu/M2/MAOA/PDI_Project/ROS2_workspace/src/cvrp/inc/simulated_annealing.hpp:10[m[K,
[1.271s]                  from [01m[K/home/steags/Documents/Jussieu/M2/MAOA/PDI_Project/ROS2_workspace/src/cvrp/src/simulated_annealing.cpp:7[m[K:
[1.271s] [01m[K/home/steags/Documents/Jussieu/M2/MAOA/PDI_Project/ROS2_workspace/src/cvrp/inc/tabu_search.hpp:33:43:[m[K [01;31m[Kerror: [m[Kexpected class-name before â€˜[01m[K{[m[Kâ€™ token
[1.271s]  class TabuSearchSolution : public Solution[01;31m[K{[m[K
[1.272s]                                            [01;31m[K^[m[K
[1.272s] [01m[K/home/steags/Documents/Jussieu/M2/MAOA/PDI_Project/ROS2_workspace/src/cvrp/inc/tabu_search.hpp:44:34:[m[K [01;31m[Kerror: [m[Kâ€˜[01m[KNode[m[Kâ€™ was not declared in this scope
[1.272s]    TabuSearchSolution(std::vector<[01;31m[KNode[m[K> nodes,
[1.272s]                                   [01;31m[K^~~~[m[K
[1.272s] In file included from [01m[K/home/steags/Documents/Jussieu/M2/MAOA/PDI_Project/ROS2_workspace/src/cvrp/inc/utils.hpp:33:0[m[K,
[1.272s]                  from [01m[K/home/steags/Documents/Jussieu/M2/MAOA/PDI_Project/ROS2_workspace/src/cvrp/inc/local_search_intra.hpp:10[m[K,
[1.273s]                  from [01m[K/home/steags/Documents/Jussieu/M2/MAOA/PDI_Project/ROS2_workspace/src/cvrp/src/local_search_intra.cpp:7[m[K:
[1.273s] [01m[K/home/steags/Documents/Jussieu/M2/MAOA/PDI_Project/ROS2_workspace/src/cvrp/inc/tabu_search.hpp:33:43:[m[K [01;31m[Kerror: [m[Kexpected class-name before â€˜[01m[K{[m[Kâ€™ token
[1.273s]  class TabuSearchSolution : public Solution[01;31m[K{[m[K
[1.273s]                                            [01;31m[K^[m[K
[1.274s] [01m[K/home/steags/Documents/Jussieu/M2/MAOA/PDI_Project/ROS2_workspace/src/cvrp/inc/tabu_search.hpp:44:34:[m[K [01;31m[Kerror: [m[Kâ€˜[01m[KNode[m[Kâ€™ was not declared in this scope
[1.275s]    TabuSearchSolution(std::vector<[01;31m[KNode[m[K> nodes,
[1.276s]                                   [01;31m[K^~~~[m[K
[1.276s] [01m[K/home/steags/Documents/Jussieu/M2/MAOA/PDI_Project/ROS2_workspace/src/cvrp/inc/local_search_intra.hpp:23:40:[m[K [01;36m[Knote: [m[Ksuggested alternative: â€˜[01m[Kexecle[m[Kâ€™
[1.276s]                             std::vector<[01;36m[KVehicle[m[K> vehicles,
[1.276s]                                         [01;36m[K^~~~~~~[m[K
[1.276s]                                         [32m[Kexecle[m[K
[1.276s] [01m[K/home/steags/Documents/Jussieu/M2/MAOA/PDI_Project/ROS2_workspace/src/cvrp/inc/local_search_intra.hpp:23:47:[m[K [01;31m[Kerror: [m[Ktemplate argument 1 is invalid
[1.277s]                             std::vector<Vehicle[01;31m[K>[m[K vehicles,
[1.277s]                                                [01;31m[K^[m[K
[1.277s] [01m[K/home/steags/Documents/Jussieu/M2/MAOA/PDI_Project/ROS2_workspace/src/cvrp/inc/local_search_intra.hpp:23:47:[m[K [01;31m[Kerror: [m[Ktemplate argument 2 is invalid
[1.277s] [01m[K/home/steags/Documents/Jussieu/M2/MAOA/PDI_Project/ROS2_workspace/src/cvrp/inc/local_search_intra.hpp:32:36:[m[K [01;31m[Kerror: [m[Kexpected â€˜[01m[K)[m[Kâ€™ before â€˜[01m[Kp[m[Kâ€™
[1.277s]    LocalSearchIntraSolution(Problem [01;31m[Kp[m[K);
[1.277s]                                     [01;31m[K^[m[K
[1.278s] [01m[K/home/steags/Documents/Jussieu/M2/MAOA/PDI_Project/ROS2_workspace/src/cvrp/inc/local_search_intra.hpp:40:37:[m[K [01;31m[Kerror: [m[Kexpected â€˜[01m[K)[m[Kâ€™ before â€˜[01m[Ks[m[Kâ€™
[1.278s]    LocalSearchIntraSolution(Solution [01;31m[Ks[m[K);
[1.278s]                                      [01;31m[K^[m[K
[1.278s] [01m[K/home/steags/Documents/Jussieu/M2/MAOA/PDI_Project/ROS2_workspace/src/cvrp/inc/tabu_search.hpp:44:34:[m[K [01;36m[Knote: [m[Ksuggested alternative: â€˜[01m[Kmodf[m[Kâ€™
[1.278s]    TabuSearchSolution(std::vector<[01;36m[KNode[m[K> nodes,
[1.278s]                                   [01;36m[K^~~~[m[K
[1.278s]                                   [32m[Kmodf[m[K
[1.279s] [01m[K/home/steags/Documents/Jussieu/M2/MAOA/PDI_Project/ROS2_workspace/src/cvrp/inc/tabu_search.hpp:44:38:[m[K [01;31m[Kerror: [m[Ktemplate argument 1 is invalid
[1.279s]    TabuSearchSolution(std::vector<Node[01;31m[K>[m[K nodes,
[1.279s]                                       [01;31m[K^[m[K
[1.279s] [01m[K/home/steags/Documents/Jussieu/M2/MAOA/PDI_Project/ROS2_workspace/src/cvrp/inc/tabu_search.hpp:44:38:[m[K [01;31m[Kerror: [m[Ktemplate argument 2 is invalid
[1.286s] In file included from [01m[K/home/steags/Documents/Jussieu/M2/MAOA/PDI_Project/ROS2_workspace/src/cvrp/inc/utils.hpp:32:0[m[K,
[1.286s]                  from [01m[K/home/steags/Documents/Jussieu/M2/MAOA/PDI_Project/ROS2_workspace/src/cvrp/inc/tabu_search.hpp:10[m[K,
[1.286s]                  from [01m[K/home/steags/Documents/Jussieu/M2/MAOA/PDI_Project/ROS2_workspace/src/cvrp/src/tabu_search.cpp:7[m[K:
[1.287s] [01m[K/home/steags/Documents/Jussieu/M2/MAOA/PDI_Project/ROS2_workspace/src/cvrp/inc/local_search_inter_intra.hpp:12:54:[m[K [01;31m[Kerror: [m[Kexpected class-name before â€˜[01m[K{[m[Kâ€™ token
[1.287s]  class LocalSearchInterIntraSolution : public Solution[01;31m[K{[m[K
[1.287s]                                                       [01;31m[K^[m[K
[1.287s] [01m[K/home/steags/Documents/Jussieu/M2/MAOA/PDI_Project/ROS2_workspace/src/cvrp/inc/tabu_search.hpp:45:34:[m[K [01;31m[Kerror: [m[Kâ€˜[01m[KVehicle[m[Kâ€™ was not declared in this scope
[1.287s]                       std::vector<[01;31m[KVehicle[m[K> vehicles,
[1.287s]                                   [01;31m[K^~~~~~~[m[K
[1.288s] [01m[K/home/steags/Documents/Jussieu/M2/MAOA/PDI_Project/ROS2_workspace/src/cvrp/inc/local_search_inter_intra.hpp:22:45:[m[K [01;31m[Kerror: [m[Kâ€˜[01m[KNode[m[Kâ€™ was not declared in this scope
[1.288s]    LocalSearchInterIntraSolution(std::vector<[01;31m[KNode[m[K> nodes,
[1.288s]                                              [01;31m[K^~~~[m[K
[1.288s] In file included from [01m[K/home/steags/Documents/Jussieu/M2/MAOA/PDI_Project/ROS2_workspace/src/cvrp/inc/utils.hpp:34:0[m[K,
[1.288s]                  from [01m[K/home/steags/Documents/Jussieu/M2/MAOA/PDI_Project/ROS2_workspace/src/cvrp/src/utils.cpp:7[m[K:
[1.288s] [01m[K/home/steags/Documents/Jussieu/M2/MAOA/PDI_Project/ROS2_workspace/src/cvrp/inc/simulated_annealing.hpp:12:51:[m[K [01;31m[Kerror: [m[Kexpected class-name before â€˜[01m[K{[m[Kâ€™ token
[1.289s]  class SimulatedAnnealingSolution : public Solution[01;31m[K{[m[K
[1.289s]                                                    [01;31m[K^[m[K
[1.289s] [01m[K/home/steags/Documents/Jussieu/M2/MAOA/PDI_Project/ROS2_workspace/src/cvrp/inc/tabu_search.hpp:44:34:[m[K [01;36m[Knote: [m[Ksuggested alternative: â€˜[01m[Kmodf[m[Kâ€™
[1.289s]    TabuSearchSolution(std::vector<[01;36m[KNode[m[K> nodes,
[1.289s]                                   [01;36m[K^~~~[m[K
[1.289s]                                   [32m[Kmodf[m[K
[1.290s] [01m[K/home/steags/Documents/Jussieu/M2/MAOA/PDI_Project/ROS2_workspace/src/cvrp/inc/simulated_annealing.hpp:25:42:[m[K [01;31m[Kerror: [m[Kâ€˜[01m[KNode[m[Kâ€™ was not declared in this scope
[1.290s]    SimulatedAnnealingSolution(std::vector<[01;31m[KNode[m[K> nodes,
[1.290s]                                           [01;31m[K^~~~[m[K
[1.290s] [01m[K/home/steags/Documents/Jussieu/M2/MAOA/PDI_Project/ROS2_workspace/src/cvrp/inc/simulated_annealing.hpp:25:42:[m[K [01;31m[Kerror: [m[Kâ€˜[01m[KNode[m[Kâ€™ was not declared in this scope
[1.290s]    SimulatedAnnealingSolution(std::vector<[01;31m[KNode[m[K> nodes,
[1.290s]                                           [01;31m[K^~~~[m[K
[1.290s] [01m[K/home/steags/Documents/Jussieu/M2/MAOA/PDI_Project/ROS2_workspace/src/cvrp/inc/tabu_search.hpp:44:38:[m[K [01;31m[Kerror: [m[Ktemplate argument 1 is invalid
[1.291s]    TabuSearchSolution(std::vector<Node[01;31m[K>[m[K nodes,
[1.291s]                                       [01;31m[K^[m[K
[1.291s] [01m[K/home/steags/Documents/Jussieu/M2/MAOA/PDI_Project/ROS2_workspace/src/cvrp/inc/tabu_search.hpp:44:38:[m[K [01;31m[Kerror: [m[Ktemplate argument 2 is invalid
[1.291s] [01m[K/home/steags/Documents/Jussieu/M2/MAOA/PDI_Project/ROS2_workspace/src/cvrp/inc/tabu_search.hpp:45:34:[m[K [01;31m[Kerror: [m[Kâ€˜[01m[KVehicle[m[Kâ€™ was not declared in this scope
[1.291s]                       std::vector<[01;31m[KVehicle[m[K> vehicles,
[1.291s]                                   [01;31m[K^~~~~~~[m[K
[1.291s] In file included from [01m[K/home/steags/Documents/Jussieu/M2/MAOA/PDI_Project/ROS2_workspace/src/cvrp/inc/utils.hpp:30:0[m[K,
[1.292s]                  from [01m[K/home/steags/Documents/Jussieu/M2/MAOA/PDI_Project/ROS2_workspace/src/cvrp/inc/genetic_algorithm.hpp:10[m[K,
[1.292s]                  from [01m[K/home/steags/Documents/Jussieu/M2/MAOA/PDI_Project/ROS2_workspace/src/cvrp/inc/main.hpp:7[m[K,
[1.292s]                  from [01m[K/home/steags/Documents/Jussieu/M2/MAOA/PDI_Project/ROS2_workspace/src/cvrp/src/main.cpp:7[m[K:
[1.292s] [01m[K/home/steags/Documents/Jussieu/M2/MAOA/PDI_Project/ROS2_workspace/src/cvrp/inc/greedy.hpp:12:37:[m[K [01;31m[Kerror: [m[Kexpected class-name before â€˜[01m[K{[m[Kâ€™ token
[1.292s]  class GreedySolution:public Solution[01;31m[K{[m[K
[1.292s]                                      [01;31m[K^[m[K
[1.297s] [01m[K/home/steags/Documents/Jussieu/M2/MAOA/PDI_Project/ROS2_workspace/src/cvrp/inc/greedy.hpp:22:30:[m[K [01;31m[Kerror: [m[Kâ€˜[01m[KNode[m[Kâ€™ was not declared in this scope
[1.297s]    GreedySolution(std::vector<[01;31m[KNode[m[K> nodes,
[1.297s]                               [01;31m[K^~~~[m[K
[1.298s] [01m[K/home/steags/Documents/Jussieu/M2/MAOA/PDI_Project/ROS2_workspace/src/cvrp/inc/local_search_inter_intra.hpp:22:45:[m[K [01;36m[Knote: [m[Ksuggested alternative: â€˜[01m[Kmodf[m[Kâ€™
[1.298s]    LocalSearchInterIntraSolution(std::vector<[01;36m[KNode[m[K> nodes,
[1.298s]                                              [01;36m[K^~~~[m[K
[1.298s]                                              [32m[Kmodf[m[K
[1.298s] [01m[K/home/steags/Documents/Jussieu/M2/MAOA/PDI_Project/ROS2_workspace/src/cvrp/inc/local_search_inter_intra.hpp:22:49:[m[K [01;31m[Kerror: [m[Ktemplate argument 1 is invalid
[1.298s]    LocalSearchInterIntraSolution(std::vector<Node[01;31m[K>[m[K nodes,
[1.299s]                                                  [01;31m[K^[m[K
[1.299s] [01m[K/home/steags/Documents/Jussieu/M2/MAOA/PDI_Project/ROS2_workspace/src/cvrp/inc/local_search_inter_intra.hpp:22:49:[m[K [01;31m[Kerror: [m[Ktemplate argument 2 is invalid
[1.299s] [01m[K/home/steags/Documents/Jussieu/M2/MAOA/PDI_Project/ROS2_workspace/src/cvrp/inc/local_search_inter_intra.hpp:23:45:[m[K [01;31m[Kerror: [m[Kâ€˜[01m[KVehicle[m[Kâ€™ was not declared in this scope
[1.299s]                                  std::vector<[01;31m[KVehicle[m[K> vehicles,
[1.299s]                                              [01;31m[K^~~~~~~[m[K
[1.299s] [01m[K/home/steags/Documents/Jussieu/M2/MAOA/PDI_Project/ROS2_workspace/src/cvrp/inc/simulated_annealing.hpp:25:42:[m[K [01;36m[Knote: [m[Ksuggested alternative: â€˜[01m[Kmodf[m[Kâ€™
[1.299s]    SimulatedAnnealingSolution(std::vector<[01;36m[KNode[m[K> nodes,
[1.300s]                                           [01;36m[K^~~~[m[K
[1.300s]                                           [32m[Kmodf[m[K
[1.300s] [01m[K/home/steags/Documents/Jussieu/M2/MAOA/PDI_Project/ROS2_workspace/src/cvrp/inc/simulated_annealing.hpp:25:46:[m[K [01;31m[Kerror: [m[Ktemplate argument 1 is invalid
[1.300s]    SimulatedAnnealingSolution(std::vector<Node[01;31m[K>[m[K nodes,
[1.300s]                                               [01;31m[K^[m[K
[1.300s] [01m[K/home/steags/Documents/Jussieu/M2/MAOA/PDI_Project/ROS2_workspace/src/cvrp/inc/simulated_annealing.hpp:25:46:[m[K [01;31m[Kerror: [m[Ktemplate argument 2 is invalid
[1.300s] [01m[K/home/steags/Documents/Jussieu/M2/MAOA/PDI_Project/ROS2_workspace/src/cvrp/inc/simulated_annealing.hpp:26:42:[m[K [01;31m[Kerror: [m[Kâ€˜[01m[KVehicle[m[Kâ€™ was not declared in this scope
[1.301s]                               std::vector<[01;31m[KVehicle[m[K> vehicles,
[1.301s]                                           [01;31m[K^~~~~~~[m[K
[1.301s] [01m[K/home/steags/Documents/Jussieu/M2/MAOA/PDI_Project/ROS2_workspace/src/cvrp/inc/simulated_annealing.hpp:25:42:[m[K [01;36m[Knote: [m[Ksuggested alternative: â€˜[01m[Kmodf[m[Kâ€™
[1.301s]    SimulatedAnnealingSolution(std::vector<[01;36m[KNode[m[K> nodes,
[1.301s]                                           [01;36m[K^~~~[m[K
[1.301s]                                           [32m[Kmodf[m[K
[1.301s] [01m[K/home/steags/Documents/Jussieu/M2/MAOA/PDI_Project/ROS2_workspace/src/cvrp/inc/simulated_annealing.hpp:25:46:[m[K [01;31m[Kerror: [m[Ktemplate argument 1 is invalid
[1.302s]    SimulatedAnnealingSolution(std::vector<Node[01;31m[K>[m[K nodes,
[1.302s]                                               [01;31m[K^[m[K
[1.302s] [01m[K/home/steags/Documents/Jussieu/M2/MAOA/PDI_Project/ROS2_workspace/src/cvrp/inc/simulated_annealing.hpp:25:46:[m[K [01;31m[Kerror: [m[Ktemplate argument 2 is invalid
[1.302s] [01m[K/home/steags/Documents/Jussieu/M2/MAOA/PDI_Project/ROS2_workspace/src/cvrp/inc/simulated_annealing.hpp:26:42:[m[K [01;31m[Kerror: [m[Kâ€˜[01m[KVehicle[m[Kâ€™ was not declared in this scope
[1.302s]                               std::vector<[01;31m[KVehicle[m[K> vehicles,
[1.302s]                                           [01;31m[K^~~~~~~[m[K
[1.303s] [01m[K/home/steags/Documents/Jussieu/M2/MAOA/PDI_Project/ROS2_workspace/src/cvrp/inc/greedy.hpp:22:30:[m[K [01;36m[Knote: [m[Ksuggested alternative: â€˜[01m[Kmodf[m[Kâ€™
[1.303s]    GreedySolution(std::vector<[01;36m[KNode[m[K> nodes,
[1.303s]                               [01;36m[K^~~~[m[K
[1.303s]                               [32m[Kmodf[m[K
[1.303s] [01m[K/home/steags/Documents/Jussieu/M2/MAOA/PDI_Project/ROS2_workspace/src/cvrp/inc/greedy.hpp:22:34:[m[K [01;31m[Kerror: [m[Ktemplate argument 1 is invalid
[1.303s]    GreedySolution(std::vector<Node[01;31m[K>[m[K nodes,
[1.304s]                                   [01;31m[K^[m[K
[1.304s] [01m[K/home/steags/Documents/Jussieu/M2/MAOA/PDI_Project/ROS2_workspace/src/cvrp/inc/greedy.hpp:22:34:[m[K [01;31m[Kerror: [m[Ktemplate argument 2 is invalid
[1.304s] [01m[K/home/steags/Documents/Jussieu/M2/MAOA/PDI_Project/ROS2_workspace/src/cvrp/inc/greedy.hpp:23:30:[m[K [01;31m[Kerror: [m[Kâ€˜[01m[KVehicle[m[Kâ€™ was not declared in this scope
[1.304s]                   std::vector<[01;31m[KVehicle[m[K> vehicles,
[1.304s]                               [01;31m[K^~~~~~~[m[K
[1.304s] [01m[K/home/steags/Documents/Jussieu/M2/MAOA/PDI_Project/ROS2_workspace/src/cvrp/inc/tabu_search.hpp:45:34:[m[K [01;36m[Knote: [m[Ksuggested alternative: â€˜[01m[Kexecle[m[Kâ€™
[1.305s]                       std::vector<[01;36m[KVehicle[m[K> vehicles,
[1.305s]                                   [01;36m[K^~~~~~~[m[K
[1.305s]                                   [32m[Kexecle[m[K
[1.305s] [01m[K/home/steags/Documents/Jussieu/M2/MAOA/PDI_Project/ROS2_workspace/src/cvrp/inc/tabu_search.hpp:45:41:[m[K [01;31m[Kerror: [m[Ktemplate argument 1 is invalid
[1.305s]                       std::vector<Vehicle[01;31m[K>[m[K vehicles,
[1.305s]                                          [01;31m[K^[m[K
[1.305s] [01m[K/home/steags/Documents/Jussieu/M2/MAOA/PDI_Project/ROS2_workspace/src/cvrp/inc/tabu_search.hpp:45:41:[m[K [01;31m[Kerror: [m[Ktemplate argument 2 is invalid
[1.306s] [01m[K/home/steags/Documents/Jussieu/M2/MAOA/PDI_Project/ROS2_workspace/src/cvrp/inc/tabu_search.hpp:55:30:[m[K [01;31m[Kerror: [m[Kexpected â€˜[01m[K)[m[Kâ€™ before â€˜[01m[Kp[m[Kâ€™
[1.306s]    TabuSearchSolution(Problem [01;31m[Kp[m[K,
[1.306s]                               [01;31m[K^[m[K
[1.306s] [01m[K/home/steags/Documents/Jussieu/M2/MAOA/PDI_Project/ROS2_workspace/src/cvrp/inc/tabu_search.hpp:65:31:[m[K [01;31m[Kerror: [m[Kexpected â€˜[01m[K)[m[Kâ€™ before â€˜[01m[Ks[m[Kâ€™
[1.306s]    TabuSearchSolution(Solution [01;31m[Ks[m[K,
[1.306s]                                [01;31m[K^[m[K
[1.307s] [01m[K/home/steags/Documents/Jussieu/M2/MAOA/PDI_Project/ROS2_workspace/src/cvrp/inc/local_search_inter_intra.hpp:23:45:[m[K [01;36m[Knote: [m[Ksuggested alternative: â€˜[01m[Kexecle[m[Kâ€™
[1.307s]                                  std::vector<[01;36m[KVehicle[m[K> vehicles,
[1.307s]                                              [01;36m[K^~~~~~~[m[K
[1.307s]                                              [32m[Kexecle[m[K
[1.307s] [01m[K/home/steags/Documents/Jussieu/M2/MAOA/PDI_Project/ROS2_workspace/src/cvrp/inc/local_search_inter_intra.hpp:23:52:[m[K [01;31m[Kerror: [m[Ktemplate argument 1 is invalid
[1.307s]                                  std::vector<Vehicle[01;31m[K>[m[K vehicles,
[1.308s]                                                     [01;31m[K^[m[K
[1.308s] [01m[K/home/steags/Documents/Jussieu/M2/MAOA/PDI_Project/ROS2_workspace/src/cvrp/inc/local_search_inter_intra.hpp:23:52:[m[K [01;31m[Kerror: [m[Ktemplate argument 2 is invalid
[1.308s] [01m[K/home/steags/Documents/Jussieu/M2/MAOA/PDI_Project/ROS2_workspace/src/cvrp/inc/local_search_inter_intra.hpp:32:41:[m[K [01;31m[Kerror: [m[Kexpected â€˜[01m[K)[m[Kâ€™ before â€˜[01m[Kp[m[Kâ€™
[1.308s]    LocalSearchInterIntraSolution(Problem [01;31m[Kp[m[K);
[1.308s]                                          [01;31m[K^[m[K
[1.308s] [01m[K/home/steags/Documents/Jussieu/M2/MAOA/PDI_Project/ROS2_workspace/src/cvrp/inc/local_search_inter_intra.hpp:40:42:[m[K [01;31m[Kerror: [m[Kexpected â€˜[01m[K)[m[Kâ€™ before â€˜[01m[Ks[m[Kâ€™
[1.308s]    LocalSearchInterIntraSolution(Solution [01;31m[Ks[m[K);
[1.309s]                                           [01;31m[K^[m[K
[1.309s] In file included from [01m[K/home/steags/Documents/Jussieu/M2/MAOA/PDI_Project/ROS2_workspace/src/cvrp/inc/utils.hpp:34:0[m[K,
[1.309s]                  from [01m[K/home/steags/Documents/Jussieu/M2/MAOA/PDI_Project/ROS2_workspace/src/cvrp/inc/tabu_search.hpp:10[m[K,
[1.309s]                  from [01m[K/home/steags/Documents/Jussieu/M2/MAOA/PDI_Project/ROS2_workspace/src/cvrp/src/tabu_search.cpp:7[m[K:
[1.309s] [01m[K/home/steags/Documents/Jussieu/M2/MAOA/PDI_Project/ROS2_workspace/src/cvrp/inc/simulated_annealing.hpp:12:51:[m[K [01;31m[Kerror: [m[Kexpected class-name before â€˜[01m[K{[m[Kâ€™ token
[1.309s]  class SimulatedAnnealingSolution : public Solution[01;31m[K{[m[K
[1.309s]                                                    [01;31m[K^[m[K
[1.310s] [01m[K/home/steags/Documents/Jussieu/M2/MAOA/PDI_Project/ROS2_workspace/src/cvrp/inc/simulated_annealing.hpp:25:42:[m[K [01;31m[Kerror: [m[Kâ€˜[01m[KNode[m[Kâ€™ was not declared in this scope
[1.310s]    SimulatedAnnealingSolution(std::vector<[01;31m[KNode[m[K> nodes,
[1.310s]                                           [01;31m[K^~~~[m[K
[1.310s] [01m[K/home/steags/Documents/Jussieu/M2/MAOA/PDI_Project/ROS2_workspace/src/cvrp/inc/simulated_annealing.hpp:26:42:[m[K [01;36m[Knote: [m[Ksuggested alternative: â€˜[01m[Kexecle[m[Kâ€™
[1.310s]                               std::vector<[01;36m[KVehicle[m[K> vehicles,
[1.310s]                                           [01;36m[K^~~~~~~[m[K
[1.311s]                                           [32m[Kexecle[m[K
[1.311s] [01m[K/home/steags/Documents/Jussieu/M2/MAOA/PDI_Project/ROS2_workspace/src/cvrp/inc/simulated_annealing.hpp:26:49:[m[K [01;31m[Kerror: [m[Ktemplate argument 1 is invalid
[1.311s]                               std::vector<Vehicle[01;31m[K>[m[K vehicles,
[1.311s]                                                  [01;31m[K^[m[K
[1.311s] [01m[K/home/steags/Documents/Jussieu/M2/MAOA/PDI_Project/ROS2_workspace/src/cvrp/inc/simulated_annealing.hpp:26:49:[m[K [01;31m[Kerror: [m[Ktemplate argument 2 is invalid
[1.311s] [01m[K/home/steags/Documents/Jussieu/M2/MAOA/PDI_Project/ROS2_workspace/src/cvrp/inc/simulated_annealing.hpp:41:38:[m[K [01;31m[Kerror: [m[Kexpected â€˜[01m[K)[m[Kâ€™ before â€˜[01m[Kp[m[Kâ€™
[1.311s]    SimulatedAnnealingSolution(Problem [01;31m[Kp[m[K,
[1.312s]                                       [01;31m[K^[m[K
[1.312s] [01m[K/home/steags/Documents/Jussieu/M2/MAOA/PDI_Project/ROS2_workspace/src/cvrp/inc/simulated_annealing.hpp:26:42:[m[K [01;36m[Knote: [m[Ksuggested alternative: â€˜[01m[Kexecle[m[Kâ€™
[1.312s]                               std::vector<[01;36m[KVehicle[m[K> vehicles,
[1.312s]                                           [01;36m[K^~~~~~~[m[K
[1.312s]                                           [32m[Kexecle[m[K
[1.315s] [01m[K/home/steags/Documents/Jussieu/M2/MAOA/PDI_Project/ROS2_workspace/src/cvrp/inc/simulated_annealing.hpp:55:39:[m[K [01;31m[Kerror: [m[Kexpected â€˜[01m[K)[m[Kâ€™ before â€˜[01m[Ks[m[Kâ€™
[1.315s]    SimulatedAnnealingSolution(Solution [01;31m[Ks[m[K,
[1.315s]                                        [01;31m[K^[m[K
[1.315s] [01m[K/home/steags/Documents/Jussieu/M2/MAOA/PDI_Project/ROS2_workspace/src/cvrp/inc/simulated_annealing.hpp:26:49:[m[K [01;31m[Kerror: [m[Ktemplate argument 1 is invalid
[1.315s]                               std::vector<Vehicle[01;31m[K>[m[K vehicles,
[1.316s]                                                  [01;31m[K^[m[K
[1.316s] [01m[K/home/steags/Documents/Jussieu/M2/MAOA/PDI_Project/ROS2_workspace/src/cvrp/inc/simulated_annealing.hpp:26:49:[m[K [01;31m[Kerror: [m[Ktemplate argument 2 is invalid
[1.316s] [01m[K/home/steags/Documents/Jussieu/M2/MAOA/PDI_Project/ROS2_workspace/src/cvrp/inc/simulated_annealing.hpp:41:38:[m[K [01;31m[Kerror: [m[Kexpected â€˜[01m[K)[m[Kâ€™ before â€˜[01m[Kp[m[Kâ€™
[1.316s]    SimulatedAnnealingSolution(Problem [01;31m[Kp[m[K,
[1.316s]                                       [01;31m[K^[m[K
[1.316s] [01m[K/home/steags/Documents/Jussieu/M2/MAOA/PDI_Project/ROS2_workspace/src/cvrp/inc/simulated_annealing.hpp:55:39:[m[K [01;31m[Kerror: [m[Kexpected â€˜[01m[K)[m[Kâ€™ before â€˜[01m[Ks[m[Kâ€™
[1.317s]    SimulatedAnnealingSolution(Solution [01;31m[Ks[m[K,
[1.317s]                                        [01;31m[K^[m[K
[1.317s] [01m[K/home/steags/Documents/Jussieu/M2/MAOA/PDI_Project/ROS2_workspace/src/cvrp/inc/greedy.hpp:23:30:[m[K [01;36m[Knote: [m[Ksuggested alternative: â€˜[01m[Kexecle[m[Kâ€™
[1.317s]                   std::vector<[01;36m[KVehicle[m[K> vehicles,
[1.317s]                               [01;36m[K^~~~~~~[m[K
[1.317s]                               [32m[Kexecle[m[K
[1.317s] [01m[K/home/steags/Documents/Jussieu/M2/MAOA/PDI_Project/ROS2_workspace/src/cvrp/inc/greedy.hpp:23:37:[m[K [01;31m[Kerror: [m[Ktemplate argument 1 is invalid
[1.318s]                   std::vector<Vehicle[01;31m[K>[m[K vehicles,
[1.318s]                                      [01;31m[K^[m[K
[1.318s] [01m[K/home/steags/Documents/Jussieu/M2/MAOA/PDI_Project/ROS2_workspace/src/cvrp/inc/greedy.hpp:23:37:[m[K [01;31m[Kerror: [m[Ktemplate argument 2 is invalid
[1.318s] [01m[K/home/steags/Documents/Jussieu/M2/MAOA/PDI_Project/ROS2_workspace/src/cvrp/inc/greedy.hpp:32:26:[m[K [01;31m[Kerror: [m[Kexpected â€˜[01m[K)[m[Kâ€™ before â€˜[01m[Kp[m[Kâ€™
[1.318s]    GreedySolution(Problem [01;31m[Kp[m[K);
[1.318s]                           [01;31m[K^[m[K
[1.319s] In file included from [01m[K/home/steags/Documents/Jussieu/M2/MAOA/PDI_Project/ROS2_workspace/src/cvrp/inc/utils.hpp:31:0[m[K,
[1.319s]                  from [01m[K/home/steags/Documents/Jussieu/M2/MAOA/PDI_Project/ROS2_workspace/src/cvrp/inc/genetic_algorithm.hpp:10[m[K,
[1.319s]                  from [01m[K/home/steags/Documents/Jussieu/M2/MAOA/PDI_Project/ROS2_workspace/src/cvrp/inc/main.hpp:7[m[K,
[1.319s]                  from [01m[K/home/steags/Documents/Jussieu/M2/MAOA/PDI_Project/ROS2_workspace/src/cvrp/src/main.cpp:7[m[K:
[1.319s] [01m[K/home/steags/Documents/Jussieu/M2/MAOA/PDI_Project/ROS2_workspace/src/cvrp/inc/local_search_intra.hpp:12:49:[m[K [01;31m[Kerror: [m[Kexpected class-name before â€˜[01m[K{[m[Kâ€™ token
[1.319s]  class LocalSearchIntraSolution : public Solution[01;31m[K{[m[K
[1.319s]                                                  [01;31m[K^[m[K
[1.320s] In file included from [01m[K/home/steags/Documents/Jussieu/M2/MAOA/PDI_Project/ROS2_workspace/src/cvrp/inc/utils.hpp:31:0[m[K,
[1.320s]                  from [01m[K/home/steags/Documents/Jussieu/M2/MAOA/PDI_Project/ROS2_workspace/src/cvrp/inc/genetic_algorithm.hpp:10[m[K,
[1.320s]                  from [01m[K/home/steags/Documents/Jussieu/M2/MAOA/PDI_Project/ROS2_workspace/src/cvrp/inc/main.hpp:7[m[K,
[1.320s]                  from [01m[K/home/steags/Documents/Jussieu/M2/MAOA/PDI_Project/ROS2_workspace/src/cvrp/src/main.cpp:7[m[K:
[1.320s] [01m[K/home/steags/Documents/Jussieu/M2/MAOA/PDI_Project/ROS2_workspace/src/cvrp/inc/local_search_intra.hpp:22:40:[m[K [01;31m[Kerror: [m[Kâ€˜[01m[KNode[m[Kâ€™ was not declared in this scope
[1.320s]    LocalSearchIntraSolution(std::vector<[01;31m[KNode[m[K> nodes,
[1.320s]                                         [01;31m[K^~~~[m[K
[1.321s] [01m[K/home/steags/Documents/Jussieu/M2/MAOA/PDI_Project/ROS2_workspace/src/cvrp/inc/simulated_annealing.hpp:25:42:[m[K [01;36m[Knote: [m[Ksuggested alternative: â€˜[01m[Kmodf[m[Kâ€™
[1.321s]    SimulatedAnnealingSolution(std::vector<[01;36m[KNode[m[K> nodes,
[1.321s]                                           [01;36m[K^~~~[m[K
[1.321s]                                           [32m[Kmodf[m[K
[1.321s] [01m[K/home/steags/Documents/Jussieu/M2/MAOA/PDI_Project/ROS2_workspace/src/cvrp/inc/simulated_annealing.hpp:25:46:[m[K [01;31m[Kerror: [m[Ktemplate argument 1 is invalid
[1.321s]    SimulatedAnnealingSolution(std::vector<Node[01;31m[K>[m[K nodes,
[1.322s]                                               [01;31m[K^[m[K
[1.322s] [01m[K/home/steags/Documents/Jussieu/M2/MAOA/PDI_Project/ROS2_workspace/src/cvrp/inc/simulated_annealing.hpp:25:46:[m[K [01;31m[Kerror: [m[Ktemplate argument 2 is invalid
[1.322s] [01m[K/home/steags/Documents/Jussieu/M2/MAOA/PDI_Project/ROS2_workspace/src/cvrp/inc/simulated_annealing.hpp:26:42:[m[K [01;31m[Kerror: [m[Kâ€˜[01m[KVehicle[m[Kâ€™ was not declared in this scope
[1.322s]                               std::vector<[01;31m[KVehicle[m[K> vehicles,
[1.322s]                                           [01;31m[K^~~~~~~[m[K
[1.322s] [01m[K/home/steags/Documents/Jussieu/M2/MAOA/PDI_Project/ROS2_workspace/src/cvrp/inc/local_search_intra.hpp:22:40:[m[K [01;36m[Knote: [m[Ksuggested alternative: â€˜[01m[Kmodf[m[Kâ€™
[1.322s]    LocalSearchIntraSolution(std::vector<[01;36m[KNode[m[K> nodes,
[1.323s]                                         [01;36m[K^~~~[m[K
[1.323s]                                         [32m[Kmodf[m[K
[1.323s] [01m[K/home/steags/Documents/Jussieu/M2/MAOA/PDI_Project/ROS2_workspace/src/cvrp/inc/local_search_intra.hpp:22:44:[m[K [01;31m[Kerror: [m[Ktemplate argument 1 is invalid
[1.323s]    LocalSearchIntraSolution(std::vector<Node[01;31m[K>[m[K nodes,
[1.323s]                                             [01;31m[K^[m[K
[1.323s] [01m[K/home/steags/Documents/Jussieu/M2/MAOA/PDI_Project/ROS2_workspace/src/cvrp/inc/local_search_intra.hpp:22:44:[m[K [01;31m[Kerror: [m[Ktemplate argument 2 is invalid
[1.323s] [01m[K/home/steags/Documents/Jussieu/M2/MAOA/PDI_Project/ROS2_workspace/src/cvrp/inc/local_search_intra.hpp:23:40:[m[K [01;31m[Kerror: [m[Kâ€˜[01m[KVehicle[m[Kâ€™ was not declared in this scope
[1.324s]                             std::vector<[01;31m[KVehicle[m[K> vehicles,
[1.324s]                                         [01;31m[K^~~~~~~[m[K
[1.324s] [01m[K/home/steags/Documents/Jussieu/M2/MAOA/PDI_Project/ROS2_workspace/src/cvrp/inc/simulated_annealing.hpp:26:42:[m[K [01;36m[Knote: [m[Ksuggested alternative: â€˜[01m[Kexecle[m[Kâ€™
[1.324s]                               std::vector<[01;36m[KVehicle[m[K> vehicles,
[1.324s]                                           [01;36m[K^~~~~~~[m[K
[1.324s]                                           [32m[Kexecle[m[K
[1.324s] [01m[K/home/steags/Documents/Jussieu/M2/MAOA/PDI_Project/ROS2_workspace/src/cvrp/inc/simulated_annealing.hpp:26:49:[m[K [01;31m[Kerror: [m[Ktemplate argument 1 is invalid
[1.325s]                               std::vector<Vehicle[01;31m[K>[m[K vehicles,
[1.325s]                                                  [01;31m[K^[m[K
[1.325s] [01m[K/home/steags/Documents/Jussieu/M2/MAOA/PDI_Project/ROS2_workspace/src/cvrp/inc/simulated_annealing.hpp:26:49:[m[K [01;31m[Kerror: [m[Ktemplate argument 2 is invalid
[1.325s] [01m[K/home/steags/Documents/Jussieu/M2/MAOA/PDI_Project/ROS2_workspace/src/cvrp/inc/simulated_annealing.hpp:41:38:[m[K [01;31m[Kerror: [m[Kexpected â€˜[01m[K)[m[Kâ€™ before â€˜[01m[Kp[m[Kâ€™
[1.325s]    SimulatedAnnealingSolution(Problem [01;31m[Kp[m[K,
[1.325s]                                       [01;31m[K^[m[K
[1.326s] [01m[K/home/steags/Documents/Jussieu/M2/MAOA/PDI_Project/ROS2_workspace/src/cvrp/inc/simulated_annealing.hpp:55:39:[m[K [01;31m[Kerror: [m[Kexpected â€˜[01m[K)[m[Kâ€™ before â€˜[01m[Ks[m[Kâ€™
[1.326s]    SimulatedAnnealingSolution(Solution [01;31m[Ks[m[K,
[1.326s]                                        [01;31m[K^[m[K
[1.326s] [01m[K/home/steags/Documents/Jussieu/M2/MAOA/PDI_Project/ROS2_workspace/src/cvrp/inc/local_search_intra.hpp:23:40:[m[K [01;36m[Knote: [m[Ksuggested alternative: â€˜[01m[Kexecle[m[Kâ€™
[1.326s]                             std::vector<[01;36m[KVehicle[m[K> vehicles,
[1.326s]                                         [01;36m[K^~~~~~~[m[K
[1.326s]                                         [32m[Kexecle[m[K
[1.327s] [01m[K/home/steags/Documents/Jussieu/M2/MAOA/PDI_Project/ROS2_workspace/src/cvrp/inc/local_search_intra.hpp:23:47:[m[K [01;31m[Kerror: [m[Ktemplate argument 1 is invalid
[1.327s]                             std::vector<Vehicle[01;31m[K>[m[K vehicles,
[1.327s]                                                [01;31m[K^[m[K
[1.327s] [01m[K/home/steags/Documents/Jussieu/M2/MAOA/PDI_Project/ROS2_workspace/src/cvrp/inc/local_search_intra.hpp:23:47:[m[K [01;31m[Kerror: [m[Ktemplate argument 2 is invalid
[1.327s] [01m[K/home/steags/Documents/Jussieu/M2/MAOA/PDI_Project/ROS2_workspace/src/cvrp/inc/local_search_intra.hpp:32:36:[m[K [01;31m[Kerror: [m[Kexpected â€˜[01m[K)[m[Kâ€™ before â€˜[01m[Kp[m[Kâ€™
[1.328s]    LocalSearchIntraSolution(Problem [01;31m[Kp[m[K);
[1.329s]                                     [01;31m[K^[m[K
[1.329s] [01m[K/home/steags/Documents/Jussieu/M2/MAOA/PDI_Project/ROS2_workspace/src/cvrp/inc/local_search_intra.hpp:40:37:[m[K [01;31m[Kerror: [m[Kexpected â€˜[01m[K)[m[Kâ€™ before â€˜[01m[Ks[m[Kâ€™
[1.329s]    LocalSearchIntraSolution(Solution [01;31m[Ks[m[K);
[1.329s]                                      [01;31m[K^[m[K
[1.329s] In file included from [01m[K/home/steags/Documents/Jussieu/M2/MAOA/PDI_Project/ROS2_workspace/src/cvrp/inc/utils.hpp:32:0[m[K,
[1.329s]                  from [01m[K/home/steags/Documents/Jussieu/M2/MAOA/PDI_Project/ROS2_workspace/src/cvrp/inc/genetic_algorithm.hpp:10[m[K,
[1.329s]                  from [01m[K/home/steags/Documents/Jussieu/M2/MAOA/PDI_Project/ROS2_workspace/src/cvrp/inc/main.hpp:7[m[K,
[1.330s]                  from [01m[K/home/steags/Documents/Jussieu/M2/MAOA/PDI_Project/ROS2_workspace/src/cvrp/src/main.cpp:7[m[K:
[1.330s] [01m[K/home/steags/Documents/Jussieu/M2/MAOA/PDI_Project/ROS2_workspace/src/cvrp/inc/local_search_inter_intra.hpp:12:54:[m[K [01;31m[Kerror: [m[Kexpected class-name before â€˜[01m[K{[m[Kâ€™ token
[1.330s]  class LocalSearchInterIntraSolution : public Solution[01;31m[K{[m[K
[1.330s]                                                       [01;31m[K^[m[K
[1.330s] [01m[K/home/steags/Documents/Jussieu/M2/MAOA/PDI_Project/ROS2_workspace/src/cvrp/inc/local_search_inter_intra.hpp:22:45:[m[K [01;31m[Kerror: [m[Kâ€˜[01m[KNode[m[Kâ€™ was not declared in this scope
[1.330s]    LocalSearchInterIntraSolution(std::vector<[01;31m[KNode[m[K> nodes,
[1.330s]                                              [01;31m[K^~~~[m[K
[1.331s] [01m[K/home/steags/Documents/Jussieu/M2/MAOA/PDI_Project/ROS2_workspace/src/cvrp/inc/local_search_inter_intra.hpp:22:45:[m[K [01;36m[Knote: [m[Ksuggested alternative: â€˜[01m[Kmodf[m[Kâ€™
[1.331s]    LocalSearchInterIntraSolution(std::vector<[01;36m[KNode[m[K> nodes,
[1.331s]                                              [01;36m[K^~~~[m[K
[1.331s]                                              [32m[Kmodf[m[K
[1.331s] [01m[K/home/steags/Documents/Jussieu/M2/MAOA/PDI_Project/ROS2_workspace/src/cvrp/inc/local_search_inter_intra.hpp:22:49:[m[K [01;31m[Kerror: [m[Ktemplate argument 1 is invalid
[1.331s]    LocalSearchInterIntraSolution(std::vector<Node[01;31m[K>[m[K nodes,
[1.332s]                                                  [01;31m[K^[m[K
[1.332s] [01m[K/home/steags/Documents/Jussieu/M2/MAOA/PDI_Project/ROS2_workspace/src/cvrp/inc/local_search_inter_intra.hpp:22:49:[m[K [01;31m[Kerror: [m[Ktemplate argument 2 is invalid
[1.332s] [01m[K/home/steags/Documents/Jussieu/M2/MAOA/PDI_Project/ROS2_workspace/src/cvrp/inc/local_search_inter_intra.hpp:23:45:[m[K [01;31m[Kerror: [m[Kâ€˜[01m[KVehicle[m[Kâ€™ was not declared in this scope
[1.332s]                                  std::vector<[01;31m[KVehicle[m[K> vehicles,
[1.332s]                                              [01;31m[K^~~~~~~[m[K
[1.332s] In file included from [01m[K/home/steags/Documents/Jussieu/M2/MAOA/PDI_Project/ROS2_workspace/src/cvrp/inc/utils.hpp:29:0[m[K,
[1.332s]                  from [01m[K/home/steags/Documents/Jussieu/M2/MAOA/PDI_Project/ROS2_workspace/src/cvrp/inc/local_search_inter_intra.hpp:10[m[K,
[1.333s]                  from [01m[K/home/steags/Documents/Jussieu/M2/MAOA/PDI_Project/ROS2_workspace/src/cvrp/src/local_search_inter_intra.cpp:7[m[K:
[1.333s] [01m[K/home/steags/Documents/Jussieu/M2/MAOA/PDI_Project/ROS2_workspace/src/cvrp/inc/genetic_algorithm.hpp:13:35:[m[K [01;31m[Kerror: [m[Kexpected class-name before â€˜[01m[K{[m[Kâ€™ token
[1.333s]  class GASolution : public Solution[01;31m[K{[m[K
[1.333s]                                    [01;31m[K^[m[K
[1.333s] [01m[K/home/steags/Documents/Jussieu/M2/MAOA/PDI_Project/ROS2_workspace/src/cvrp/inc/genetic_algorithm.hpp:25:26:[m[K [01;31m[Kerror: [m[Kâ€˜[01m[KNode[m[Kâ€™ was not declared in this scope
[1.333s]    GASolution(std::vector<[01;31m[KNode[m[K> nodes,
[1.333s]                           [01;31m[K^~~~[m[K
[1.334s] [01m[K/home/steags/Documents/Jussieu/M2/MAOA/PDI_Project/ROS2_workspace/src/cvrp/inc/genetic_algorithm.hpp:25:26:[m[K [01;36m[Knote: [m[Ksuggested alternative: â€˜[01m[Kmodf[m[Kâ€™
[1.334s]    GASolution(std::vector<[01;36m[KNode[m[K> nodes,
[1.334s]                           [01;36m[K^~~~[m[K
[1.334s]                           [32m[Kmodf[m[K
[1.334s] [01m[K/home/steags/Documents/Jussieu/M2/MAOA/PDI_Project/ROS2_workspace/src/cvrp/inc/genetic_algorithm.hpp:25:30:[m[K [01;31m[Kerror: [m[Ktemplate argument 1 is invalid
[1.334s]    GASolution(std::vector<Node[01;31m[K>[m[K nodes,
[1.334s]                               [01;31m[K^[m[K
[1.335s] [01m[K/home/steags/Documents/Jussieu/M2/MAOA/PDI_Project/ROS2_workspace/src/cvrp/inc/genetic_algorithm.hpp:25:30:[m[K [01;31m[Kerror: [m[Ktemplate argument 2 is invalid
[1.335s] [01m[K/home/steags/Documents/Jussieu/M2/MAOA/PDI_Project/ROS2_workspace/src/cvrp/inc/genetic_algorithm.hpp:26:26:[m[K [01;31m[Kerror: [m[Kâ€˜[01m[KVehicle[m[Kâ€™ was not declared in this scope
[1.335s]               std::vector<[01;31m[KVehicle[m[K> vehicles,
[1.335s]                           [01;31m[K^~~~~~~[m[K
[1.335s] [01m[K/home/steags/Documents/Jussieu/M2/MAOA/PDI_Project/ROS2_workspace/src/cvrp/inc/local_search_inter_intra.hpp:23:45:[m[K [01;36m[Knote: [m[Ksuggested alternative: â€˜[01m[Kexecle[m[Kâ€™
[1.335s]                                  std::vector<[01;36m[KVehicle[m[K> vehicles,
[1.336s]                                              [01;36m[K^~~~~~~[m[K
[1.336s]                                              [32m[Kexecle[m[K
[1.336s] [01m[K/home/steags/Documents/Jussieu/M2/MAOA/PDI_Project/ROS2_workspace/src/cvrp/inc/local_search_inter_intra.hpp:23:52:[m[K [01;31m[Kerror: [m[Ktemplate argument 1 is invalid
[1.336s]                                  std::vector<Vehicle[01;31m[K>[m[K vehicles,
[1.336s]                                                     [01;31m[K^[m[K
[1.336s] [01m[K/home/steags/Documents/Jussieu/M2/MAOA/PDI_Project/ROS2_workspace/src/cvrp/inc/local_search_inter_intra.hpp:23:52:[m[K [01;31m[Kerror: [m[Ktemplate argument 2 is invalid
[1.336s] [01m[K/home/steags/Documents/Jussieu/M2/MAOA/PDI_Project/ROS2_workspace/src/cvrp/inc/local_search_inter_intra.hpp:32:41:[m[K [01;31m[Kerror: [m[Kexpected â€˜[01m[K)[m[Kâ€™ before â€˜[01m[Kp[m[Kâ€™
[1.337s]    LocalSearchInterIntraSolution(Problem [01;31m[Kp[m[K);
[1.337s]                                          [01;31m[K^[m[K
[1.337s] [01m[K/home/steags/Documents/Jussieu/M2/MAOA/PDI_Project/ROS2_workspace/src/cvrp/inc/local_search_inter_intra.hpp:40:42:[m[K [01;31m[Kerror: [m[Kexpected â€˜[01m[K)[m[Kâ€™ before â€˜[01m[Ks[m[Kâ€™
[1.337s]    LocalSearchInterIntraSolution(Solution [01;31m[Ks[m[K);
[1.337s]                                           [01;31m[K^[m[K
[1.337s] [01m[K/home/steags/Documents/Jussieu/M2/MAOA/PDI_Project/ROS2_workspace/src/cvrp/inc/genetic_algorithm.hpp:26:26:[m[K [01;36m[Knote: [m[Ksuggested alternative: â€˜[01m[Kexecle[m[Kâ€™
[1.337s]               std::vector<[01;36m[KVehicle[m[K> vehicles,
[1.338s]                           [01;36m[K^~~~~~~[m[K
[1.338s]                           [32m[Kexecle[m[K
[1.338s] [01m[K/home/steags/Documents/Jussieu/M2/MAOA/PDI_Project/ROS2_workspace/src/cvrp/inc/genetic_algorithm.hpp:26:33:[m[K [01;31m[Kerror: [m[Ktemplate argument 1 is invalid
[1.338s]               std::vector<Vehicle[01;31m[K>[m[K vehicles,
[1.338s]                                  [01;31m[K^[m[K
[1.338s] [01m[K/home/steags/Documents/Jussieu/M2/MAOA/PDI_Project/ROS2_workspace/src/cvrp/inc/genetic_algorithm.hpp:26:33:[m[K [01;31m[Kerror: [m[Ktemplate argument 2 is invalid
[1.338s] [01m[K/home/steags/Documents/Jussieu/M2/MAOA/PDI_Project/ROS2_workspace/src/cvrp/inc/genetic_algorithm.hpp:38:23:[m[K [01;31m[Kerror: [m[Kexpected â€˜[01m[K)[m[Kâ€™ before â€˜[01m[Kp[m[Kâ€™
[1.339s]     GASolution(Problem [01;31m[Kp[m[K,
[1.339s]                        [01;31m[K^[m[K
[1.339s] [01m[K/home/steags/Documents/Jussieu/M2/MAOA/PDI_Project/ROS2_workspace/src/cvrp/inc/genetic_algorithm.hpp:50:24:[m[K [01;31m[Kerror: [m[Kexpected â€˜[01m[K)[m[Kâ€™ before â€˜[01m[Ks[m[Kâ€™
[1.339s]     GASolution(Solution [01;31m[Ks[m[K,
[1.339s]                         [01;31m[K^[m[K
[1.339s] [01m[K/home/steags/Documents/Jussieu/M2/MAOA/PDI_Project/ROS2_workspace/src/cvrp/inc/tabu_search.hpp:45:34:[m[K [01;36m[Knote: [m[Ksuggested alternative: â€˜[01m[Kexecle[m[Kâ€™
[1.339s]                       std::vector<[01;36m[KVehicle[m[K> vehicles,
[1.340s]                                   [01;36m[K^~~~~~~[m[K
[1.340s]                                   [32m[Kexecle[m[K
[1.340s] [01m[K/home/steags/Documents/Jussieu/M2/MAOA/PDI_Project/ROS2_workspace/src/cvrp/inc/tabu_search.hpp:45:41:[m[K [01;31m[Kerror: [m[Ktemplate argument 1 is invalid
[1.340s]                       std::vector<Vehicle[01;31m[K>[m[K vehicles,
[1.340s]                                          [01;31m[K^[m[K
[1.340s] [01m[K/home/steags/Documents/Jussieu/M2/MAOA/PDI_Project/ROS2_workspace/src/cvrp/inc/tabu_search.hpp:45:41:[m[K [01;31m[Kerror: [m[Ktemplate argument 2 is invalid
[1.340s] [01m[K/home/steags/Documents/Jussieu/M2/MAOA/PDI_Project/ROS2_workspace/src/cvrp/inc/tabu_search.hpp:55:30:[m[K [01;31m[Kerror: [m[Kexpected â€˜[01m[K)[m[Kâ€™ before â€˜[01m[Kp[m[Kâ€™
[1.341s]    TabuSearchSolution(Problem [01;31m[Kp[m[K,
[1.341s]                               [01;31m[K^[m[K
[1.341s] [01m[K/home/steags/Documents/Jussieu/M2/MAOA/PDI_Project/ROS2_workspace/src/cvrp/inc/tabu_search.hpp:65:31:[m[K [01;31m[Kerror: [m[Kexpected â€˜[01m[K)[m[Kâ€™ before â€˜[01m[Ks[m[Kâ€™
[1.341s]    TabuSearchSolution(Solution [01;31m[Ks[m[K,
[1.341s]                                [01;31m[K^[m[K
[1.341s] In file included from [01m[K/home/steags/Documents/Jussieu/M2/MAOA/PDI_Project/ROS2_workspace/src/cvrp/inc/utils.hpp:34:0[m[K,
[1.342s]                  from [01m[K/home/steags/Documents/Jussieu/M2/MAOA/PDI_Project/ROS2_workspace/src/cvrp/inc/local_search_intra.hpp:10[m[K,
[1.342s]                  from [01m[K/home/steags/Documents/Jussieu/M2/MAOA/PDI_Project/ROS2_workspace/src/cvrp/src/local_search_intra.cpp:7[m[K:
[1.342s] [01m[K/home/steags/Documents/Jussieu/M2/MAOA/PDI_Project/ROS2_workspace/src/cvrp/inc/simulated_annealing.hpp:12:51:[m[K [01;31m[Kerror: [m[Kexpected class-name before â€˜[01m[K{[m[Kâ€™ token
[1.342s]  class SimulatedAnnealingSolution : public Solution[01;31m[K{[m[K
[1.342s]                                                    [01;31m[K^[m[K
[1.342s] [01m[K/home/steags/Documents/Jussieu/M2/MAOA/PDI_Project/ROS2_workspace/src/cvrp/inc/simulated_annealing.hpp:25:42:[m[K [01;31m[Kerror: [m[Kâ€˜[01m[KNode[m[Kâ€™ was not declared in this scope
[1.342s]    SimulatedAnnealingSolution(std::vector<[01;31m[KNode[m[K> nodes,
[1.343s]                                           [01;31m[K^~~~[m[K
[1.343s] In file included from [01m[K/home/steags/Documents/Jussieu/M2/MAOA/PDI_Project/ROS2_workspace/src/cvrp/inc/utils.hpp:33:0[m[K,
[1.343s]                  from [01m[K/home/steags/Documents/Jussieu/M2/MAOA/PDI_Project/ROS2_workspace/src/cvrp/inc/genetic_algorithm.hpp:10[m[K,
[1.343s]                  from [01m[K/home/steags/Documents/Jussieu/M2/MAOA/PDI_Project/ROS2_workspace/src/cvrp/inc/main.hpp:7[m[K,
[1.343s]                  from [01m[K/home/steags/Documents/Jussieu/M2/MAOA/PDI_Project/ROS2_workspace/src/cvrp/src/main.cpp:7[m[K:
[1.343s] [01m[K/home/steags/Documents/Jussieu/M2/MAOA/PDI_Project/ROS2_workspace/src/cvrp/inc/tabu_search.hpp:33:43:[m[K [01;31m[Kerror: [m[Kexpected class-name before â€˜[01m[K{[m[Kâ€™ token
[1.344s]  class TabuSearchSolution : public Solution[01;31m[K{[m[K
[1.344s]                                            [01;31m[K^[m[K
[1.344s] [01m[K/home/steags/Documents/Jussieu/M2/MAOA/PDI_Project/ROS2_workspace/src/cvrp/inc/tabu_search.hpp:44:34:[m[K [01;31m[Kerror: [m[Kâ€˜[01m[KNode[m[Kâ€™ was not declared in this scope
[1.344s]    TabuSearchSolution(std::vector<[01;31m[KNode[m[K> nodes,
[1.344s]                                   [01;31m[K^~~~[m[K
[1.344s] [01m[K/home/steags/Documents/Jussieu/M2/MAOA/PDI_Project/ROS2_workspace/src/cvrp/inc/simulated_annealing.hpp:25:42:[m[K [01;36m[Knote: [m[Ksuggested alternative: â€˜[01m[Kmodf[m[Kâ€™
[1.345s]    SimulatedAnnealingSolution(std::vector<[01;36m[KNode[m[K> nodes,
[1.345s]                                           [01;36m[K^~~~[m[K
[1.345s]                                           [32m[Kmodf[m[K
[1.345s] [01m[K/home/steags/Documents/Jussieu/M2/MAOA/PDI_Project/ROS2_workspace/src/cvrp/inc/simulated_annealing.hpp:25:46:[m[K [01;31m[Kerror: [m[Ktemplate argument 1 is invalid
[1.345s]    SimulatedAnnealingSolution(std::vector<Node[01;31m[K>[m[K nodes,
[1.345s]                                               [01;31m[K^[m[K
[1.345s] [01m[K/home/steags/Documents/Jussieu/M2/MAOA/PDI_Project/ROS2_workspace/src/cvrp/inc/simulated_annealing.hpp:25:46:[m[K [01;31m[Kerror: [m[Ktemplate argument 2 is invalid
[1.346s] [01m[K/home/steags/Documents/Jussieu/M2/MAOA/PDI_Project/ROS2_workspace/src/cvrp/inc/simulated_annealing.hpp:26:42:[m[K [01;31m[Kerror: [m[Kâ€˜[01m[KVehicle[m[Kâ€™ was not declared in this scope
[1.346s]                               std::vector<[01;31m[KVehicle[m[K> vehicles,
[1.353s]                                           [01;31m[K^~~~~~~[m[K
[1.353s] [01m[K/home/steags/Documents/Jussieu/M2/MAOA/PDI_Project/ROS2_workspace/src/cvrp/inc/tabu_search.hpp:44:34:[m[K [01;36m[Knote: [m[Ksuggested alternative: â€˜[01m[Kmodf[m[Kâ€™
[1.354s]    TabuSearchSolution(std::vector<[01;36m[KNode[m[K> nodes,
[1.354s]                                   [01;36m[K^~~~[m[K
[1.354s]                                   [32m[Kmodf[m[K
[1.354s] [01m[K/home/steags/Documents/Jussieu/M2/MAOA/PDI_Project/ROS2_workspace/src/cvrp/inc/tabu_search.hpp:44:38:[m[K [01;31m[Kerror: [m[Ktemplate argument 1 is invalid
[1.354s]    TabuSearchSolution(std::vector<Node[01;31m[K>[m[K nodes,
[1.355s]                                       [01;31m[K^[m[K
[1.355s] [01m[K/home/steags/Documents/Jussieu/M2/MAOA/PDI_Project/ROS2_workspace/src/cvrp/inc/tabu_search.hpp:44:38:[m[K [01;31m[Kerror: [m[Ktemplate argument 2 is invalid
[1.355s] [01m[K/home/steags/Documents/Jussieu/M2/MAOA/PDI_Project/ROS2_workspace/src/cvrp/inc/tabu_search.hpp:45:34:[m[K [01;31m[Kerror: [m[Kâ€˜[01m[KVehicle[m[Kâ€™ was not declared in this scope
[1.355s]                       std::vector<[01;31m[KVehicle[m[K> vehicles,
[1.355s]                                   [01;31m[K^~~~~~~[m[K
[1.355s] In file included from [01m[K/home/steags/Documents/Jussieu/M2/MAOA/PDI_Project/ROS2_workspace/src/cvrp/inc/utils.hpp:30:0[m[K,
[1.355s]                  from [01m[K/home/steags/Documents/Jussieu/M2/MAOA/PDI_Project/ROS2_workspace/src/cvrp/inc/local_search_inter_intra.hpp:10[m[K,
[1.357s]                  from [01m[K/home/steags/Documents/Jussieu/M2/MAOA/PDI_Project/ROS2_workspace/src/cvrp/src/local_search_inter_intra.cpp:7[m[K:
[1.357s] [01m[K/home/steags/Documents/Jussieu/M2/MAOA/PDI_Project/ROS2_workspace/src/cvrp/inc/greedy.hpp:12:37:[m[K [01;31m[Kerror: [m[Kexpected class-name before â€˜[01m[K{[m[Kâ€™ token
[1.357s]  class GreedySolution:public Solution[01;31m[K{[m[K
[1.358s]                                      [01;31m[K^[m[K
[1.358s] [01m[K/home/steags/Documents/Jussieu/M2/MAOA/PDI_Project/ROS2_workspace/src/cvrp/inc/greedy.hpp:22:30:[m[K [01;31m[Kerror: [m[Kâ€˜[01m[KNode[m[Kâ€™ was not declared in this scope
[1.358s]    GreedySolution(std::vector<[01;31m[KNode[m[K> nodes,
[1.358s]                               [01;31m[K^~~~[m[K
[1.358s] [01m[K/home/steags/Documents/Jussieu/M2/MAOA/PDI_Project/ROS2_workspace/src/cvrp/inc/simulated_annealing.hpp:26:42:[m[K [01;36m[Knote: [m[Ksuggested alternative: â€˜[01m[Kexecle[m[Kâ€™
[1.358s]                               std::vector<[01;36m[KVehicle[m[K> vehicles,
[1.358s]                                           [01;36m[K^~~~~~~[m[K
[1.359s]                                           [32m[Kexecle[m[K
[1.359s] [01m[K/home/steags/Documents/Jussieu/M2/MAOA/PDI_Project/ROS2_workspace/src/cvrp/inc/simulated_annealing.hpp:26:49:[m[K [01;31m[Kerror: [m[Ktemplate argument 1 is invalid
[1.359s]                               std::vector<Vehicle[01;31m[K>[m[K vehicles,
[1.359s]                                                  [01;31m[K^[m[K
[1.359s] [01m[K/home/steags/Documents/Jussieu/M2/MAOA/PDI_Project/ROS2_workspace/src/cvrp/inc/simulated_annealing.hpp:26:49:[m[K [01;31m[Kerror: [m[Ktemplate argument 2 is invalid
[1.359s] [01m[K/home/steags/Documents/Jussieu/M2/MAOA/PDI_Project/ROS2_workspace/src/cvrp/inc/simulated_annealing.hpp:41:38:[m[K [01;31m[Kerror: [m[Kexpected â€˜[01m[K)[m[Kâ€™ before â€˜[01m[Kp[m[Kâ€™
[1.359s]    SimulatedAnnealingSolution(Problem [01;31m[Kp[m[K,
[1.360s]                                       [01;31m[K^[m[K
[1.360s] [01m[K/home/steags/Documents/Jussieu/M2/MAOA/PDI_Project/ROS2_workspace/src/cvrp/inc/simulated_annealing.hpp:55:39:[m[K [01;31m[Kerror: [m[Kexpected â€˜[01m[K)[m[Kâ€™ before â€˜[01m[Ks[m[Kâ€™
[1.360s]    SimulatedAnnealingSolution(Solution [01;31m[Ks[m[K,
[1.360s]                                        [01;31m[K^[m[K
[1.360s] [01m[K/home/steags/Documents/Jussieu/M2/MAOA/PDI_Project/ROS2_workspace/src/cvrp/inc/tabu_search.hpp:45:34:[m[K [01;36m[Knote: [m[Ksuggested alternative: â€˜[01m[Kexecle[m[Kâ€™
[1.360s]                       std::vector<[01;36m[KVehicle[m[K> vehicles,
[1.360s]                                   [01;36m[K^~~~~~~[m[K
[1.361s]                                   [32m[Kexecle[m[K
[1.361s] [01m[K/home/steags/Documents/Jussieu/M2/MAOA/PDI_Project/ROS2_workspace/src/cvrp/inc/tabu_search.hpp:45:41:[m[K [01;31m[Kerror: [m[Ktemplate argument 1 is invalid
[1.361s]                       std::vector<Vehicle[01;31m[K>[m[K vehicles,
[1.361s]                                          [01;31m[K^[m[K
[1.361s] [01m[K/home/steags/Documents/Jussieu/M2/MAOA/PDI_Project/ROS2_workspace/src/cvrp/inc/tabu_search.hpp:45:41:[m[K [01;31m[Kerror: [m[Ktemplate argument 2 is invalid
[1.361s] [01m[K/home/steags/Documents/Jussieu/M2/MAOA/PDI_Project/ROS2_workspace/src/cvrp/inc/tabu_search.hpp:55:30:[m[K [01;31m[Kerror: [m[Kexpected â€˜[01m[K)[m[Kâ€™ before â€˜[01m[Kp[m[Kâ€™
[1.362s]    TabuSearchSolution(Problem [01;31m[Kp[m[K,
[1.362s]                               [01;31m[K^[m[K
[1.362s] [01m[K/home/steags/Documents/Jussieu/M2/MAOA/PDI_Project/ROS2_workspace/src/cvrp/inc/tabu_search.hpp:65:31:[m[K [01;31m[Kerror: [m[Kexpected â€˜[01m[K)[m[Kâ€™ before â€˜[01m[Ks[m[Kâ€™
[1.362s]    TabuSearchSolution(Solution [01;31m[Ks[m[K,
[1.362s]                                [01;31m[K^[m[K
[1.362s] [01m[K/home/steags/Documents/Jussieu/M2/MAOA/PDI_Project/ROS2_workspace/src/cvrp/inc/greedy.hpp:22:30:[m[K [01;36m[Knote: [m[Ksuggested alternative: â€˜[01m[Kmodf[m[Kâ€™
[1.362s]    GreedySolution(std::vector<[01;36m[KNode[m[K> nodes,
[1.363s]                               [01;36m[K^~~~[m[K
[1.363s]                               [32m[Kmodf[m[K
[1.363s] [01m[K/home/steags/Documents/Jussieu/M2/MAOA/PDI_Project/ROS2_workspace/src/cvrp/inc/greedy.hpp:22:34:[m[K [01;31m[Kerror: [m[Ktemplate argument 1 is invalid
[1.363s]    GreedySolution(std::vector<Node[01;31m[K>[m[K nodes,
[1.363s]                                   [01;31m[K^[m[K
[1.363s] [01m[K/home/steags/Documents/Jussieu/M2/MAOA/PDI_Project/ROS2_workspace/src/cvrp/inc/greedy.hpp:22:34:[m[K [01;31m[Kerror: [m[Ktemplate argument 2 is invalid
[1.363s] [01m[K/home/steags/Documents/Jussieu/M2/MAOA/PDI_Project/ROS2_workspace/src/cvrp/inc/greedy.hpp:23:30:[m[K [01;31m[Kerror: [m[Kâ€˜[01m[KVehicle[m[Kâ€™ was not declared in this scope
[1.364s]                   std::vector<[01;31m[KVehicle[m[K> vehicles,
[1.364s]                               [01;31m[K^~~~~~~[m[K
[1.364s] [01m[K/home/steags/Documents/Jussieu/M2/MAOA/PDI_Project/ROS2_workspace/src/cvrp/inc/greedy.hpp:23:30:[m[K [01;36m[Knote: [m[Ksuggested alternative: â€˜[01m[Kexecle[m[Kâ€™
[1.364s]                   std::vector<[01;36m[KVehicle[m[K> vehicles,
[1.364s]                               [01;36m[K^~~~~~~[m[K
[1.364s]                               [32m[Kexecle[m[K
[1.364s] [01m[K/home/steags/Documents/Jussieu/M2/MAOA/PDI_Project/ROS2_workspace/src/cvrp/inc/greedy.hpp:23:37:[m[K [01;31m[Kerror: [m[Ktemplate argument 1 is invalid
[1.365s]                   std::vector<Vehicle[01;31m[K>[m[K vehicles,
[1.365s]                                      [01;31m[K^[m[K
[1.365s] [01m[K/home/steags/Documents/Jussieu/M2/MAOA/PDI_Project/ROS2_workspace/src/cvrp/inc/greedy.hpp:23:37:[m[K [01;31m[Kerror: [m[Ktemplate argument 2 is invalid
[1.365s] [01m[K/home/steags/Documents/Jussieu/M2/MAOA/PDI_Project/ROS2_workspace/src/cvrp/inc/greedy.hpp:32:26:[m[K [01;31m[Kerror: [m[Kexpected â€˜[01m[K)[m[Kâ€™ before â€˜[01m[Kp[m[Kâ€™
[1.365s]    GreedySolution(Problem [01;31m[Kp[m[K);
[1.366s]                           [01;31m[K^[m[K
[1.366s] In file included from [01m[K/home/steags/Documents/Jussieu/M2/MAOA/PDI_Project/ROS2_workspace/src/cvrp/inc/utils.hpp:31:0[m[K,
[1.366s]                  from [01m[K/home/steags/Documents/Jussieu/M2/MAOA/PDI_Project/ROS2_workspace/src/cvrp/inc/local_search_inter_intra.hpp:10[m[K,
[1.367s]                  from [01m[K/home/steags/Documents/Jussieu/M2/MAOA/PDI_Project/ROS2_workspace/src/cvrp/src/local_search_inter_intra.cpp:7[m[K:
[1.368s] [01m[K/home/steags/Documents/Jussieu/M2/MAOA/PDI_Project/ROS2_workspace/src/cvrp/inc/local_search_intra.hpp:12:49:[m[K [01;31m[Kerror: [m[Kexpected class-name before â€˜[01m[K{[m[Kâ€™ token
[1.368s]  class LocalSearchIntraSolution : public Solution[01;31m[K{[m[K
[1.368s]                                                  [01;31m[K^[m[K
[1.368s] In file included from [01m[K/home/steags/Documents/Jussieu/M2/MAOA/PDI_Project/ROS2_workspace/src/cvrp/inc/utils.hpp:31:0[m[K,
[1.369s]                  from [01m[K/home/steags/Documents/Jussieu/M2/MAOA/PDI_Project/ROS2_workspace/src/cvrp/inc/local_search_inter_intra.hpp:10[m[K,
[1.369s]                  from [01m[K/home/steags/Documents/Jussieu/M2/MAOA/PDI_Project/ROS2_workspace/src/cvrp/src/local_search_inter_intra.cpp:7[m[K:
[1.369s] [01m[K/home/steags/Documents/Jussieu/M2/MAOA/PDI_Project/ROS2_workspace/src/cvrp/inc/local_search_intra.hpp:22:40:[m[K [01;31m[Kerror: [m[Kâ€˜[01m[KNode[m[Kâ€™ was not declared in this scope
[1.369s]    LocalSearchIntraSolution(std::vector<[01;31m[KNode[m[K> nodes,
[1.369s]                                         [01;31m[K^~~~[m[K
[1.369s] [01m[K/home/steags/Documents/Jussieu/M2/MAOA/PDI_Project/ROS2_workspace/src/cvrp/inc/local_search_intra.hpp:22:40:[m[K [01;36m[Knote: [m[Ksuggested alternative: â€˜[01m[Kmodf[m[Kâ€™
[1.369s]    LocalSearchIntraSolution(std::vector<[01;36m[KNode[m[K> nodes,
[1.370s]                                         [01;36m[K^~~~[m[K
[1.370s]                                         [32m[Kmodf[m[K
[1.370s] [01m[K/home/steags/Documents/Jussieu/M2/MAOA/PDI_Project/ROS2_workspace/src/cvrp/inc/local_search_intra.hpp:22:44:[m[K [01;31m[Kerror: [m[Ktemplate argument 1 is invalid
[1.370s]    LocalSearchIntraSolution(std::vector<Node[01;31m[K>[m[K nodes,
[1.370s]                                             [01;31m[K^[m[K
[1.370s] [01m[K/home/steags/Documents/Jussieu/M2/MAOA/PDI_Project/ROS2_workspace/src/cvrp/inc/local_search_intra.hpp:22:44:[m[K [01;31m[Kerror: [m[Ktemplate argument 2 is invalid
[1.370s] [01m[K/home/steags/Documents/Jussieu/M2/MAOA/PDI_Project/ROS2_workspace/src/cvrp/inc/local_search_intra.hpp:23:40:[m[K [01;31m[Kerror: [m[Kâ€˜[01m[KVehicle[m[Kâ€™ was not declared in this scope
[1.371s]                             std::vector<[01;31m[KVehicle[m[K> vehicles,
[1.371s]                                         [01;31m[K^~~~~~~[m[K
[1.371s] [01m[K/home/steags/Documents/Jussieu/M2/MAOA/PDI_Project/ROS2_workspace/src/cvrp/inc/local_search_intra.hpp:23:40:[m[K [01;36m[Knote: [m[Ksuggested alternative: â€˜[01m[Kexecle[m[Kâ€™
[1.371s]                             std::vector<[01;36m[KVehicle[m[K> vehicles,
[1.371s]                                         [01;36m[K^~~~~~~[m[K
[1.371s]                                         [32m[Kexecle[m[K
[1.372s] [01m[K/home/steags/Documents/Jussieu/M2/MAOA/PDI_Project/ROS2_workspace/src/cvrp/inc/local_search_intra.hpp:23:47:[m[K [01;31m[Kerror: [m[Ktemplate argument 1 is invalid
[1.372s]                             std::vector<Vehicle[01;31m[K>[m[K vehicles,
[1.372s]                                                [01;31m[K^[m[K
[1.372s] [01m[K/home/steags/Documents/Jussieu/M2/MAOA/PDI_Project/ROS2_workspace/src/cvrp/inc/local_search_intra.hpp:23:47:[m[K [01;31m[Kerror: [m[Ktemplate argument 2 is invalid
[1.372s] [01m[K/home/steags/Documents/Jussieu/M2/MAOA/PDI_Project/ROS2_workspace/src/cvrp/inc/local_search_intra.hpp:32:36:[m[K [01;31m[Kerror: [m[Kexpected â€˜[01m[K)[m[Kâ€™ before â€˜[01m[Kp[m[Kâ€™
[1.372s]    LocalSearchIntraSolution(Problem [01;31m[Kp[m[K);
[1.372s]                                     [01;31m[K^[m[K
[1.373s] [01m[K/home/steags/Documents/Jussieu/M2/MAOA/PDI_Project/ROS2_workspace/src/cvrp/inc/local_search_intra.hpp:40:37:[m[K [01;31m[Kerror: [m[Kexpected â€˜[01m[K)[m[Kâ€™ before â€˜[01m[Ks[m[Kâ€™
[1.373s]    LocalSearchIntraSolution(Solution [01;31m[Ks[m[K);
[1.373s]                                      [01;31m[K^[m[K
[1.373s] In file included from [01m[K/home/steags/Documents/Jussieu/M2/MAOA/PDI_Project/ROS2_workspace/src/cvrp/inc/utils.hpp:33:0[m[K,
[1.373s]                  from [01m[K/home/steags/Documents/Jussieu/M2/MAOA/PDI_Project/ROS2_workspace/src/cvrp/inc/local_search_inter_intra.hpp:10[m[K,
[1.373s]                  from [01m[K/home/steags/Documents/Jussieu/M2/MAOA/PDI_Project/ROS2_workspace/src/cvrp/src/local_search_inter_intra.cpp:7[m[K:
[1.373s] [01m[K/home/steags/Documents/Jussieu/M2/MAOA/PDI_Project/ROS2_workspace/src/cvrp/inc/tabu_search.hpp:33:43:[m[K [01;31m[Kerror: [m[Kexpected class-name before â€˜[01m[K{[m[Kâ€™ token
[1.374s]  class TabuSearchSolution : public Solution[01;31m[K{[m[K
[1.374s]                                            [01;31m[K^[m[K
[1.374s] [01m[K/home/steags/Documents/Jussieu/M2/MAOA/PDI_Project/ROS2_workspace/src/cvrp/inc/tabu_search.hpp:44:34:[m[K [01;31m[Kerror: [m[Kâ€˜[01m[KNode[m[Kâ€™ was not declared in this scope
[1.374s]    TabuSearchSolution(std::vector<[01;31m[KNode[m[K> nodes,
[1.374s]                                   [01;31m[K^~~~[m[K
[1.374s] [01m[K/home/steags/Documents/Jussieu/M2/MAOA/PDI_Project/ROS2_workspace/src/cvrp/inc/tabu_search.hpp:44:34:[m[K [01;36m[Knote: [m[Ksuggested alternative: â€˜[01m[Kmodf[m[Kâ€™
[1.375s]    TabuSearchSolution(std::vector<[01;36m[KNode[m[K> nodes,
[1.375s]                                   [01;36m[K^~~~[m[K
[1.375s]                                   [32m[Kmodf[m[K
[1.375s] [01m[K/home/steags/Documents/Jussieu/M2/MAOA/PDI_Project/ROS2_workspace/src/cvrp/inc/tabu_search.hpp:44:38:[m[K [01;31m[Kerror: [m[Ktemplate argument 1 is invalid
[1.375s]    TabuSearchSolution(std::vector<Node[01;31m[K>[m[K nodes,
[1.375s]                                       [01;31m[K^[m[K
[1.375s] [01m[K/home/steags/Documents/Jussieu/M2/MAOA/PDI_Project/ROS2_workspace/src/cvrp/inc/tabu_search.hpp:44:38:[m[K [01;31m[Kerror: [m[Ktemplate argument 2 is invalid
[1.376s] [01m[K/home/steags/Documents/Jussieu/M2/MAOA/PDI_Project/ROS2_workspace/src/cvrp/inc/tabu_search.hpp:45:34:[m[K [01;31m[Kerror: [m[Kâ€˜[01m[KVehicle[m[Kâ€™ was not declared in this scope
[1.376s]                       std::vector<[01;31m[KVehicle[m[K> vehicles,
[1.376s]                                   [01;31m[K^~~~~~~[m[K
[1.376s] [01m[K/home/steags/Documents/Jussieu/M2/MAOA/PDI_Project/ROS2_workspace/src/cvrp/inc/tabu_search.hpp:45:34:[m[K [01;36m[Knote: [m[Ksuggested alternative: â€˜[01m[Kexecle[m[Kâ€™
[1.376s]                       std::vector<[01;36m[KVehicle[m[K> vehicles,
[1.376s]                                   [01;36m[K^~~~~~~[m[K
[1.376s]                                   [32m[Kexecle[m[K
[1.377s] [01m[K/home/steags/Documents/Jussieu/M2/MAOA/PDI_Project/ROS2_workspace/src/cvrp/inc/tabu_search.hpp:45:41:[m[K [01;31m[Kerror: [m[Ktemplate argument 1 is invalid
[1.377s]                       std::vector<Vehicle[01;31m[K>[m[K vehicles,
[1.377s]                                          [01;31m[K^[m[K
[1.377s] [01m[K/home/steags/Documents/Jussieu/M2/MAOA/PDI_Project/ROS2_workspace/src/cvrp/inc/tabu_search.hpp:45:41:[m[K [01;31m[Kerror: [m[Ktemplate argument 2 is invalid
[1.377s] [01m[K/home/steags/Documents/Jussieu/M2/MAOA/PDI_Project/ROS2_workspace/src/cvrp/inc/tabu_search.hpp:55:30:[m[K [01;31m[Kerror: [m[Kexpected â€˜[01m[K)[m[Kâ€™ before â€˜[01m[Kp[m[Kâ€™
[1.377s]    TabuSearchSolution(Problem [01;31m[Kp[m[K,
[1.377s]                               [01;31m[K^[m[K
[1.378s] [01m[K/home/steags/Documents/Jussieu/M2/MAOA/PDI_Project/ROS2_workspace/src/cvrp/inc/tabu_search.hpp:65:31:[m[K [01;31m[Kerror: [m[Kexpected â€˜[01m[K)[m[Kâ€™ before â€˜[01m[Ks[m[Kâ€™
[1.378s]    TabuSearchSolution(Solution [01;31m[Ks[m[K,
[1.378s]                                [01;31m[K^[m[K
[1.378s] In file included from [01m[K/home/steags/Documents/Jussieu/M2/MAOA/PDI_Project/ROS2_workspace/src/cvrp/inc/utils.hpp:34:0[m[K,
[1.378s]                  from [01m[K/home/steags/Documents/Jussieu/M2/MAOA/PDI_Project/ROS2_workspace/src/cvrp/inc/genetic_algorithm.hpp:10[m[K,
[1.378s]                  from [01m[K/home/steags/Documents/Jussieu/M2/MAOA/PDI_Project/ROS2_workspace/src/cvrp/inc/main.hpp:7[m[K,
[1.378s]                  from [01m[K/home/steags/Documents/Jussieu/M2/MAOA/PDI_Project/ROS2_workspace/src/cvrp/src/main.cpp:7[m[K:
[1.379s] [01m[K/home/steags/Documents/Jussieu/M2/MAOA/PDI_Project/ROS2_workspace/src/cvrp/inc/simulated_annealing.hpp:12:51:[m[K [01;31m[Kerror: [m[Kexpected class-name before â€˜[01m[K{[m[Kâ€™ token
[1.379s]  class SimulatedAnnealingSolution : public Solution[01;31m[K{[m[K
[1.379s]                                                    [01;31m[K^[m[K
[1.379s] [01m[K/home/steags/Documents/Jussieu/M2/MAOA/PDI_Project/ROS2_workspace/src/cvrp/inc/simulated_annealing.hpp:25:42:[m[K [01;31m[Kerror: [m[Kâ€˜[01m[KNode[m[Kâ€™ was not declared in this scope
[1.379s]    SimulatedAnnealingSolution(std::vector<[01;31m[KNode[m[K> nodes,
[1.379s]                                           [01;31m[K^~~~[m[K
[1.379s] [01m[K/home/steags/Documents/Jussieu/M2/MAOA/PDI_Project/ROS2_workspace/src/cvrp/inc/simulated_annealing.hpp:25:42:[m[K [01;36m[Knote: [m[Ksuggested alternative: â€˜[01m[Kmodf[m[Kâ€™
[1.380s]    SimulatedAnnealingSolution(std::vector<[01;36m[KNode[m[K> nodes,
[1.380s]                                           [01;36m[K^~~~[m[K
[1.380s]                                           [32m[Kmodf[m[K
[1.380s] [01m[K/home/steags/Documents/Jussieu/M2/MAOA/PDI_Project/ROS2_workspace/src/cvrp/inc/simulated_annealing.hpp:25:46:[m[K [01;31m[Kerror: [m[Ktemplate argument 1 is invalid
[1.380s]    SimulatedAnnealingSolution(std::vector<Node[01;31m[K>[m[K nodes,
[1.380s]                                               [01;31m[K^[m[K
[1.380s] [01m[K/home/steags/Documents/Jussieu/M2/MAOA/PDI_Project/ROS2_workspace/src/cvrp/inc/simulated_annealing.hpp:25:46:[m[K [01;31m[Kerror: [m[Ktemplate argument 2 is invalid
[1.381s] [01m[K/home/steags/Documents/Jussieu/M2/MAOA/PDI_Project/ROS2_workspace/src/cvrp/inc/simulated_annealing.hpp:26:42:[m[K [01;31m[Kerror: [m[Kâ€˜[01m[KVehicle[m[Kâ€™ was not declared in this scope
[1.381s]                               std::vector<[01;31m[KVehicle[m[K> vehicles,
[1.381s]                                           [01;31m[K^~~~~~~[m[K
[1.381s] [01m[K/home/steags/Documents/Jussieu/M2/MAOA/PDI_Project/ROS2_workspace/src/cvrp/inc/simulated_annealing.hpp:26:42:[m[K [01;36m[Knote: [m[Ksuggested alternative: â€˜[01m[Kexecle[m[Kâ€™
[1.381s]                               std::vector<[01;36m[KVehicle[m[K> vehicles,
[1.381s]                                           [01;36m[K^~~~~~~[m[K
[1.382s]                                           [32m[Kexecle[m[K
[1.382s] [01m[K/home/steags/Documents/Jussieu/M2/MAOA/PDI_Project/ROS2_workspace/src/cvrp/inc/simulated_annealing.hpp:26:49:[m[K [01;31m[Kerror: [m[Ktemplate argument 1 is invalid
[1.382s]                               std::vector<Vehicle[01;31m[K>[m[K vehicles,
[1.382s]                                                  [01;31m[K^[m[K
[1.382s] [01m[K/home/steags/Documents/Jussieu/M2/MAOA/PDI_Project/ROS2_workspace/src/cvrp/inc/simulated_annealing.hpp:26:49:[m[K [01;31m[Kerror: [m[Ktemplate argument 2 is invalid
[1.382s] [01m[K/home/steags/Documents/Jussieu/M2/MAOA/PDI_Project/ROS2_workspace/src/cvrp/inc/simulated_annealing.hpp:41:38:[m[K [01;31m[Kerror: [m[Kexpected â€˜[01m[K)[m[Kâ€™ before â€˜[01m[Kp[m[Kâ€™
[1.382s]    SimulatedAnnealingSolution(Problem [01;31m[Kp[m[K,
[1.383s]                                       [01;31m[K^[m[K
[1.383s] [01m[K/home/steags/Documents/Jussieu/M2/MAOA/PDI_Project/ROS2_workspace/src/cvrp/inc/simulated_annealing.hpp:55:39:[m[K [01;31m[Kerror: [m[Kexpected â€˜[01m[K)[m[Kâ€™ before â€˜[01m[Ks[m[Kâ€™
[1.383s]    SimulatedAnnealingSolution(Solution [01;31m[Ks[m[K,
[1.383s]                                        [01;31m[K^[m[K
[1.383s] In file included from [01m[K/home/steags/Documents/Jussieu/M2/MAOA/PDI_Project/ROS2_workspace/src/cvrp/inc/utils.hpp:34:0[m[K,
[1.383s]                  from [01m[K/home/steags/Documents/Jussieu/M2/MAOA/PDI_Project/ROS2_workspace/src/cvrp/inc/local_search_inter_intra.hpp:10[m[K,
[1.384s]                  from [01m[K/home/steags/Documents/Jussieu/M2/MAOA/PDI_Project/ROS2_workspace/src/cvrp/src/local_search_inter_intra.cpp:7[m[K:
[1.384s] [01m[K/home/steags/Documents/Jussieu/M2/MAOA/PDI_Project/ROS2_workspace/src/cvrp/inc/simulated_annealing.hpp:12:51:[m[K [01;31m[Kerror: [m[Kexpected class-name before â€˜[01m[K{[m[Kâ€™ token
[1.384s]  class SimulatedAnnealingSolution : public Solution[01;31m[K{[m[K
[1.384s]                                                    [01;31m[K^[m[K
[1.384s] [01m[K/home/steags/Documents/Jussieu/M2/MAOA/PDI_Project/ROS2_workspace/src/cvrp/inc/simulated_annealing.hpp:25:42:[m[K [01;31m[Kerror: [m[Kâ€˜[01m[KNode[m[Kâ€™ was not declared in this scope
[1.384s]    SimulatedAnnealingSolution(std::vector<[01;31m[KNode[m[K> nodes,
[1.384s]                                           [01;31m[K^~~~[m[K
[1.385s] [01m[K/home/steags/Documents/Jussieu/M2/MAOA/PDI_Project/ROS2_workspace/src/cvrp/inc/simulated_annealing.hpp:25:42:[m[K [01;36m[Knote: [m[Ksuggested alternative: â€˜[01m[Kmodf[m[Kâ€™
[1.385s]    SimulatedAnnealingSolution(std::vector<[01;36m[KNode[m[K> nodes,
[1.385s]                                           [01;36m[K^~~~[m[K
[1.385s]                                           [32m[Kmodf[m[K
[1.385s] [01m[K/home/steags/Documents/Jussieu/M2/MAOA/PDI_Project/ROS2_workspace/src/cvrp/inc/simulated_annealing.hpp:25:46:[m[K [01;31m[Kerror: [m[Ktemplate argument 1 is invalid
[1.385s]    SimulatedAnnealingSolution(std::vector<Node[01;31m[K>[m[K nodes,
[1.385s]                                               [01;31m[K^[m[K
[1.386s] [01m[K/home/steags/Documents/Jussieu/M2/MAOA/PDI_Project/ROS2_workspace/src/cvrp/inc/simulated_annealing.hpp:25:46:[m[K [01;31m[Kerror: [m[Ktemplate argument 2 is invalid
[1.386s] [01m[K/home/steags/Documents/Jussieu/M2/MAOA/PDI_Project/ROS2_workspace/src/cvrp/inc/simulated_annealing.hpp:26:42:[m[K [01;31m[Kerror: [m[Kâ€˜[01m[KVehicle[m[Kâ€™ was not declared in this scope
[1.386s]                               std::vector<[01;31m[KVehicle[m[K> vehicles,
[1.386s]                                           [01;31m[K^~~~~~~[m[K
[1.386s] [01m[K/home/steags/Documents/Jussieu/M2/MAOA/PDI_Project/ROS2_workspace/src/cvrp/inc/simulated_annealing.hpp:26:42:[m[K [01;36m[Knote: [m[Ksuggested alternative: â€˜[01m[Kexecle[m[Kâ€™
[1.386s]                               std::vector<[01;36m[KVehicle[m[K> vehicles,
[1.386s]                                           [01;36m[K^~~~~~~[m[K
[1.387s]                                           [32m[Kexecle[m[K
[1.387s] [01m[K/home/steags/Documents/Jussieu/M2/MAOA/PDI_Project/ROS2_workspace/src/cvrp/inc/simulated_annealing.hpp:26:49:[m[K [01;31m[Kerror: [m[Ktemplate argument 1 is invalid
[1.387s]                               std::vector<Vehicle[01;31m[K>[m[K vehicles,
[1.387s]                                                  [01;31m[K^[m[K
[1.387s] [01m[K/home/steags/Documents/Jussieu/M2/MAOA/PDI_Project/ROS2_workspace/src/cvrp/inc/simulated_annealing.hpp:26:49:[m[K [01;31m[Kerror: [m[Ktemplate argument 2 is invalid
[1.387s] [01m[K/home/steags/Documents/Jussieu/M2/MAOA/PDI_Project/ROS2_workspace/src/cvrp/inc/simulated_annealing.hpp:41:38:[m[K [01;31m[Kerror: [m[Kexpected â€˜[01m[K)[m[Kâ€™ before â€˜[01m[Kp[m[Kâ€™
[1.387s]    SimulatedAnnealingSolution(Problem [01;31m[Kp[m[K,
[1.388s]                                       [01;31m[K^[m[K
[1.388s] [01m[K/home/steags/Documents/Jussieu/M2/MAOA/PDI_Project/ROS2_workspace/src/cvrp/inc/simulated_annealing.hpp:55:39:[m[K [01;31m[Kerror: [m[Kexpected â€˜[01m[K)[m[Kâ€™ before â€˜[01m[Ks[m[Kâ€™
[1.388s]    SimulatedAnnealingSolution(Solution [01;31m[Ks[m[K,
[1.388s]                                        [01;31m[K^[m[K
[2.395s] [01m[K/home/steags/Documents/Jussieu/M2/MAOA/PDI_Project/ROS2_workspace/src/cvrp/src/utils.cpp:[m[K In function â€˜[01m[Kstd::vector<Vehicle> run_instance(PRP, std::__cxx11::string)[m[Kâ€™:
[2.395s] [01m[K/home/steags/Documents/Jussieu/M2/MAOA/PDI_Project/ROS2_workspace/src/cvrp/src/utils.cpp:246:27:[m[K [01;31m[Kerror: [m[Kno matching function for call to â€˜[01m[KGreedySolution::GreedySolution(Problem&)[m[Kâ€™
[2.395s]        GreedySolution vrp(p[01;31m[K)[m[K;
[2.396s]                            [01;31m[K^[m[K
[2.396s] In file included from [01m[K/home/steags/Documents/Jussieu/M2/MAOA/PDI_Project/ROS2_workspace/src/cvrp/inc/utils.hpp:30:0[m[K,
[2.396s]                  from [01m[K/home/steags/Documents/Jussieu/M2/MAOA/PDI_Project/ROS2_workspace/src/cvrp/src/utils.cpp:7[m[K:
[2.396s] [01m[K/home/steags/Documents/Jussieu/M2/MAOA/PDI_Project/ROS2_workspace/src/cvrp/inc/greedy.hpp:22:3:[m[K [01;36m[Knote: [m[Kcandidate: GreedySolution::GreedySolution(int, int, std::vector<std::vector<double> >)
[2.397s]    [01;36m[KGreedySolution[m[K(std::vector<Node> nodes,
[2.397s]    [01;36m[K^~~~~~~~~~~~~~[m[K
[2.397s] [01m[K/home/steags/Documents/Jussieu/M2/MAOA/PDI_Project/ROS2_workspace/src/cvrp/inc/greedy.hpp:22:3:[m[K [01;36m[Knote: [m[K  candidate expects 3 arguments, 1 provided
[2.397s] [01m[K/home/steags/Documents/Jussieu/M2/MAOA/PDI_Project/ROS2_workspace/src/cvrp/inc/greedy.hpp:12:7:[m[K [01;36m[Knote: [m[Kcandidate: constexpr GreedySolution::GreedySolution(const GreedySolution&)
[2.397s]  class [01;36m[KGreedySolution[m[K:public Solution{
[2.397s]        [01;36m[K^~~~~~~~~~~~~~[m[K
[2.398s] [01m[K/home/steags/Documents/Jussieu/M2/MAOA/PDI_Project/ROS2_workspace/src/cvrp/inc/greedy.hpp:12:7:[m[K [01;36m[Knote: [m[K  no known conversion for argument 1 from â€˜[01m[KProblem[m[Kâ€™ to â€˜[01m[Kconst GreedySolution&[m[Kâ€™
[2.398s] [01m[K/home/steags/Documents/Jussieu/M2/MAOA/PDI_Project/ROS2_workspace/src/cvrp/inc/greedy.hpp:12:7:[m[K [01;36m[Knote: [m[Kcandidate: constexpr GreedySolution::GreedySolution(GreedySolution&&)
[2.398s] [01m[K/home/steags/Documents/Jussieu/M2/MAOA/PDI_Project/ROS2_workspace/src/cvrp/inc/greedy.hpp:12:7:[m[K [01;36m[Knote: [m[K  no known conversion for argument 1 from â€˜[01m[KProblem[m[Kâ€™ to â€˜[01m[KGreedySolution&&[m[Kâ€™
[2.398s] [01m[K/home/steags/Documents/Jussieu/M2/MAOA/PDI_Project/ROS2_workspace/src/cvrp/src/utils.cpp:249:18:[m[K [01;31m[Kerror: [m[Kâ€˜[01m[Kclass GreedySolution[m[Kâ€™ has no member named â€˜[01m[Kvehicles_[m[Kâ€™
[2.399s]        return vrp.[01;31m[Kvehicles_[m[K;
[2.399s]                   [01;31m[K^~~~~~~~~[m[K
[2.399s] [01m[K/home/steags/Documents/Jussieu/M2/MAOA/PDI_Project/ROS2_workspace/src/cvrp/src/utils.cpp:252:37:[m[K [01;31m[Kerror: [m[Kno matching function for call to â€˜[01m[KLocalSearchIntraSolution::LocalSearchIntraSolution(Problem&)[m[Kâ€™
[2.399s]        LocalSearchIntraSolution vrp(p[01;31m[K)[m[K;
[2.399s]                                      [01;31m[K^[m[K
[2.399s] In file included from [01m[K/home/steags/Documents/Jussieu/M2/MAOA/PDI_Project/ROS2_workspace/src/cvrp/inc/utils.hpp:31:0[m[K,
[2.399s]                  from [01m[K/home/steags/Documents/Jussieu/M2/MAOA/PDI_Project/ROS2_workspace/src/cvrp/src/utils.cpp:7[m[K:
[2.400s] [01m[K/home/steags/Documents/Jussieu/M2/MAOA/PDI_Project/ROS2_workspace/src/cvrp/inc/local_search_intra.hpp:22:3:[m[K [01;36m[Knote: [m[Kcandidate: LocalSearchIntraSolution::LocalSearchIntraSolution(int, int, std::vector<std::vector<double> >)
[2.400s]    [01;36m[KLocalSearchIntraSolution[m[K(std::vector<Node> nodes,
[2.400s]    [01;36m[K^~~~~~~~~~~~~~~~~~~~~~~~[m[K
[2.400s] [01m[K/home/steags/Documents/Jussieu/M2/MAOA/PDI_Project/ROS2_workspace/src/cvrp/inc/local_search_intra.hpp:22:3:[m[K [01;36m[Knote: [m[K  candidate expects 3 arguments, 1 provided
[2.400s] In file included from [01m[K/home/steags/Documents/Jussieu/M2/MAOA/PDI_Project/ROS2_workspace/src/cvrp/inc/utils.hpp:31:0[m[K,
[2.400s]                  from [01m[K/home/steags/Documents/Jussieu/M2/MAOA/PDI_Project/ROS2_workspace/src/cvrp/src/utils.cpp:7[m[K:
[2.401s] [01m[K/home/steags/Documents/Jussieu/M2/MAOA/PDI_Project/ROS2_workspace/src/cvrp/inc/local_search_intra.hpp:12:7:[m[K [01;36m[Knote: [m[Kcandidate: constexpr LocalSearchIntraSolution::LocalSearchIntraSolution(const LocalSearchIntraSolution&)
[2.401s]  class [01;36m[KLocalSearchIntraSolution[m[K : public Solution{
[2.401s]        [01;36m[K^~~~~~~~~~~~~~~~~~~~~~~~[m[K
[2.401s] [01m[K/home/steags/Documents/Jussieu/M2/MAOA/PDI_Project/ROS2_workspace/src/cvrp/inc/local_search_intra.hpp:12:7:[m[K [01;36m[Knote: [m[K  no known conversion for argument 1 from â€˜[01m[KProblem[m[Kâ€™ to â€˜[01m[Kconst LocalSearchIntraSolution&[m[Kâ€™
[2.401s] [01m[K/home/steags/Documents/Jussieu/M2/MAOA/PDI_Project/ROS2_workspace/src/cvrp/inc/local_search_intra.hpp:12:7:[m[K [01;36m[Knote: [m[Kcandidate: constexpr LocalSearchIntraSolution::LocalSearchIntraSolution(LocalSearchIntraSolution&&)
[2.402s] [01m[K/home/steags/Documents/Jussieu/M2/MAOA/PDI_Project/ROS2_workspace/src/cvrp/inc/local_search_intra.hpp:12:7:[m[K [01;36m[Knote: [m[K  no known conversion for argument 1 from â€˜[01m[KProblem[m[Kâ€™ to â€˜[01m[KLocalSearchIntraSolution&&[m[Kâ€™
[2.402s] [01m[K/home/steags/Documents/Jussieu/M2/MAOA/PDI_Project/ROS2_workspace/src/cvrp/src/utils.cpp:255:18:[m[K [01;31m[Kerror: [m[Kâ€˜[01m[Kclass LocalSearchIntraSolution[m[Kâ€™ has no member named â€˜[01m[Kvehicles_[m[Kâ€™
[2.402s]        return vrp.[01;31m[Kvehicles_[m[K;
[2.402s]                   [01;31m[K^~~~~~~~~[m[K
[2.403s] [01m[K/home/steags/Documents/Jussieu/M2/MAOA/PDI_Project/ROS2_workspace/src/cvrp/src/utils.cpp:258:42:[m[K [01;31m[Kerror: [m[Kno matching function for call to â€˜[01m[KLocalSearchInterIntraSolution::LocalSearchInterIntraSolution(Problem&)[m[Kâ€™
[2.403s]        LocalSearchInterIntraSolution vrp(p[01;31m[K)[m[K;
[2.403s]                                           [01;31m[K^[m[K
[2.403s] In file included from [01m[K/home/steags/Documents/Jussieu/M2/MAOA/PDI_Project/ROS2_workspace/src/cvrp/inc/utils.hpp:32:0[m[K,
[2.404s]                  from [01m[K/home/steags/Documents/Jussieu/M2/MAOA/PDI_Project/ROS2_workspace/src/cvrp/src/utils.cpp:7[m[K:
[2.404s] [01m[K/home/steags/Documents/Jussieu/M2/MAOA/PDI_Project/ROS2_workspace/src/cvrp/inc/local_search_inter_intra.hpp:22:3:[m[K [01;36m[Knote: [m[Kcandidate: LocalSearchInterIntraSolution::LocalSearchInterIntraSolution(int, int, std::vector<std::vector<double> >)
[2.404s]    [01;36m[KLocalSearchInterIntraSolution[m[K(std::vector<Node> nodes,
[2.404s]    [01;36m[K^~~~~~~~~~~~~~~~~~~~~~~~~~~~~[m[K
[2.404s] [01m[K/home/steags/Documents/Jussieu/M2/MAOA/PDI_Project/ROS2_workspace/src/cvrp/inc/local_search_inter_intra.hpp:22:3:[m[K [01;36m[Knote: [m[K  candidate expects 3 arguments, 1 provided
[2.404s] [01m[K/home/steags/Documents/Jussieu/M2/MAOA/PDI_Project/ROS2_workspace/src/cvrp/inc/local_search_inter_intra.hpp:12:7:[m[K [01;36m[Knote: [m[Kcandidate: constexpr LocalSearchInterIntraSolution::LocalSearchInterIntraSolution(const LocalSearchInterIntraSolution&)
[2.405s]  class [01;36m[KLocalSearchInterIntraSolution[m[K : public Solution{
[2.405s]        [01;36m[K^~~~~~~~~~~~~~~~~~~~~~~~~~~~~[m[K
[2.405s] [01m[K/home/steags/Documents/Jussieu/M2/MAOA/PDI_Project/ROS2_workspace/src/cvrp/inc/local_search_inter_intra.hpp:12:7:[m[K [01;36m[Knote: [m[K  no known conversion for argument 1 from â€˜[01m[KProblem[m[Kâ€™ to â€˜[01m[Kconst LocalSearchInterIntraSolution&[m[Kâ€™
[2.405s] [01m[K/home/steags/Documents/Jussieu/M2/MAOA/PDI_Project/ROS2_workspace/src/cvrp/inc/local_search_inter_intra.hpp:12:7:[m[K [01;36m[Knote: [m[Kcandidate: constexpr LocalSearchInterIntraSolution::LocalSearchInterIntraSolution(LocalSearchInterIntraSolution&&)
[2.405s] [01m[K/home/steags/Documents/Jussieu/M2/MAOA/PDI_Project/ROS2_workspace/src/cvrp/inc/local_search_inter_intra.hpp:12:7:[m[K [01;36m[Knote: [m[K  no known conversion for argument 1 from â€˜[01m[KProblem[m[Kâ€™ to â€˜[01m[KLocalSearchInterIntraSolution&&[m[Kâ€™
[2.405s] [01m[K/home/steags/Documents/Jussieu/M2/MAOA/PDI_Project/ROS2_workspace/src/cvrp/src/utils.cpp:261:18:[m[K [01;31m[Kerror: [m[Kâ€˜[01m[Kclass LocalSearchInterIntraSolution[m[Kâ€™ has no member named â€˜[01m[Kvehicles_[m[Kâ€™
[2.405s]        return vrp.[01;31m[Kvehicles_[m[K;
[2.406s]                   [01;31m[K^~~~~~~~~[m[K
[2.406s] [01m[K/home/steags/Documents/Jussieu/M2/MAOA/PDI_Project/ROS2_workspace/src/cvrp/src/utils.cpp:264:35:[m[K [01;31m[Kerror: [m[Kno matching function for call to â€˜[01m[KTabuSearchSolution::TabuSearchSolution(Problem&, int)[m[Kâ€™
[2.406s]        TabuSearchSolution vrp(p, 10[01;31m[K)[m[K;
[2.406s]                                    [01;31m[K^[m[K
[2.406s] In file included from [01m[K/home/steags/Documents/Jussieu/M2/MAOA/PDI_Project/ROS2_workspace/src/cvrp/inc/utils.hpp:33:0[m[K,
[2.406s]                  from [01m[K/home/steags/Documents/Jussieu/M2/MAOA/PDI_Project/ROS2_workspace/src/cvrp/src/utils.cpp:7[m[K:
[2.406s] [01m[K/home/steags/Documents/Jussieu/M2/MAOA/PDI_Project/ROS2_workspace/src/cvrp/inc/tabu_search.hpp:44:3:[m[K [01;36m[Knote: [m[Kcandidate: TabuSearchSolution::TabuSearchSolution(int, int, std::vector<std::vector<double> >, int)
[2.407s]    [01;36m[KTabuSearchSolution[m[K(std::vector<Node> nodes,
[2.407s]    [01;36m[K^~~~~~~~~~~~~~~~~~[m[K
[2.407s] [01m[K/home/steags/Documents/Jussieu/M2/MAOA/PDI_Project/ROS2_workspace/src/cvrp/inc/tabu_search.hpp:44:3:[m[K [01;36m[Knote: [m[K  candidate expects 4 arguments, 2 provided
[2.407s] [01m[K/home/steags/Documents/Jussieu/M2/MAOA/PDI_Project/ROS2_workspace/src/cvrp/inc/tabu_search.hpp:33:7:[m[K [01;36m[Knote: [m[Kcandidate: TabuSearchSolution::TabuSearchSolution(const TabuSearchSolution&)
[2.407s]  class [01;36m[KTabuSearchSolution[m[K : public Solution{
[2.407s]        [01;36m[K^~~~~~~~~~~~~~~~~~[m[K
[2.408s] [01m[K/home/steags/Documents/Jussieu/M2/MAOA/PDI_Project/ROS2_workspace/src/cvrp/inc/tabu_search.hpp:33:7:[m[K [01;36m[Knote: [m[K  candidate expects 1 argument, 2 provided
[2.408s] [01m[K/home/steags/Documents/Jussieu/M2/MAOA/PDI_Project/ROS2_workspace/src/cvrp/inc/tabu_search.hpp:33:7:[m[K [01;36m[Knote: [m[Kcandidate: TabuSearchSolution::TabuSearchSolution(TabuSearchSolution&&)
[2.408s] [01m[K/home/steags/Documents/Jussieu/M2/MAOA/PDI_Project/ROS2_workspace/src/cvrp/inc/tabu_search.hpp:33:7:[m[K [01;36m[Knote: [m[K  candidate expects 1 argument, 2 provided
[2.408s] [01m[K/home/steags/Documents/Jussieu/M2/MAOA/PDI_Project/ROS2_workspace/src/cvrp/src/utils.cpp:267:18:[m[K [01;31m[Kerror: [m[Kâ€˜[01m[Kclass TabuSearchSolution[m[Kâ€™ has no member named â€˜[01m[Kvehicles_[m[Kâ€™
[2.408s]        return vrp.[01;31m[Kvehicles_[m[K;
[2.408s]                   [01;31m[K^~~~~~~~~[m[K
[2.408s] [01m[K/home/steags/Documents/Jussieu/M2/MAOA/PDI_Project/ROS2_workspace/src/cvrp/src/utils.cpp:270:62:[m[K [01;31m[Kerror: [m[Kno matching function for call to â€˜[01m[KSimulatedAnnealingSolution::SimulatedAnnealingSolution(Problem&, int, int, double)[m[Kâ€™
[2.409s]        SimulatedAnnealingSolution vrp(p, 5000000, 5000, 0.9999[01;31m[K)[m[K;
[2.409s]                                                               [01;31m[K^[m[K
[2.409s] In file included from [01m[K/home/steags/Documents/Jussieu/M2/MAOA/PDI_Project/ROS2_workspace/src/cvrp/inc/utils.hpp:34:0[m[K,
[2.409s]                  from [01m[K/home/steags/Documents/Jussieu/M2/MAOA/PDI_Project/ROS2_workspace/src/cvrp/src/utils.cpp:7[m[K:
[2.409s] [01m[K/home/steags/Documents/Jussieu/M2/MAOA/PDI_Project/ROS2_workspace/src/cvrp/inc/simulated_annealing.hpp:25:3:[m[K [01;36m[Knote: [m[Kcandidate: SimulatedAnnealingSolution::SimulatedAnnealingSolution(int, int, std::vector<std::vector<double> >, int, double, double)
[2.409s]    [01;36m[KSimulatedAnnealingSolution[m[K(std::vector<Node> nodes,
[2.410s]    [01;36m[K^~~~~~~~~~~~~~~~~~~~~~~~~~[m[K
[2.410s] [01m[K/home/steags/Documents/Jussieu/M2/MAOA/PDI_Project/ROS2_workspace/src/cvrp/inc/simulated_annealing.hpp:25:3:[m[K [01;36m[Knote: [m[K  no known conversion for argument 1 from â€˜[01m[KProblem[m[Kâ€™ to â€˜[01m[Kint[m[Kâ€™
[2.410s] [01m[K/home/steags/Documents/Jussieu/M2/MAOA/PDI_Project/ROS2_workspace/src/cvrp/inc/simulated_annealing.hpp:12:7:[m[K [01;36m[Knote: [m[Kcandidate: constexpr SimulatedAnnealingSolution::SimulatedAnnealingSolution(const SimulatedAnnealingSolution&)
[2.410s]  class [01;36m[KSimulatedAnnealingSolution[m[K : public Solution{
[2.410s]        [01;36m[K^~~~~~~~~~~~~~~~~~~~~~~~~~[m[K
[2.410s] [01m[K/home/steags/Documents/Jussieu/M2/MAOA/PDI_Project/ROS2_workspace/src/cvrp/inc/simulated_annealing.hpp:12:7:[m[K [01;36m[Knote: [m[K  candidate expects 1 argument, 4 provided
[2.411s] [01m[K/home/steags/Documents/Jussieu/M2/MAOA/PDI_Project/ROS2_workspace/src/cvrp/inc/simulated_annealing.hpp:12:7:[m[K [01;36m[Knote: [m[Kcandidate: constexpr SimulatedAnnealingSolution::SimulatedAnnealingSolution(SimulatedAnnealingSolution&&)
[2.411s] [01m[K/home/steags/Documents/Jussieu/M2/MAOA/PDI_Project/ROS2_workspace/src/cvrp/inc/simulated_annealing.hpp:12:7:[m[K [01;36m[Knote: [m[K  candidate expects 1 argument, 4 provided
[2.411s] [01m[K/home/steags/Documents/Jussieu/M2/MAOA/PDI_Project/ROS2_workspace/src/cvrp/src/utils.cpp:273:18:[m[K [01;31m[Kerror: [m[Kâ€˜[01m[Kclass SimulatedAnnealingSolution[m[Kâ€™ has no member named â€˜[01m[Kvehicles_[m[Kâ€™
[2.411s]        return vrp.[01;31m[Kvehicles_[m[K;
[2.411s]                   [01;31m[K^~~~~~~~~[m[K
[2.411s] [01m[K/home/steags/Documents/Jussieu/M2/MAOA/PDI_Project/ROS2_workspace/src/cvrp/src/utils.cpp:[m[K At global scope:
[2.411s] [01m[K/home/steags/Documents/Jussieu/M2/MAOA/PDI_Project/ROS2_workspace/src/cvrp/src/utils.cpp:284:1:[m[K [01;31m[Kerror: [m[Kexpected declaration before â€˜[01m[K}[m[Kâ€™ token
[2.412s]  [01;31m[K}[m[K
[2.412s]  [01;31m[K^[m[K
[2.740s] CMakeFiles/cvrp.dir/build.make:140: recipe for target 'CMakeFiles/cvrp.dir/src/simulated_annealing.cpp.o' failed
[2.740s] make[2]: *** [CMakeFiles/cvrp.dir/src/simulated_annealing.cpp.o] Error 1
[2.740s] make[2]: *** Waiting for unfinished jobs....
[2.761s] CMakeFiles/cvrp.dir/build.make:127: recipe for target 'CMakeFiles/cvrp.dir/src/local_search_intra.cpp.o' failed
[2.761s] make[2]: *** [CMakeFiles/cvrp.dir/src/local_search_intra.cpp.o] Error 1
[2.761s] CMakeFiles/cvrp.dir/build.make:101: recipe for target 'CMakeFiles/cvrp.dir/src/greedy.cpp.o' failed
[2.761s] make[2]: *** [CMakeFiles/cvrp.dir/src/greedy.cpp.o] Error 1
[2.803s] CMakeFiles/cvrp.dir/build.make:114: recipe for target 'CMakeFiles/cvrp.dir/src/local_search_inter_intra.cpp.o' failed
[2.803s] make[2]: *** [CMakeFiles/cvrp.dir/src/local_search_inter_intra.cpp.o] Error 1
[2.816s] make[2]: *** [CMakeFiles/cvrp.dir/src/tabu_search.cpp.o] Error 1
[2.817s] CMakeFiles/cvrp.dir/build.make:153: recipe for target 'CMakeFiles/cvrp.dir/src/tabu_search.cpp.o' failed
[2.826s] CMakeFiles/cvrp.dir/build.make:62: recipe for target 'CMakeFiles/cvrp.dir/src/main.cpp.o' failed
[2.827s] make[2]: *** [CMakeFiles/cvrp.dir/src/main.cpp.o] Error 1
[2.987s] CMakeFiles/cvrp.dir/build.make:166: recipe for target 'CMakeFiles/cvrp.dir/src/utils.cpp.o' failed
[2.987s] make[2]: *** [CMakeFiles/cvrp.dir/src/utils.cpp.o] Error 1
[3.028s] make[2]: *** [CMakeFiles/cvrp.dir/src/genetic_algorithm.cpp.o] Error 1
[3.028s] CMakeFiles/cvrp.dir/build.make:88: recipe for target 'CMakeFiles/cvrp.dir/src/genetic_algorithm.cpp.o' failed
[3.028s] CMakeFiles/Makefile2:131: recipe for target 'CMakeFiles/cvrp.dir/all' failed
[3.028s] make[1]: *** [CMakeFiles/cvrp.dir/all] Error 2
[3.028s] Makefile:140: recipe for target 'all' failed
[3.029s] make: *** [all] Error 2
[3.030s] Invoked command in '/home/steags/Documents/Jussieu/M2/MAOA/PDI_Project/ROS2_workspace/build/cvrp' returned '2': CMAKE_PREFIX_PATH=${CMAKE_PREFIX_PATH}:/home/steags/ros2_eloquent/install/ros2bag:/home/steags/ros2_eloquent/install/tracetools_launch:/home/steags/ros2_eloquent/install/topic_monitor:/home/steags/ros2_eloquent/install/examples_tf2_py:/home/steags/ros2_eloquent/install/sros2:/home/steags/ros2_eloquent/install/rqt_topic:/home/steags/ros2_eloquent/install/rqt_reconfigure:/home/steags/ros2_eloquent/install/rqt_action:/home/steags/ros2_eloquent/install/rqt:/home/steags/ros2_eloquent/install/rqt_graph:/home/steags/ros2_eloquent/install/rqt_gui_py:/home/steags/ros2_eloquent/install/rqt_gui:/home/steags/ros2_eloquent/install/ros2trace:/home/steags/ros2_eloquent/install/ros2topic:/home/steags/ros2_eloquent/install/ros2test:/home/steags/ros2_eloquent/install/ros2srv:/home/steags/ros2_eloquent/install/ros2component:/home/steags/ros2_eloquent/install/ros2param:/home/steags/ros2_eloquent/install/ros2lifecycle:/home/steags/ros2_eloquent/install/ros2service:/home/steags/ros2_eloquent/install/ros2run:/home/steags/ros2_eloquent/install/ros2launch:/home/steags/ros2_eloquent/install/ros2pkg:/home/steags/ros2_eloquent/install/ros2node:/home/steags/ros2_eloquent/install/ros2multicast:/home/steags/ros2_eloquent/install/ros2msg:/home/steags/ros2_eloquent/install/ros2interface:/home/steags/ros2_eloquent/install/ros2doctor:/home/steags/ros2_eloquent/install/ros2action:/home/steags/ros2_eloquent/install/ros2cli:/home/steags/ros2_eloquent/install/quality_of_service_demo_py:/home/steags/ros2_eloquent/install/launch_testing_ros:/home/steags/ros2_eloquent/install/launch_ros:/home/steags/ros2_eloquent/install/examples_rclpy_minimal_subscriber:/home/steags/ros2_eloquent/install/examples_rclpy_minimal_service:/home/steags/ros2_eloquent/install/examples_rclpy_minimal_publisher:/home/steags/ros2_eloquent/install/examples_rclpy_minimal_client:/home/steags/ros2_eloquent/install/examples_rclpy_minimal_action_server:/home/steags/ros2_eloquent/install/examples_rclpy_minimal_action_client:/home/steags/ros2_eloquent/install/examples_rclpy_executors:/home/steags/ros2_eloquent/install/demo_nodes_py:/home/steags/ros2_eloquent/install/action_tutorials_py:/home/steags/ros2_eloquent/install/ament_uncrustify:/home/steags/ros2_eloquent/install/tracetools_trace:/home/steags/ros2_eloquent/install/tracetools_read:/home/steags/ros2_eloquent/install/test_launch_ros:/home/steags/ros2_eloquent/install/rosidl_runtime_py:/home/steags/ros2_eloquent/install/launch_yaml:/home/steags/ros2_eloquent/install/launch_xml:/home/steags/ros2_eloquent/install/launch_testing:/home/steags/ros2_eloquent/install/launch:/home/steags/ros2_eloquent/install/osrf_pycommon:/home/steags/ros2_eloquent/install/domain_coordinator:/home/steags/ros2_eloquent/install/ament_xmllint:/home/steags/ros2_eloquent/install/ament_pyflakes:/home/steags/ros2_eloquent/install/ament_pep8:/home/steags/ros2_eloquent/install/ament_pep257:/home/steags/ros2_eloquent/install/ament_pclint:/home/steags/ros2_eloquent/install/ament_package:/home/steags/ros2_eloquent/install/ament_mypy:/home/steags/ros2_eloquent/install/ament_lint_cmake:/home/steags/ros2_eloquent/install/ament_flake8:/home/steags/ros2_eloquent/install/ament_copyright:/home/steags/ros2_eloquent/install/ament_lint:/home/steags/ros2_eloquent/install/ament_index_python:/home/steags/ros2_eloquent/install/ament_cpplint:/home/steags/ros2_eloquent/install/ament_cppcheck:/home/steags/ros2_eloquent/install/ament_clang_tidy:/home/steags/ros2_eloquent/install/ament_clang_format CONDA_PROMPT_MODIFIER=(base) /usr/local/bin/cmake --build /home/steags/Documents/Jussieu/M2/MAOA/PDI_Project/ROS2_workspace/build/cvrp -- -j8 -l8
