[35m[1mScanning dependencies of target cvrp[0m
[ 10%] [32mBuilding CXX object CMakeFiles/cvrp.dir/src/main.cpp.o[0m
[ 20%] [32mBuilding CXX object CMakeFiles/cvrp.dir/src/genetic_algorithm.cpp.o[0m
[ 30%] [32mBuilding CXX object CMakeFiles/cvrp.dir/src/greedy.cpp.o[0m
[ 40%] [32mBuilding CXX object CMakeFiles/cvrp.dir/src/local_search_inter_intra.cpp.o[0m
[ 50%] [32mBuilding CXX object CMakeFiles/cvrp.dir/src/local_search_intra.cpp.o[0m
[ 70%] [32mBuilding CXX object CMakeFiles/cvrp.dir/src/tabu_search.cpp.o[0m
[ 80%] [32mBuilding CXX object CMakeFiles/cvrp.dir/src/utils.cpp.o[0m
[ 80%] [32mBuilding CXX object CMakeFiles/cvrp.dir/src/simulated_annealing.cpp.o[0m
[01m[K/home/steags/Documents/Jussieu/M2/MAOA/PDI_Project/ROS2_workspace/src/cvrp/src/main.cpp:84:1:[m[K [01;31m[Kerror: [m[Kexpected declaration before â€˜[01m[K}[m[Kâ€™ token
 [01;31m[K}[m[K
 [01;31m[K^[m[K
make[2]: *** [CMakeFiles/cvrp.dir/src/main.cpp.o] Error 1
CMakeFiles/cvrp.dir/build.make:62: recipe for target 'CMakeFiles/cvrp.dir/src/main.cpp.o' failed
make[2]: *** Waiting for unfinished jobs....
CMakeFiles/Makefile2:131: recipe for target 'CMakeFiles/cvrp.dir/all' failed
make[1]: *** [CMakeFiles/cvrp.dir/all] Error 2
Makefile:140: recipe for target 'all' failed
make: *** [all] Error 2
